2025-02-18 13:38:04.270 [info] Reading sessions from keychain...
2025-02-18 13:38:04.270 [info] Getting sessions for all scopes...
2025-02-18 13:38:04.270 [info] Getting sessions for all scopes...
2025-02-18 13:38:04.270 [info] Got stored sessions!
2025-02-18 13:38:04.270 [info] Got 1 verified sessions.
2025-02-18 13:38:04.270 [info] Got 1 sessions for ...
2025-02-18 13:38:04.270 [info] Got 1 sessions for ...
2025-02-18 13:38:04.270 [info] Getting sessions for all scopes...
2025-02-18 13:38:04.270 [info] Got 1 sessions for ...
2025-02-18 13:38:04.270 [info] Getting sessions for all scopes...
2025-02-18 13:38:04.270 [info] Got 1 sessions for ...
2025-02-18 13:38:04.270 [info] Getting sessions for all scopes...
2025-02-18 13:38:04.270 [info] Got 1 sessions for ...
2025-02-18 13:38:04.270 [info] Getting sessions for all scopes...
2025-02-18 13:38:04.270 [info] Got 1 sessions for ...
2025-02-18 13:38:04.270 [info] Getting sessions for all scopes...
2025-02-18 13:38:04.270 [info] Got 1 sessions for ...
2025-02-18 13:38:04.270 [info] Getting sessions for all scopes...
2025-02-18 13:38:04.270 [info] Got 1 sessions for ...
2025-02-18 13:38:04.483 [info] Getting sessions for user:email...
2025-02-18 13:38:04.483 [info] Got 1 sessions for user:email...
2025-02-18 13:38:07.533 [info] Getting sessions for all scopes...
2025-02-18 13:38:07.533 [info] Got 1 sessions for ...
2025-02-18 13:38:08.894 [info] Getting sessions for read:user,repo,user:email,workflow...
2025-02-18 13:38:08.894 [info] Got 0 sessions for read:user,repo,user:email,workflow...
2025-02-18 13:38:08.901 [info] Getting sessions for all scopes...
2025-02-18 13:38:08.901 [info] Got 1 sessions for ...
2025-02-18 13:38:08.901 [info] Getting sessions for all scopes...
2025-02-18 13:38:08.901 [info] Got 1 sessions for ...
2025-02-18 13:38:08.916 [info] Getting sessions for read:user...
2025-02-18 13:38:08.917 [info] Got 0 sessions for read:user...
2025-02-18 13:38:08.917 [info] Getting sessions for read:user,repo,user:email,workflow...
2025-02-18 13:38:08.917 [info] Got 0 sessions for read:user,repo,user:email,workflow...
