2025-02-13 14:52:39.697 [info] Name: Black Formatter
2025-02-13 14:52:39.697 [info] Module: black
2025-02-13 14:52:39.697 [info] Default formatter is set to ms-python.black-formatter for workspace /home/gustavo/.config/waybar
2025-02-13 14:52:39.697 [info] Python extension loading
2025-02-13 14:52:39.697 [info] Waiting for interpreter from python extension.
2025-02-13 14:52:39.835 [info] No interpreter found from setting black-formatter.interpreter
2025-02-13 14:52:39.835 [info] Getting interpreter from ms-python.python extension for workspace /home/gustavo/.config/waybar
2025-02-13 14:52:39.836 [info] Python extension loaded
2025-02-13 14:52:39.845 [info] Interpreter from ms-python.python extension for /home/gustavo/.config/waybar: /bin/python
2025-02-13 14:52:39.845 [info] Workspace settings for /home/gustavo/.config/waybar (client side): {
    "cwd": "/home/gustavo/.config/waybar",
    "workspace": "file:///home/gustavo/.config/waybar",
    "args": [],
    "path": [],
    "interpreter": [
        "/bin/python"
    ],
    "importStrategy": "useBundled",
    "showNotifications": "off"
}
2025-02-13 14:52:39.874 [info] No interpreter found from setting black-formatter.interpreter
2025-02-13 14:52:39.874 [info] Getting interpreter from ms-python.python extension for workspace /home/gustavo/.config/waybar
2025-02-13 14:52:39.879 [info] Interpreter from ms-python.python extension for /home/gustavo/.config/waybar: /bin/python
2025-02-13 14:52:39.879 [info] Workspace settings for /home/gustavo/.config/waybar (client side): {
    "cwd": "/home/gustavo/.config/waybar",
    "workspace": "file:///home/gustavo/.config/waybar",
    "args": [],
    "path": [],
    "interpreter": [
        "/bin/python"
    ],
    "importStrategy": "useBundled",
    "showNotifications": "off"
}
2025-02-13 14:52:39.883 [info] Global settings (client side): {
    "cwd": "/home/gustavo/.config/waybar",
    "workspace": "/home/gustavo/.config/waybar",
    "args": [],
    "path": [],
    "interpreter": [],
    "importStrategy": "useBundled",
    "showNotifications": "off"
}
2025-02-13 14:52:39.897 [info] Server run command: /bin/python /home/gustavo/.vscode/extensions/ms-python.black-formatter-2024.6.0/bundled/tool/lsp_server.py
2025-02-13 14:52:39.900 [info] Server: Start requested.
2025-02-13 14:52:40.947 [info] CWD Server: /home/gustavo/.config/waybar
2025-02-13 14:52:40.947 [info] Settings received on server:
[
    {
        "cwd": "/home/gustavo/.config/waybar",
        "workspace": "file:///home/gustavo/.config/waybar",
        "args": [],
        "path": [],
        "interpreter": [
            "/bin/python"
        ],
        "importStrategy": "useBundled",
        "showNotifications": "off"
    }
]

2025-02-13 14:52:40.947 [info] Global settings received on server:
{
    "cwd": "/home/gustavo/.config/waybar",
    "workspace": "/home/gustavo/.config/waybar",
    "args": [],
    "path": [],
    "interpreter": [],
    "importStrategy": "useBundled",
    "showNotifications": "off"
}

2025-02-13 14:52:40.947 [info] sys.path used to run Server:
   /home/gustavo/.vscode/extensions/ms-python.black-formatter-2024.6.0/bundled/libs
   /home/gustavo/.vscode/extensions/ms-python.black-formatter-2024.6.0/bundled/tool
   /usr/lib/python313.zip
   /usr/lib/python3.13
   /usr/lib/python3.13/lib-dynload
   /usr/lib/python3.13/site-packages
2025-02-13 14:52:40.953 [info] /bin/python -m black --version
2025-02-13 14:52:40.953 [info] CWD formatter: /home/gustavo/.config/waybar
2025-02-13 14:52:41.276 [info] Version info for formatter running for /home/gustavo/.config/waybar:
black, 24.8.0 (compiled: no)
Python (CPython) 3.13.1

2025-02-13 14:52:41.276 [info] SUPPORTED black>=22.3.0
FOUND black==24.8.0

