2025-02-16 11:41:12.302 [info] [AutoSync] Using settings sync service https://vscode-sync.trafficmanager.net/
2025-02-16 11:41:12.302 [info] [AutoSync] Enabled.
2025-02-16 11:41:12.302 [info] [AutoSync] Suspended until auth token is available.
2025-02-16 11:41:14.537 [info] [AutoSync] Triggered by Interval
2025-02-16 11:41:14.537 [info] Sync started.
2025-02-16 11:41:15.868 [info] Settings: No changes found during synchronizing settings.
2025-02-16 11:41:15.876 [info] Keybindings: No changes found during synchronizing keybindings.
2025-02-16 11:41:15.878 [info] Snippets: No changes found during synchronizing snippets.
2025-02-16 11:41:15.881 [info] Tasks: No changes found during synchronizing tasks.
2025-02-16 11:41:16.054 [info] GlobalState: No changes found during synchronizing ui state.
2025-02-16 11:41:16.359 [info] Extensions: No changes found during synchronizing extensions.
2025-02-16 11:41:16.362 [info] Profiles: No changes found during synchronizing profiles.
2025-02-16 11:41:16.364 [info] Syncing profile. java
2025-02-16 11:41:16.471 [info] Settings (java): No changes found during synchronizing settings.
2025-02-16 11:41:16.476 [info] Keybindings (java): No changes found during synchronizing keybindings.
2025-02-16 11:41:16.478 [info] Snippets (java): No changes found during synchronizing snippets.
2025-02-16 11:41:16.480 [info] Tasks (java): No changes found during synchronizing tasks.
2025-02-16 11:41:18.001 [info] GlobalState (java): No changes found during synchronizing ui state.
2025-02-16 11:41:18.086 [info] Extensions (java): No changes found during synchronizing extensions.
2025-02-16 11:41:18.087 [info] Sync done. Took 3551ms
2025-02-16 11:41:31.395 [info] [AutoSync] Triggered by Activity
2025-02-16 11:41:31.395 [info] Sync started.
2025-02-16 11:41:31.585 [info] Settings: No changes found during synchronizing settings.
2025-02-16 11:41:31.587 [info] Keybindings: No changes found during synchronizing keybindings.
2025-02-16 11:41:31.589 [info] Snippets: No changes found during synchronizing snippets.
2025-02-16 11:41:31.591 [info] Tasks: No changes found during synchronizing tasks.
2025-02-16 11:41:31.596 [info] GlobalState: No changes found during synchronizing ui state.
2025-02-16 11:41:31.656 [info] Extensions: No changes found during synchronizing extensions.
2025-02-16 11:41:31.657 [info] Profiles: No changes found during synchronizing profiles.
2025-02-16 11:41:31.658 [info] Syncing profile. java
2025-02-16 11:41:31.671 [info] Settings (java): No changes found during synchronizing settings.
2025-02-16 11:41:31.675 [info] Keybindings (java): No changes found during synchronizing keybindings.
2025-02-16 11:41:31.677 [info] Snippets (java): No changes found during synchronizing snippets.
2025-02-16 11:41:31.679 [info] Tasks (java): No changes found during synchronizing tasks.
2025-02-16 11:41:31.682 [info] GlobalState (java): No changes found during synchronizing ui state.
2025-02-16 11:41:31.804 [info] Extensions (java): No changes found during synchronizing extensions.
2025-02-16 11:41:31.805 [info] Sync done. Took 410ms
2025-02-16 11:41:51.001 [info] [AutoSync] Triggered by Activity
2025-02-16 11:41:51.001 [info] Sync started.
2025-02-16 11:41:51.185 [info] Settings: No changes found during synchronizing settings.
2025-02-16 11:41:51.189 [info] Keybindings: No changes found during synchronizing keybindings.
2025-02-16 11:41:51.193 [info] Snippets: No changes found during synchronizing snippets.
2025-02-16 11:41:51.196 [info] Tasks: No changes found during synchronizing tasks.
2025-02-16 11:41:51.202 [info] GlobalState: No changes found during synchronizing ui state.
2025-02-16 11:41:51.291 [info] Extensions: No changes found during synchronizing extensions.
2025-02-16 11:41:51.293 [info] Profiles: No changes found during synchronizing profiles.
2025-02-16 11:41:51.294 [info] Syncing profile. java
2025-02-16 11:41:51.314 [info] Settings (java): No changes found during synchronizing settings.
2025-02-16 11:41:51.317 [info] Keybindings (java): No changes found during synchronizing keybindings.
2025-02-16 11:41:51.319 [info] Snippets (java): No changes found during synchronizing snippets.
2025-02-16 11:41:51.321 [info] Tasks (java): No changes found during synchronizing tasks.
2025-02-16 11:41:51.325 [info] GlobalState (java): No changes found during synchronizing ui state.
2025-02-16 11:41:51.417 [info] Extensions (java): No changes found during synchronizing extensions.
2025-02-16 11:41:51.418 [info] Sync done. Took 418ms
2025-02-16 11:42:29.877 [info] [AutoSync] Triggered by Activity
2025-02-16 11:42:29.878 [info] Sync started.
2025-02-16 11:42:30.076 [info] Settings: No changes found during synchronizing settings.
2025-02-16 11:42:30.083 [info] Keybindings: No changes found during synchronizing keybindings.
2025-02-16 11:42:30.087 [info] Snippets: No changes found during synchronizing snippets.
2025-02-16 11:42:30.089 [info] Tasks: No changes found during synchronizing tasks.
2025-02-16 11:42:30.094 [info] GlobalState: No changes found during synchronizing ui state.
2025-02-16 11:42:30.175 [info] Extensions: No changes found during synchronizing extensions.
2025-02-16 11:42:30.176 [info] Profiles: No changes found during synchronizing profiles.
2025-02-16 11:42:30.177 [info] Syncing profile. java
2025-02-16 11:42:30.201 [info] Settings (java): No changes found during synchronizing settings.
2025-02-16 11:42:30.204 [info] Keybindings (java): No changes found during synchronizing keybindings.
2025-02-16 11:42:30.208 [info] Snippets (java): No changes found during synchronizing snippets.
2025-02-16 11:42:30.211 [info] Tasks (java): No changes found during synchronizing tasks.
2025-02-16 11:42:30.215 [info] GlobalState (java): No changes found during synchronizing ui state.
2025-02-16 11:42:30.305 [info] Extensions (java): No changes found during synchronizing extensions.
2025-02-16 11:42:30.306 [info] Sync done. Took 430ms
2025-02-16 11:43:23.021 [info] [AutoSync] Triggered by Activity
2025-02-16 11:43:23.022 [info] Sync started.
2025-02-16 11:43:23.204 [info] Settings: No changes found during synchronizing settings.
2025-02-16 11:43:23.207 [info] Keybindings: No changes found during synchronizing keybindings.
2025-02-16 11:43:23.209 [info] Snippets: No changes found during synchronizing snippets.
2025-02-16 11:43:23.211 [info] Tasks: No changes found during synchronizing tasks.
2025-02-16 11:43:23.217 [info] GlobalState: No changes found during synchronizing ui state.
2025-02-16 11:43:23.286 [info] Extensions: No changes found during synchronizing extensions.
2025-02-16 11:43:23.288 [info] Profiles: No changes found during synchronizing profiles.
2025-02-16 11:43:23.288 [info] Syncing profile. java
2025-02-16 11:43:23.301 [info] Settings (java): No changes found during synchronizing settings.
2025-02-16 11:43:23.303 [info] Keybindings (java): No changes found during synchronizing keybindings.
2025-02-16 11:43:23.306 [info] Snippets (java): No changes found during synchronizing snippets.
2025-02-16 11:43:23.308 [info] Tasks (java): No changes found during synchronizing tasks.
2025-02-16 11:43:23.311 [info] GlobalState (java): No changes found during synchronizing ui state.
2025-02-16 11:43:23.406 [info] Extensions (java): No changes found during synchronizing extensions.
2025-02-16 11:43:23.407 [info] Sync done. Took 387ms
2025-02-16 11:44:24.920 [info] [AutoSync] Triggered by Activity
2025-02-16 11:44:24.920 [info] Sync started.
2025-02-16 11:44:25.098 [info] Settings: No changes found during synchronizing settings.
2025-02-16 11:44:25.101 [info] Keybindings: No changes found during synchronizing keybindings.
2025-02-16 11:44:25.103 [info] Snippets: No changes found during synchronizing snippets.
2025-02-16 11:44:25.106 [info] Tasks: No changes found during synchronizing tasks.
2025-02-16 11:44:25.113 [info] GlobalState: No changes found during synchronizing ui state.
2025-02-16 11:44:25.179 [info] Extensions: No changes found during synchronizing extensions.
2025-02-16 11:44:25.180 [info] Profiles: No changes found during synchronizing profiles.
2025-02-16 11:44:25.180 [info] Syncing profile. java
2025-02-16 11:44:25.192 [info] Settings (java): No changes found during synchronizing settings.
2025-02-16 11:44:25.194 [info] Keybindings (java): No changes found during synchronizing keybindings.
2025-02-16 11:44:25.196 [info] Snippets (java): No changes found during synchronizing snippets.
2025-02-16 11:44:25.198 [info] Tasks (java): No changes found during synchronizing tasks.
2025-02-16 11:44:25.201 [info] GlobalState (java): No changes found during synchronizing ui state.
2025-02-16 11:44:25.296 [info] Extensions (java): No changes found during synchronizing extensions.
2025-02-16 11:44:25.297 [info] Sync done. Took 379ms
2025-02-16 11:44:41.977 [info] [AutoSync] Triggered by Activity
2025-02-16 11:44:41.977 [info] Sync started.
2025-02-16 11:44:42.161 [info] Settings: No changes found during synchronizing settings.
2025-02-16 11:44:42.165 [info] Keybindings: No changes found during synchronizing keybindings.
2025-02-16 11:44:42.167 [info] Snippets: No changes found during synchronizing snippets.
2025-02-16 11:44:42.169 [info] Tasks: No changes found during synchronizing tasks.
2025-02-16 11:44:42.173 [info] GlobalState: No changes found during synchronizing ui state.
2025-02-16 11:44:42.242 [info] Extensions: No changes found during synchronizing extensions.
2025-02-16 11:44:42.246 [info] Profiles: No changes found during synchronizing profiles.
2025-02-16 11:44:42.247 [info] Syncing profile. java
2025-02-16 11:44:42.264 [info] Settings (java): No changes found during synchronizing settings.
2025-02-16 11:44:42.267 [info] Keybindings (java): No changes found during synchronizing keybindings.
2025-02-16 11:44:42.269 [info] Snippets (java): No changes found during synchronizing snippets.
2025-02-16 11:44:42.271 [info] Tasks (java): No changes found during synchronizing tasks.
2025-02-16 11:44:42.274 [info] GlobalState (java): No changes found during synchronizing ui state.
2025-02-16 11:44:42.348 [info] Extensions (java): No changes found during synchronizing extensions.
2025-02-16 11:44:42.350 [info] Sync done. Took 374ms
2025-02-16 11:45:04.195 [info] [AutoSync] Triggered by Activity
2025-02-16 11:45:04.196 [info] Sync started.
2025-02-16 11:45:04.402 [info] Settings: No changes found during synchronizing settings.
2025-02-16 11:45:04.404 [info] Keybindings: No changes found during synchronizing keybindings.
2025-02-16 11:45:04.407 [info] Snippets: No changes found during synchronizing snippets.
2025-02-16 11:45:04.409 [info] Tasks: No changes found during synchronizing tasks.
2025-02-16 11:45:04.414 [info] GlobalState: No changes found during synchronizing ui state.
2025-02-16 11:45:04.485 [info] Extensions: No changes found during synchronizing extensions.
2025-02-16 11:45:04.487 [info] Profiles: No changes found during synchronizing profiles.
2025-02-16 11:45:04.488 [info] Syncing profile. java
2025-02-16 11:45:04.503 [info] Settings (java): No changes found during synchronizing settings.
2025-02-16 11:45:04.506 [info] Keybindings (java): No changes found during synchronizing keybindings.
2025-02-16 11:45:04.507 [info] Snippets (java): No changes found during synchronizing snippets.
2025-02-16 11:45:04.509 [info] Tasks (java): No changes found during synchronizing tasks.
2025-02-16 11:45:04.511 [info] GlobalState (java): No changes found during synchronizing ui state.
2025-02-16 11:45:04.593 [info] Extensions (java): No changes found during synchronizing extensions.
2025-02-16 11:45:04.594 [info] Sync done. Took 399ms
2025-02-16 11:45:19.982 [info] [AutoSync] Triggered by Activity
2025-02-16 11:45:19.982 [info] Sync started.
2025-02-16 11:45:20.166 [info] Settings: No changes found during synchronizing settings.
2025-02-16 11:45:20.169 [info] Keybindings: No changes found during synchronizing keybindings.
2025-02-16 11:45:20.171 [info] Snippets: No changes found during synchronizing snippets.
2025-02-16 11:45:20.173 [info] Tasks: No changes found during synchronizing tasks.
2025-02-16 11:45:20.178 [info] GlobalState: No changes found during synchronizing ui state.
2025-02-16 11:45:20.238 [info] Extensions: No changes found during synchronizing extensions.
2025-02-16 11:45:20.239 [info] Profiles: No changes found during synchronizing profiles.
2025-02-16 11:45:20.240 [info] Syncing profile. java
2025-02-16 11:45:20.254 [info] Settings (java): No changes found during synchronizing settings.
2025-02-16 11:45:20.256 [info] Keybindings (java): No changes found during synchronizing keybindings.
2025-02-16 11:45:20.258 [info] Snippets (java): No changes found during synchronizing snippets.
2025-02-16 11:45:20.260 [info] Tasks (java): No changes found during synchronizing tasks.
2025-02-16 11:45:20.263 [info] GlobalState (java): No changes found during synchronizing ui state.
2025-02-16 11:45:20.340 [info] Extensions (java): No changes found during synchronizing extensions.
2025-02-16 11:45:20.341 [info] Sync done. Took 361ms
2025-02-16 11:45:39.375 [info] [AutoSync] Triggered by Activity
2025-02-16 11:45:39.375 [info] Sync started.
2025-02-16 11:45:39.553 [info] Settings: No changes found during synchronizing settings.
2025-02-16 11:45:39.557 [info] Keybindings: No changes found during synchronizing keybindings.
2025-02-16 11:45:39.561 [info] Snippets: No changes found during synchronizing snippets.
2025-02-16 11:45:39.563 [info] Tasks: No changes found during synchronizing tasks.
2025-02-16 11:45:39.570 [info] GlobalState: No changes found during synchronizing ui state.
2025-02-16 11:45:39.648 [info] Extensions: No changes found during synchronizing extensions.
2025-02-16 11:45:39.650 [info] Profiles: No changes found during synchronizing profiles.
2025-02-16 11:45:39.650 [info] Syncing profile. java
2025-02-16 11:45:39.669 [info] Settings (java): No changes found during synchronizing settings.
2025-02-16 11:45:39.672 [info] Keybindings (java): No changes found during synchronizing keybindings.
2025-02-16 11:45:39.674 [info] Snippets (java): No changes found during synchronizing snippets.
2025-02-16 11:45:39.676 [info] Tasks (java): No changes found during synchronizing tasks.
2025-02-16 11:45:39.680 [info] GlobalState (java): No changes found during synchronizing ui state.
2025-02-16 11:45:39.760 [info] Extensions (java): No changes found during synchronizing extensions.
2025-02-16 11:45:39.762 [info] Sync done. Took 388ms
2025-02-16 11:45:53.278 [info] [AutoSync] Triggered by Activity
2025-02-16 11:45:53.278 [info] Sync started.
2025-02-16 11:45:53.470 [info] Settings: No changes found during synchronizing settings.
2025-02-16 11:45:53.473 [info] Keybindings: No changes found during synchronizing keybindings.
2025-02-16 11:45:53.475 [info] Snippets: No changes found during synchronizing snippets.
2025-02-16 11:45:53.477 [info] Tasks: No changes found during synchronizing tasks.
2025-02-16 11:45:53.482 [info] GlobalState: No changes found during synchronizing ui state.
2025-02-16 11:45:53.558 [info] Extensions: No changes found during synchronizing extensions.
2025-02-16 11:45:53.559 [info] Profiles: No changes found during synchronizing profiles.
2025-02-16 11:45:53.561 [info] Syncing profile. java
2025-02-16 11:45:53.578 [info] Settings (java): No changes found during synchronizing settings.
2025-02-16 11:45:53.582 [info] Keybindings (java): No changes found during synchronizing keybindings.
2025-02-16 11:45:53.584 [info] Snippets (java): No changes found during synchronizing snippets.
2025-02-16 11:45:53.586 [info] Tasks (java): No changes found during synchronizing tasks.
2025-02-16 11:45:53.589 [info] GlobalState (java): No changes found during synchronizing ui state.
2025-02-16 11:45:53.678 [info] Extensions (java): No changes found during synchronizing extensions.
2025-02-16 11:45:53.679 [info] Sync done. Took 402ms
2025-02-16 11:46:08.730 [info] [AutoSync] Triggered by Activity
2025-02-16 11:46:08.731 [info] Sync started.
2025-02-16 11:46:08.911 [info] Settings: No changes found during synchronizing settings.
2025-02-16 11:46:08.914 [info] Keybindings: No changes found during synchronizing keybindings.
2025-02-16 11:46:08.916 [info] Snippets: No changes found during synchronizing snippets.
2025-02-16 11:46:08.918 [info] Tasks: No changes found during synchronizing tasks.
2025-02-16 11:46:08.923 [info] GlobalState: No changes found during synchronizing ui state.
2025-02-16 11:46:08.976 [info] Extensions: No changes found during synchronizing extensions.
2025-02-16 11:46:08.977 [info] Profiles: No changes found during synchronizing profiles.
2025-02-16 11:46:08.978 [info] Syncing profile. java
2025-02-16 11:46:08.988 [info] Settings (java): No changes found during synchronizing settings.
2025-02-16 11:46:08.991 [info] Keybindings (java): No changes found during synchronizing keybindings.
2025-02-16 11:46:08.992 [info] Snippets (java): No changes found during synchronizing snippets.
2025-02-16 11:46:08.994 [info] Tasks (java): No changes found during synchronizing tasks.
2025-02-16 11:46:08.997 [info] GlobalState (java): No changes found during synchronizing ui state.
2025-02-16 11:46:09.080 [info] Extensions (java): No changes found during synchronizing extensions.
2025-02-16 11:46:09.081 [info] Sync done. Took 351ms
2025-02-16 11:46:31.359 [info] [AutoSync] Triggered by Activity
2025-02-16 11:46:31.360 [info] Sync started.
2025-02-16 11:46:31.541 [info] Settings: No changes found during synchronizing settings.
2025-02-16 11:46:31.544 [info] Keybindings: No changes found during synchronizing keybindings.
2025-02-16 11:46:31.546 [info] Snippets: No changes found during synchronizing snippets.
2025-02-16 11:46:31.548 [info] Tasks: No changes found during synchronizing tasks.
2025-02-16 11:46:31.553 [info] GlobalState: No changes found during synchronizing ui state.
2025-02-16 11:46:31.642 [info] Extensions: No changes found during synchronizing extensions.
2025-02-16 11:46:31.644 [info] Profiles: No changes found during synchronizing profiles.
2025-02-16 11:46:31.646 [info] Syncing profile. java
2025-02-16 11:46:31.660 [info] Settings (java): No changes found during synchronizing settings.
2025-02-16 11:46:31.663 [info] Keybindings (java): No changes found during synchronizing keybindings.
2025-02-16 11:46:31.665 [info] Snippets (java): No changes found during synchronizing snippets.
2025-02-16 11:46:31.668 [info] Tasks (java): No changes found during synchronizing tasks.
2025-02-16 11:46:31.671 [info] GlobalState (java): No changes found during synchronizing ui state.
2025-02-16 11:46:31.783 [info] Extensions (java): No changes found during synchronizing extensions.
2025-02-16 11:46:31.785 [info] Sync done. Took 426ms
2025-02-16 11:46:46.774 [info] [AutoSync] Triggered by Activity
2025-02-16 11:46:46.774 [info] Sync started.
2025-02-16 11:46:46.947 [info] Settings: No changes found during synchronizing settings.
2025-02-16 11:46:46.950 [info] Keybindings: No changes found during synchronizing keybindings.
2025-02-16 11:46:46.954 [info] Snippets: No changes found during synchronizing snippets.
2025-02-16 11:46:46.956 [info] Tasks: No changes found during synchronizing tasks.
2025-02-16 11:46:46.962 [info] GlobalState: No changes found during synchronizing ui state.
2025-02-16 11:46:47.059 [info] Extensions: No changes found during synchronizing extensions.
2025-02-16 11:46:47.060 [info] Profiles: No changes found during synchronizing profiles.
2025-02-16 11:46:47.060 [info] Syncing profile. java
2025-02-16 11:46:47.080 [info] Settings (java): No changes found during synchronizing settings.
2025-02-16 11:46:47.083 [info] Keybindings (java): No changes found during synchronizing keybindings.
2025-02-16 11:46:47.085 [info] Snippets (java): No changes found during synchronizing snippets.
2025-02-16 11:46:47.087 [info] Tasks (java): No changes found during synchronizing tasks.
2025-02-16 11:46:47.091 [info] GlobalState (java): No changes found during synchronizing ui state.
2025-02-16 11:46:47.168 [info] Extensions (java): No changes found during synchronizing extensions.
2025-02-16 11:46:47.169 [info] Sync done. Took 396ms
2025-02-16 11:47:03.361 [info] [AutoSync] Triggered by Activity
2025-02-16 11:47:03.361 [info] Sync started.
2025-02-16 11:47:03.537 [info] Settings: No changes found during synchronizing settings.
2025-02-16 11:47:03.540 [info] Keybindings: No changes found during synchronizing keybindings.
2025-02-16 11:47:03.542 [info] Snippets: No changes found during synchronizing snippets.
2025-02-16 11:47:03.544 [info] Tasks: No changes found during synchronizing tasks.
2025-02-16 11:47:03.549 [info] GlobalState: No changes found during synchronizing ui state.
2025-02-16 11:47:03.605 [info] Extensions: No changes found during synchronizing extensions.
2025-02-16 11:47:03.606 [info] Profiles: No changes found during synchronizing profiles.
2025-02-16 11:47:03.607 [info] Syncing profile. java
2025-02-16 11:47:03.619 [info] Settings (java): No changes found during synchronizing settings.
2025-02-16 11:47:03.622 [info] Keybindings (java): No changes found during synchronizing keybindings.
2025-02-16 11:47:03.624 [info] Snippets (java): No changes found during synchronizing snippets.
2025-02-16 11:47:03.626 [info] Tasks (java): No changes found during synchronizing tasks.
2025-02-16 11:47:03.629 [info] GlobalState (java): No changes found during synchronizing ui state.
2025-02-16 11:47:03.714 [info] Extensions (java): No changes found during synchronizing extensions.
2025-02-16 11:47:03.718 [info] Sync done. Took 358ms
2025-02-16 11:47:15.274 [info] [AutoSync] Triggered by Activity
2025-02-16 11:47:15.274 [info] Sync started.
2025-02-16 11:47:15.475 [info] Settings: No changes found during synchronizing settings.
2025-02-16 11:47:15.478 [info] Keybindings: No changes found during synchronizing keybindings.
2025-02-16 11:47:15.480 [info] Snippets: No changes found during synchronizing snippets.
2025-02-16 11:47:15.484 [info] Tasks: No changes found during synchronizing tasks.
2025-02-16 11:47:15.489 [info] GlobalState: No changes found during synchronizing ui state.
2025-02-16 11:47:15.569 [info] Extensions: No changes found during synchronizing extensions.
2025-02-16 11:47:15.570 [info] Profiles: No changes found during synchronizing profiles.
2025-02-16 11:47:15.571 [info] Syncing profile. java
2025-02-16 11:47:15.593 [info] Settings (java): No changes found during synchronizing settings.
2025-02-16 11:47:15.597 [info] Keybindings (java): No changes found during synchronizing keybindings.
2025-02-16 11:47:15.599 [info] Snippets (java): No changes found during synchronizing snippets.
2025-02-16 11:47:15.600 [info] Tasks (java): No changes found during synchronizing tasks.
2025-02-16 11:47:15.603 [info] GlobalState (java): No changes found during synchronizing ui state.
2025-02-16 11:47:15.681 [info] Extensions (java): No changes found during synchronizing extensions.
2025-02-16 11:47:15.682 [info] Sync done. Took 409ms
2025-02-16 11:47:41.025 [info] [AutoSync] Triggered by Activity
2025-02-16 11:47:41.026 [info] Sync started.
2025-02-16 11:47:41.204 [info] Settings: No changes found during synchronizing settings.
2025-02-16 11:47:41.207 [info] Keybindings: No changes found during synchronizing keybindings.
2025-02-16 11:47:41.210 [info] Snippets: No changes found during synchronizing snippets.
2025-02-16 11:47:41.212 [info] Tasks: No changes found during synchronizing tasks.
2025-02-16 11:47:41.221 [info] GlobalState: No changes found during synchronizing ui state.
2025-02-16 11:47:41.288 [info] Extensions: No changes found during synchronizing extensions.
2025-02-16 11:47:41.289 [info] Profiles: No changes found during synchronizing profiles.
2025-02-16 11:47:41.290 [info] Syncing profile. java
2025-02-16 11:47:41.303 [info] Settings (java): No changes found during synchronizing settings.
2025-02-16 11:47:41.305 [info] Keybindings (java): No changes found during synchronizing keybindings.
2025-02-16 11:47:41.306 [info] Snippets (java): No changes found during synchronizing snippets.
2025-02-16 11:47:41.307 [info] Tasks (java): No changes found during synchronizing tasks.
2025-02-16 11:47:41.310 [info] GlobalState (java): No changes found during synchronizing ui state.
2025-02-16 11:47:41.382 [info] Extensions (java): No changes found during synchronizing extensions.
2025-02-16 11:47:41.382 [info] Sync done. Took 358ms
2025-02-16 11:47:54.050 [info] [AutoSync] Triggered by Activity
2025-02-16 11:47:54.050 [info] Sync started.
2025-02-16 11:47:54.235 [info] Settings: No changes found during synchronizing settings.
2025-02-16 11:47:54.238 [info] Keybindings: No changes found during synchronizing keybindings.
2025-02-16 11:47:54.241 [info] Snippets: No changes found during synchronizing snippets.
2025-02-16 11:47:54.243 [info] Tasks: No changes found during synchronizing tasks.
2025-02-16 11:47:54.250 [info] GlobalState: No changes found during synchronizing ui state.
2025-02-16 11:47:54.335 [info] Extensions: No changes found during synchronizing extensions.
2025-02-16 11:47:54.338 [info] Profiles: No changes found during synchronizing profiles.
2025-02-16 11:47:54.339 [info] Syncing profile. java
2025-02-16 11:47:54.352 [info] Settings (java): No changes found during synchronizing settings.
2025-02-16 11:47:54.355 [info] Keybindings (java): No changes found during synchronizing keybindings.
2025-02-16 11:47:54.357 [info] Snippets (java): No changes found during synchronizing snippets.
2025-02-16 11:47:54.359 [info] Tasks (java): No changes found during synchronizing tasks.
2025-02-16 11:47:54.361 [info] GlobalState (java): No changes found during synchronizing ui state.
2025-02-16 11:47:54.443 [info] Extensions (java): No changes found during synchronizing extensions.
2025-02-16 11:47:54.444 [info] Sync done. Took 395ms
2025-02-16 11:48:39.753 [info] [AutoSync] Triggered by Activity
2025-02-16 11:48:39.753 [info] Sync started.
2025-02-16 11:48:39.922 [info] Settings: No changes found during synchronizing settings.
2025-02-16 11:48:39.926 [info] Keybindings: No changes found during synchronizing keybindings.
2025-02-16 11:48:39.928 [info] Snippets: No changes found during synchronizing snippets.
2025-02-16 11:48:39.931 [info] Tasks: No changes found during synchronizing tasks.
2025-02-16 11:48:39.936 [info] GlobalState: No changes found during synchronizing ui state.
2025-02-16 11:48:40.009 [info] Extensions: No changes found during synchronizing extensions.
2025-02-16 11:48:40.011 [info] Profiles: No changes found during synchronizing profiles.
2025-02-16 11:48:40.012 [info] Syncing profile. java
2025-02-16 11:48:40.034 [info] Settings (java): No changes found during synchronizing settings.
2025-02-16 11:48:40.037 [info] Keybindings (java): No changes found during synchronizing keybindings.
2025-02-16 11:48:40.040 [info] Snippets (java): No changes found during synchronizing snippets.
2025-02-16 11:48:40.042 [info] Tasks (java): No changes found during synchronizing tasks.
2025-02-16 11:48:40.047 [info] GlobalState (java): No changes found during synchronizing ui state.
2025-02-16 11:48:40.141 [info] Extensions (java): No changes found during synchronizing extensions.
2025-02-16 11:48:40.142 [info] Sync done. Took 391ms
2025-02-16 11:48:56.266 [info] [AutoSync] Triggered by Activity
2025-02-16 11:48:56.266 [info] Sync started.
2025-02-16 11:48:56.450 [info] Settings: No changes found during synchronizing settings.
2025-02-16 11:48:56.453 [info] Keybindings: No changes found during synchronizing keybindings.
2025-02-16 11:48:56.456 [info] Snippets: No changes found during synchronizing snippets.
2025-02-16 11:48:56.458 [info] Tasks: No changes found during synchronizing tasks.
2025-02-16 11:48:56.464 [info] GlobalState: No changes found during synchronizing ui state.
2025-02-16 11:48:56.547 [info] Extensions: No changes found during synchronizing extensions.
2025-02-16 11:48:56.549 [info] Profiles: No changes found during synchronizing profiles.
2025-02-16 11:48:56.550 [info] Syncing profile. java
2025-02-16 11:48:56.563 [info] Settings (java): No changes found during synchronizing settings.
2025-02-16 11:48:56.566 [info] Keybindings (java): No changes found during synchronizing keybindings.
2025-02-16 11:48:56.569 [info] Snippets (java): No changes found during synchronizing snippets.
2025-02-16 11:48:56.571 [info] Tasks (java): No changes found during synchronizing tasks.
2025-02-16 11:48:56.574 [info] GlobalState (java): No changes found during synchronizing ui state.
2025-02-16 11:48:56.659 [info] Extensions (java): No changes found during synchronizing extensions.
2025-02-16 11:48:56.667 [info] Sync done. Took 402ms
2025-02-16 11:50:10.514 [info] [AutoSync] Triggered by Activity
2025-02-16 11:50:10.514 [info] Sync started.
2025-02-16 11:50:10.694 [info] Settings: No changes found during synchronizing settings.
2025-02-16 11:50:10.697 [info] Keybindings: No changes found during synchronizing keybindings.
2025-02-16 11:50:10.699 [info] Snippets: No changes found during synchronizing snippets.
2025-02-16 11:50:10.701 [info] Tasks: No changes found during synchronizing tasks.
2025-02-16 11:50:10.706 [info] GlobalState: No changes found during synchronizing ui state.
2025-02-16 11:50:10.772 [info] Extensions: No changes found during synchronizing extensions.
2025-02-16 11:50:10.773 [info] Profiles: No changes found during synchronizing profiles.
2025-02-16 11:50:10.774 [info] Syncing profile. java
2025-02-16 11:50:10.787 [info] Settings (java): No changes found during synchronizing settings.
2025-02-16 11:50:10.789 [info] Keybindings (java): No changes found during synchronizing keybindings.
2025-02-16 11:50:10.791 [info] Snippets (java): No changes found during synchronizing snippets.
2025-02-16 11:50:10.793 [info] Tasks (java): No changes found during synchronizing tasks.
2025-02-16 11:50:10.796 [info] GlobalState (java): No changes found during synchronizing ui state.
2025-02-16 11:50:10.864 [info] Extensions (java): No changes found during synchronizing extensions.
2025-02-16 11:50:10.865 [info] Sync done. Took 351ms
2025-02-16 11:55:10.867 [info] [AutoSync] Triggered by Interval
2025-02-16 11:55:10.868 [info] Sync started.
2025-02-16 11:55:11.983 [info] Settings: No changes found during synchronizing settings.
2025-02-16 11:55:11.986 [info] Keybindings: No changes found during synchronizing keybindings.
2025-02-16 11:55:11.988 [info] Snippets: No changes found during synchronizing snippets.
2025-02-16 11:55:11.990 [info] Tasks: No changes found during synchronizing tasks.
2025-02-16 11:55:11.996 [info] GlobalState: No changes found during synchronizing ui state.
2025-02-16 11:55:12.061 [info] Extensions: No changes found during synchronizing extensions.
2025-02-16 11:55:12.062 [info] Profiles: No changes found during synchronizing profiles.
2025-02-16 11:55:12.063 [info] Syncing profile. java
2025-02-16 11:55:12.077 [info] Settings (java): No changes found during synchronizing settings.
2025-02-16 11:55:12.080 [info] Keybindings (java): No changes found during synchronizing keybindings.
2025-02-16 11:55:12.081 [info] Snippets (java): No changes found during synchronizing snippets.
2025-02-16 11:55:12.083 [info] Tasks (java): No changes found during synchronizing tasks.
2025-02-16 11:55:12.086 [info] GlobalState (java): No changes found during synchronizing ui state.
2025-02-16 11:55:12.173 [info] Extensions (java): No changes found during synchronizing extensions.
2025-02-16 11:55:12.174 [info] Sync done. Took 1308ms
2025-02-16 11:56:19.652 [info] [AutoSync] Triggered by Activity
2025-02-16 11:56:19.652 [info] Sync started.
2025-02-16 11:56:19.845 [info] Settings: No changes found during synchronizing settings.
2025-02-16 11:56:19.848 [info] Keybindings: No changes found during synchronizing keybindings.
2025-02-16 11:56:19.851 [info] Snippets: No changes found during synchronizing snippets.
2025-02-16 11:56:19.853 [info] Tasks: No changes found during synchronizing tasks.
2025-02-16 11:56:19.859 [info] GlobalState: No changes found during synchronizing ui state.
2025-02-16 11:56:19.936 [info] Extensions: No changes found during synchronizing extensions.
2025-02-16 11:56:19.939 [info] Profiles: No changes found during synchronizing profiles.
2025-02-16 11:56:19.941 [info] Syncing profile. java
2025-02-16 11:56:19.958 [info] Settings (java): No changes found during synchronizing settings.
2025-02-16 11:56:19.960 [info] Keybindings (java): No changes found during synchronizing keybindings.
2025-02-16 11:56:19.962 [info] Snippets (java): No changes found during synchronizing snippets.
2025-02-16 11:56:19.964 [info] Tasks (java): No changes found during synchronizing tasks.
2025-02-16 11:56:19.968 [info] GlobalState (java): No changes found during synchronizing ui state.
2025-02-16 11:56:20.067 [info] Extensions (java): No changes found during synchronizing extensions.
2025-02-16 11:56:20.068 [info] Sync done. Took 416ms
2025-02-16 11:56:52.090 [info] [AutoSync] Triggered by Activity
2025-02-16 11:56:52.091 [info] Sync started.
2025-02-16 11:56:52.282 [info] Settings: No changes found during synchronizing settings.
2025-02-16 11:56:52.286 [info] Keybindings: No changes found during synchronizing keybindings.
2025-02-16 11:56:52.290 [info] Snippets: No changes found during synchronizing snippets.
2025-02-16 11:56:52.292 [info] Tasks: No changes found during synchronizing tasks.
2025-02-16 11:56:52.296 [info] GlobalState: No changes found during synchronizing ui state.
2025-02-16 11:56:52.371 [info] Extensions: No changes found during synchronizing extensions.
2025-02-16 11:56:52.372 [info] Profiles: No changes found during synchronizing profiles.
2025-02-16 11:56:52.373 [info] Syncing profile. java
2025-02-16 11:56:52.388 [info] Settings (java): No changes found during synchronizing settings.
2025-02-16 11:56:52.390 [info] Keybindings (java): No changes found during synchronizing keybindings.
2025-02-16 11:56:52.392 [info] Snippets (java): No changes found during synchronizing snippets.
2025-02-16 11:56:52.395 [info] Tasks (java): No changes found during synchronizing tasks.
2025-02-16 11:56:52.398 [info] GlobalState (java): No changes found during synchronizing ui state.
2025-02-16 11:56:52.476 [info] Extensions (java): No changes found during synchronizing extensions.
2025-02-16 11:56:52.477 [info] Sync done. Took 387ms
2025-02-16 11:57:14.973 [info] [AutoSync] Triggered by Activity
2025-02-16 11:57:14.974 [info] Sync started.
2025-02-16 11:57:15.151 [info] Settings: No changes found during synchronizing settings.
2025-02-16 11:57:15.154 [info] Keybindings: No changes found during synchronizing keybindings.
2025-02-16 11:57:15.157 [info] Snippets: No changes found during synchronizing snippets.
2025-02-16 11:57:15.160 [info] Tasks: No changes found during synchronizing tasks.
2025-02-16 11:57:15.165 [info] GlobalState: No changes found during synchronizing ui state.
2025-02-16 11:57:15.242 [info] Extensions: No changes found during synchronizing extensions.
2025-02-16 11:57:15.245 [info] Profiles: No changes found during synchronizing profiles.
2025-02-16 11:57:15.246 [info] Syncing profile. java
2025-02-16 11:57:15.262 [info] Settings (java): No changes found during synchronizing settings.
2025-02-16 11:57:15.265 [info] Keybindings (java): No changes found during synchronizing keybindings.
2025-02-16 11:57:15.268 [info] Snippets (java): No changes found during synchronizing snippets.
2025-02-16 11:57:15.270 [info] Tasks (java): No changes found during synchronizing tasks.
2025-02-16 11:57:15.273 [info] GlobalState (java): No changes found during synchronizing ui state.
2025-02-16 11:57:15.365 [info] Extensions (java): No changes found during synchronizing extensions.
2025-02-16 11:57:15.366 [info] Sync done. Took 393ms
2025-02-16 11:58:17.946 [info] [AutoSync] Triggered by Activity
2025-02-16 11:58:17.946 [info] Sync started.
2025-02-16 11:58:18.126 [info] Settings: No changes found during synchronizing settings.
2025-02-16 11:58:18.128 [info] Keybindings: No changes found during synchronizing keybindings.
2025-02-16 11:58:18.130 [info] Snippets: No changes found during synchronizing snippets.
2025-02-16 11:58:18.132 [info] Tasks: No changes found during synchronizing tasks.
2025-02-16 11:58:18.138 [info] GlobalState: No changes found during synchronizing ui state.
2025-02-16 11:58:18.203 [info] Extensions: No changes found during synchronizing extensions.
2025-02-16 11:58:18.205 [info] Profiles: No changes found during synchronizing profiles.
2025-02-16 11:58:18.206 [info] Syncing profile. java
2025-02-16 11:58:18.216 [info] Settings (java): No changes found during synchronizing settings.
2025-02-16 11:58:18.218 [info] Keybindings (java): No changes found during synchronizing keybindings.
2025-02-16 11:58:18.220 [info] Snippets (java): No changes found during synchronizing snippets.
2025-02-16 11:58:18.221 [info] Tasks (java): No changes found during synchronizing tasks.
2025-02-16 11:58:18.225 [info] GlobalState (java): No changes found during synchronizing ui state.
2025-02-16 11:58:18.317 [info] Extensions (java): No changes found during synchronizing extensions.
2025-02-16 11:58:18.318 [info] Sync done. Took 374ms
2025-02-16 11:59:58.795 [info] [AutoSync] Triggered by Activity
2025-02-16 11:59:58.796 [info] Sync started.
2025-02-16 11:59:58.988 [info] Settings: No changes found during synchronizing settings.
2025-02-16 11:59:58.991 [info] Keybindings: No changes found during synchronizing keybindings.
2025-02-16 11:59:58.993 [info] Snippets: No changes found during synchronizing snippets.
2025-02-16 11:59:58.995 [info] Tasks: No changes found during synchronizing tasks.
2025-02-16 11:59:59.000 [info] GlobalState: No changes found during synchronizing ui state.
2025-02-16 11:59:59.078 [info] Extensions: No changes found during synchronizing extensions.
2025-02-16 11:59:59.079 [info] Profiles: No changes found during synchronizing profiles.
2025-02-16 11:59:59.080 [info] Syncing profile. java
2025-02-16 11:59:59.093 [info] Settings (java): No changes found during synchronizing settings.
2025-02-16 11:59:59.095 [info] Keybindings (java): No changes found during synchronizing keybindings.
2025-02-16 11:59:59.097 [info] Snippets (java): No changes found during synchronizing snippets.
2025-02-16 11:59:59.099 [info] Tasks (java): No changes found during synchronizing tasks.
2025-02-16 11:59:59.103 [info] GlobalState (java): No changes found during synchronizing ui state.
2025-02-16 11:59:59.179 [info] Extensions (java): No changes found during synchronizing extensions.
2025-02-16 11:59:59.180 [info] Sync done. Took 386ms
2025-02-16 12:04:59.182 [info] [AutoSync] Triggered by Interval
2025-02-16 12:04:59.182 [info] Sync started.
2025-02-16 12:05:00.145 [info] Settings: No changes found during synchronizing settings.
2025-02-16 12:05:00.148 [info] Keybindings: No changes found during synchronizing keybindings.
2025-02-16 12:05:00.150 [info] Snippets: No changes found during synchronizing snippets.
2025-02-16 12:05:00.152 [info] Tasks: No changes found during synchronizing tasks.
2025-02-16 12:05:00.158 [info] GlobalState: No changes found during synchronizing ui state.
2025-02-16 12:05:00.237 [info] Extensions: No changes found during synchronizing extensions.
2025-02-16 12:05:00.238 [info] Profiles: No changes found during synchronizing profiles.
2025-02-16 12:05:00.239 [info] Syncing profile. java
2025-02-16 12:05:00.259 [info] Settings (java): No changes found during synchronizing settings.
2025-02-16 12:05:00.263 [info] Keybindings (java): No changes found during synchronizing keybindings.
2025-02-16 12:05:00.265 [info] Snippets (java): No changes found during synchronizing snippets.
2025-02-16 12:05:00.267 [info] Tasks (java): No changes found during synchronizing tasks.
2025-02-16 12:05:00.270 [info] GlobalState (java): No changes found during synchronizing ui state.
2025-02-16 12:05:00.356 [info] Extensions (java): No changes found during synchronizing extensions.
2025-02-16 12:05:00.358 [info] Sync done. Took 1177ms
2025-02-16 12:05:13.702 [info] [AutoSync] Triggered by Activity
2025-02-16 12:05:13.703 [info] Sync started.
2025-02-16 12:05:13.893 [info] Settings: No changes found during synchronizing settings.
2025-02-16 12:05:13.896 [info] Keybindings: No changes found during synchronizing keybindings.
2025-02-16 12:05:13.898 [info] Snippets: No changes found during synchronizing snippets.
2025-02-16 12:05:13.901 [info] Tasks: No changes found during synchronizing tasks.
2025-02-16 12:05:13.907 [info] GlobalState: No changes found during synchronizing ui state.
2025-02-16 12:05:13.979 [info] Extensions: No changes found during synchronizing extensions.
2025-02-16 12:05:13.980 [info] Profiles: No changes found during synchronizing profiles.
2025-02-16 12:05:13.982 [info] Syncing profile. java
2025-02-16 12:05:13.994 [info] Settings (java): No changes found during synchronizing settings.
2025-02-16 12:05:13.997 [info] Keybindings (java): No changes found during synchronizing keybindings.
2025-02-16 12:05:14.000 [info] Snippets (java): No changes found during synchronizing snippets.
2025-02-16 12:05:14.002 [info] Tasks (java): No changes found during synchronizing tasks.
2025-02-16 12:05:14.004 [info] GlobalState (java): No changes found during synchronizing ui state.
2025-02-16 12:05:14.081 [info] Extensions (java): No changes found during synchronizing extensions.
2025-02-16 12:05:14.082 [info] Sync done. Took 381ms
