2025-02-18 13:37:54.980 [info] Reading sessions from keychain...
2025-02-18 13:37:54.981 [info] Getting sessions for all scopes...
2025-02-18 13:37:54.981 [info] Getting sessions for all scopes...
2025-02-18 13:37:54.981 [info] Getting sessions for all scopes...
2025-02-18 13:37:54.981 [info] Got stored sessions!
2025-02-18 13:37:54.981 [info] Got 1 verified sessions.
2025-02-18 13:37:54.981 [info] Got 1 sessions for ...
2025-02-18 13:37:54.981 [info] Got 1 sessions for ...
2025-02-18 13:37:54.981 [info] Got 1 sessions for ...
2025-02-18 13:37:54.981 [info] Getting sessions for user:email...
2025-02-18 13:37:54.981 [info] Got 1 sessions for user:email...
2025-02-18 13:37:54.981 [info] Getting sessions for all scopes...
2025-02-18 13:37:54.981 [info] Got 1 sessions for ...
2025-02-18 13:37:54.981 [info] Getting sessions for all scopes...
2025-02-18 13:37:54.981 [info] Got 1 sessions for ...
2025-02-18 13:37:54.981 [info] Getting sessions for all scopes...
2025-02-18 13:37:54.981 [info] Got 1 sessions for ...
2025-02-18 13:37:54.981 [info] Getting sessions for all scopes...
2025-02-18 13:37:54.981 [info] Got 1 sessions for ...
2025-02-18 13:37:54.981 [info] Getting sessions for all scopes...
2025-02-18 13:37:54.981 [info] Got 1 sessions for ...
2025-02-18 13:37:59.360 [info] Getting sessions for all scopes...
2025-02-18 13:37:59.360 [info] Got 1 sessions for ...
