2025-02-17 20:32:55.799 [info] [AutoSync] Using settings sync service https://vscode-sync.trafficmanager.net/
2025-02-17 20:32:55.799 [info] [AutoSync] Enabled.
2025-02-17 20:32:55.799 [info] [AutoSync] Suspended until auth token is available.
2025-02-17 20:32:57.590 [info] [AutoSync] Triggered by Interval
2025-02-17 20:32:57.590 [info] Sync started.
2025-02-17 20:32:58.786 [info] Settings: No changes found during synchronizing settings.
2025-02-17 20:32:58.796 [info] Keybindings: No changes found during synchronizing keybindings.
2025-02-17 20:32:58.839 [info] Snippets: No changes found during synchronizing snippets.
2025-02-17 20:32:58.851 [info] Tasks: No changes found during synchronizing tasks.
2025-02-17 20:32:59.383 [info] GlobalState: Updated global state ["colorThemeData"]
2025-02-17 20:32:59.383 [info] GlobalState: Updated local ui state
2025-02-17 20:32:59.387 [info] GlobalState: Updated last synchronized ui state
2025-02-17 20:32:59.470 [info] Extensions: No changes found during synchronizing extensions.
2025-02-17 20:32:59.472 [info] Profiles: No changes found during synchronizing profiles.
2025-02-17 20:32:59.474 [info] Syncing profile. java
2025-02-17 20:32:59.596 [info] Settings (java): No changes found during synchronizing settings.
2025-02-17 20:32:59.602 [info] Keybindings (java): No changes found during synchronizing keybindings.
2025-02-17 20:32:59.605 [info] Snippets (java): No changes found during synchronizing snippets.
2025-02-17 20:32:59.607 [info] Tasks (java): No changes found during synchronizing tasks.
2025-02-17 20:32:59.636 [info] GlobalState (java): No changes found during synchronizing ui state.
2025-02-17 20:32:59.707 [info] Extensions (java): No changes found during synchronizing extensions.
2025-02-17 20:32:59.712 [info] Sync done. Took 2126ms
2025-02-17 20:33:15.189 [info] [AutoSync] Triggered by Activity
2025-02-17 20:33:15.189 [info] Sync started.
2025-02-17 20:33:15.438 [info] Settings: No changes found during synchronizing settings.
2025-02-17 20:33:15.443 [info] Keybindings: No changes found during synchronizing keybindings.
2025-02-17 20:33:15.445 [info] Snippets: No changes found during synchronizing snippets.
2025-02-17 20:33:15.447 [info] Tasks: No changes found during synchronizing tasks.
2025-02-17 20:33:15.452 [info] GlobalState: No changes found during synchronizing ui state.
2025-02-17 20:33:15.506 [info] Extensions: No changes found during synchronizing extensions.
2025-02-17 20:33:15.507 [info] Profiles: No changes found during synchronizing profiles.
2025-02-17 20:33:15.508 [info] Syncing profile. java
2025-02-17 20:33:15.583 [info] Settings (java): No changes found during synchronizing settings.
2025-02-17 20:33:15.586 [info] Keybindings (java): No changes found during synchronizing keybindings.
2025-02-17 20:33:15.588 [info] Snippets (java): No changes found during synchronizing snippets.
2025-02-17 20:33:15.589 [info] Tasks (java): No changes found during synchronizing tasks.
2025-02-17 20:33:15.592 [info] GlobalState (java): No changes found during synchronizing ui state.
2025-02-17 20:33:15.661 [info] Extensions (java): No changes found during synchronizing extensions.
2025-02-17 20:33:15.662 [info] Sync done. Took 473ms
2025-02-17 20:34:22.078 [info] [AutoSync] Triggered by Activity
2025-02-17 20:34:22.079 [info] Sync started.
2025-02-17 20:34:22.289 [info] Settings: No changes found during synchronizing settings.
2025-02-17 20:34:22.292 [info] Keybindings: No changes found during synchronizing keybindings.
2025-02-17 20:34:22.295 [info] Snippets: No changes found during synchronizing snippets.
2025-02-17 20:34:22.297 [info] Tasks: No changes found during synchronizing tasks.
2025-02-17 20:34:22.302 [info] GlobalState: No changes found during synchronizing ui state.
2025-02-17 20:34:22.384 [info] Extensions: No changes found during synchronizing extensions.
2025-02-17 20:34:22.385 [info] Profiles: No changes found during synchronizing profiles.
2025-02-17 20:34:22.386 [info] Syncing profile. java
2025-02-17 20:34:22.401 [info] Settings (java): No changes found during synchronizing settings.
2025-02-17 20:34:22.403 [info] Keybindings (java): No changes found during synchronizing keybindings.
2025-02-17 20:34:22.405 [info] Snippets (java): No changes found during synchronizing snippets.
2025-02-17 20:34:22.407 [info] Tasks (java): No changes found during synchronizing tasks.
2025-02-17 20:34:22.411 [info] GlobalState (java): No changes found during synchronizing ui state.
2025-02-17 20:34:22.492 [info] Extensions (java): No changes found during synchronizing extensions.
2025-02-17 20:34:22.493 [info] Sync done. Took 416ms
2025-02-17 20:35:26.611 [info] [AutoSync] Triggered by Activity
2025-02-17 20:35:26.611 [info] Sync started.
2025-02-17 20:35:26.809 [info] Settings: No changes found during synchronizing settings.
2025-02-17 20:35:26.812 [info] Keybindings: No changes found during synchronizing keybindings.
2025-02-17 20:35:26.814 [info] Snippets: No changes found during synchronizing snippets.
2025-02-17 20:35:26.817 [info] Tasks: No changes found during synchronizing tasks.
2025-02-17 20:35:26.829 [info] GlobalState: No changes found during synchronizing ui state.
2025-02-17 20:35:26.906 [info] Extensions: No changes found during synchronizing extensions.
2025-02-17 20:35:26.907 [info] Profiles: No changes found during synchronizing profiles.
2025-02-17 20:35:26.908 [info] Syncing profile. java
2025-02-17 20:35:26.921 [info] Settings (java): No changes found during synchronizing settings.
2025-02-17 20:35:26.923 [info] Keybindings (java): No changes found during synchronizing keybindings.
2025-02-17 20:35:26.924 [info] Snippets (java): No changes found during synchronizing snippets.
2025-02-17 20:35:26.926 [info] Tasks (java): No changes found during synchronizing tasks.
2025-02-17 20:35:26.930 [info] GlobalState (java): No changes found during synchronizing ui state.
2025-02-17 20:35:27.022 [info] Extensions (java): No changes found during synchronizing extensions.
2025-02-17 20:35:27.024 [info] Sync done. Took 414ms
2025-02-17 20:35:50.316 [info] [AutoSync] Triggered by Activity
2025-02-17 20:35:50.317 [info] Sync started.
2025-02-17 20:35:50.514 [info] Settings: No changes found during synchronizing settings.
2025-02-17 20:35:50.517 [info] Keybindings: No changes found during synchronizing keybindings.
2025-02-17 20:35:50.520 [info] Snippets: No changes found during synchronizing snippets.
2025-02-17 20:35:50.523 [info] Tasks: No changes found during synchronizing tasks.
2025-02-17 20:35:50.528 [info] GlobalState: No changes found during synchronizing ui state.
2025-02-17 20:35:50.604 [info] Extensions: No changes found during synchronizing extensions.
2025-02-17 20:35:50.605 [info] Profiles: No changes found during synchronizing profiles.
2025-02-17 20:35:50.606 [info] Syncing profile. java
2025-02-17 20:35:50.621 [info] Settings (java): No changes found during synchronizing settings.
2025-02-17 20:35:50.623 [info] Keybindings (java): No changes found during synchronizing keybindings.
2025-02-17 20:35:50.625 [info] Snippets (java): No changes found during synchronizing snippets.
2025-02-17 20:35:50.627 [info] Tasks (java): No changes found during synchronizing tasks.
2025-02-17 20:35:50.630 [info] GlobalState (java): No changes found during synchronizing ui state.
2025-02-17 20:35:50.709 [info] Extensions (java): No changes found during synchronizing extensions.
2025-02-17 20:35:50.711 [info] Sync done. Took 397ms
2025-02-17 20:37:48.428 [info] [AutoSync] Triggered by Activity
2025-02-17 20:37:48.428 [info] Sync started.
2025-02-17 20:37:48.613 [info] Settings: No changes found during synchronizing settings.
2025-02-17 20:37:48.616 [info] Keybindings: No changes found during synchronizing keybindings.
2025-02-17 20:37:48.619 [info] Snippets: No changes found during synchronizing snippets.
2025-02-17 20:37:48.621 [info] Tasks: No changes found during synchronizing tasks.
2025-02-17 20:37:48.628 [info] GlobalState: No changes found during synchronizing ui state.
2025-02-17 20:37:48.704 [info] Extensions: No changes found during synchronizing extensions.
2025-02-17 20:37:48.706 [info] Profiles: No changes found during synchronizing profiles.
2025-02-17 20:37:48.707 [info] Syncing profile. java
2025-02-17 20:37:48.721 [info] Settings (java): No changes found during synchronizing settings.
2025-02-17 20:37:48.723 [info] Keybindings (java): No changes found during synchronizing keybindings.
2025-02-17 20:37:48.725 [info] Snippets (java): No changes found during synchronizing snippets.
2025-02-17 20:37:48.726 [info] Tasks (java): No changes found during synchronizing tasks.
2025-02-17 20:37:48.730 [info] GlobalState (java): No changes found during synchronizing ui state.
2025-02-17 20:37:48.805 [info] Extensions (java): No changes found during synchronizing extensions.
2025-02-17 20:37:48.806 [info] Sync done. Took 378ms
2025-02-17 20:38:10.144 [info] [AutoSync] Triggered by Activity
2025-02-17 20:38:10.145 [info] Sync started.
2025-02-17 20:38:10.320 [info] Settings: No changes found during synchronizing settings.
2025-02-17 20:38:10.324 [info] Keybindings: No changes found during synchronizing keybindings.
2025-02-17 20:38:10.327 [info] Snippets: No changes found during synchronizing snippets.
2025-02-17 20:38:10.329 [info] Tasks: No changes found during synchronizing tasks.
2025-02-17 20:38:10.336 [info] GlobalState: No changes found during synchronizing ui state.
2025-02-17 20:38:10.400 [info] Extensions: No changes found during synchronizing extensions.
2025-02-17 20:38:10.401 [info] Profiles: No changes found during synchronizing profiles.
2025-02-17 20:38:10.402 [info] Syncing profile. java
2025-02-17 20:38:10.414 [info] Settings (java): No changes found during synchronizing settings.
2025-02-17 20:38:10.417 [info] Keybindings (java): No changes found during synchronizing keybindings.
2025-02-17 20:38:10.420 [info] Snippets (java): No changes found during synchronizing snippets.
2025-02-17 20:38:10.421 [info] Tasks (java): No changes found during synchronizing tasks.
2025-02-17 20:38:10.424 [info] GlobalState (java): No changes found during synchronizing ui state.
2025-02-17 20:38:10.496 [info] Extensions (java): No changes found during synchronizing extensions.
2025-02-17 20:38:10.497 [info] Sync done. Took 354ms
2025-02-17 20:38:33.249 [info] [AutoSync] Triggered by Activity
2025-02-17 20:38:33.250 [info] Sync started.
2025-02-17 20:38:33.435 [info] Settings: No changes found during synchronizing settings.
2025-02-17 20:38:33.438 [info] Keybindings: No changes found during synchronizing keybindings.
2025-02-17 20:38:33.441 [info] Snippets: No changes found during synchronizing snippets.
2025-02-17 20:38:33.444 [info] Tasks: No changes found during synchronizing tasks.
2025-02-17 20:38:33.450 [info] GlobalState: No changes found during synchronizing ui state.
2025-02-17 20:38:33.519 [info] Extensions: No changes found during synchronizing extensions.
2025-02-17 20:38:33.521 [info] Profiles: No changes found during synchronizing profiles.
2025-02-17 20:38:33.522 [info] Syncing profile. java
2025-02-17 20:38:33.539 [info] Settings (java): No changes found during synchronizing settings.
2025-02-17 20:38:33.541 [info] Keybindings (java): No changes found during synchronizing keybindings.
2025-02-17 20:38:33.542 [info] Snippets (java): No changes found during synchronizing snippets.
2025-02-17 20:38:33.545 [info] Tasks (java): No changes found during synchronizing tasks.
2025-02-17 20:38:33.548 [info] GlobalState (java): No changes found during synchronizing ui state.
2025-02-17 20:38:33.629 [info] Extensions (java): No changes found during synchronizing extensions.
2025-02-17 20:38:33.630 [info] Sync done. Took 382ms
2025-02-17 20:38:44.982 [info] [AutoSync] Triggered by Activity
2025-02-17 20:38:44.982 [info] Sync started.
2025-02-17 20:38:45.156 [info] Settings: No changes found during synchronizing settings.
2025-02-17 20:38:45.158 [info] Keybindings: No changes found during synchronizing keybindings.
2025-02-17 20:38:45.160 [info] Snippets: No changes found during synchronizing snippets.
2025-02-17 20:38:45.162 [info] Tasks: No changes found during synchronizing tasks.
2025-02-17 20:38:45.167 [info] GlobalState: No changes found during synchronizing ui state.
2025-02-17 20:38:45.225 [info] Extensions: No changes found during synchronizing extensions.
2025-02-17 20:38:45.227 [info] Profiles: No changes found during synchronizing profiles.
2025-02-17 20:38:45.228 [info] Syncing profile. java
2025-02-17 20:38:45.239 [info] Settings (java): No changes found during synchronizing settings.
2025-02-17 20:38:45.241 [info] Keybindings (java): No changes found during synchronizing keybindings.
2025-02-17 20:38:45.242 [info] Snippets (java): No changes found during synchronizing snippets.
2025-02-17 20:38:45.244 [info] Tasks (java): No changes found during synchronizing tasks.
2025-02-17 20:38:45.248 [info] GlobalState (java): No changes found during synchronizing ui state.
2025-02-17 20:38:45.313 [info] Extensions (java): No changes found during synchronizing extensions.
2025-02-17 20:38:45.314 [info] Sync done. Took 334ms
2025-02-17 20:38:59.496 [info] [AutoSync] Triggered by Activity
2025-02-17 20:38:59.497 [info] Sync started.
2025-02-17 20:38:59.699 [info] Settings: No changes found during synchronizing settings.
2025-02-17 20:38:59.703 [info] Keybindings: No changes found during synchronizing keybindings.
2025-02-17 20:38:59.705 [info] Snippets: No changes found during synchronizing snippets.
2025-02-17 20:38:59.708 [info] Tasks: No changes found during synchronizing tasks.
2025-02-17 20:38:59.713 [info] GlobalState: No changes found during synchronizing ui state.
2025-02-17 20:38:59.785 [info] Extensions: No changes found during synchronizing extensions.
2025-02-17 20:38:59.787 [info] Profiles: No changes found during synchronizing profiles.
2025-02-17 20:38:59.787 [info] Syncing profile. java
2025-02-17 20:38:59.799 [info] Settings (java): No changes found during synchronizing settings.
2025-02-17 20:38:59.801 [info] Keybindings (java): No changes found during synchronizing keybindings.
2025-02-17 20:38:59.803 [info] Snippets (java): No changes found during synchronizing snippets.
2025-02-17 20:38:59.804 [info] Tasks (java): No changes found during synchronizing tasks.
2025-02-17 20:38:59.807 [info] GlobalState (java): No changes found during synchronizing ui state.
2025-02-17 20:38:59.887 [info] Extensions (java): No changes found during synchronizing extensions.
2025-02-17 20:38:59.887 [info] Sync done. Took 394ms
2025-02-17 20:40:31.210 [info] [AutoSync] Triggered by Activity
2025-02-17 20:40:31.210 [info] Sync started.
2025-02-17 20:40:31.389 [info] Settings: No changes found during synchronizing settings.
2025-02-17 20:40:31.391 [info] Keybindings: No changes found during synchronizing keybindings.
2025-02-17 20:40:31.394 [info] Snippets: No changes found during synchronizing snippets.
2025-02-17 20:40:31.396 [info] Tasks: No changes found during synchronizing tasks.
2025-02-17 20:40:31.401 [info] GlobalState: No changes found during synchronizing ui state.
2025-02-17 20:40:31.467 [info] Extensions: No changes found during synchronizing extensions.
2025-02-17 20:40:31.468 [info] Profiles: No changes found during synchronizing profiles.
2025-02-17 20:40:31.469 [info] Syncing profile. java
2025-02-17 20:40:31.485 [info] Settings (java): No changes found during synchronizing settings.
2025-02-17 20:40:31.488 [info] Keybindings (java): No changes found during synchronizing keybindings.
2025-02-17 20:40:31.490 [info] Snippets (java): No changes found during synchronizing snippets.
2025-02-17 20:40:31.492 [info] Tasks (java): No changes found during synchronizing tasks.
2025-02-17 20:40:31.494 [info] GlobalState (java): No changes found during synchronizing ui state.
2025-02-17 20:40:31.572 [info] Extensions (java): No changes found during synchronizing extensions.
2025-02-17 20:40:31.573 [info] Sync done. Took 365ms
2025-02-17 20:40:52.486 [info] [AutoSync] Triggered by Activity
2025-02-17 20:40:52.486 [info] Sync started.
2025-02-17 20:40:52.686 [info] Settings: No changes found during synchronizing settings.
2025-02-17 20:40:52.688 [info] Keybindings: No changes found during synchronizing keybindings.
2025-02-17 20:40:52.690 [info] Snippets: No changes found during synchronizing snippets.
2025-02-17 20:40:52.691 [info] Tasks: No changes found during synchronizing tasks.
2025-02-17 20:40:52.697 [info] GlobalState: No changes found during synchronizing ui state.
2025-02-17 20:40:52.783 [info] Extensions: No changes found during synchronizing extensions.
2025-02-17 20:40:52.785 [info] Profiles: No changes found during synchronizing profiles.
2025-02-17 20:40:52.786 [info] Syncing profile. java
2025-02-17 20:40:52.799 [info] Settings (java): No changes found during synchronizing settings.
2025-02-17 20:40:52.802 [info] Keybindings (java): No changes found during synchronizing keybindings.
2025-02-17 20:40:52.804 [info] Snippets (java): No changes found during synchronizing snippets.
2025-02-17 20:40:52.805 [info] Tasks (java): No changes found during synchronizing tasks.
2025-02-17 20:40:52.808 [info] GlobalState (java): No changes found during synchronizing ui state.
2025-02-17 20:40:52.881 [info] Extensions (java): No changes found during synchronizing extensions.
2025-02-17 20:40:52.883 [info] Sync done. Took 398ms
2025-02-17 20:41:14.800 [info] [AutoSync] Triggered by Activity
2025-02-17 20:41:14.800 [info] Sync started.
2025-02-17 20:41:14.984 [info] Settings: No changes found during synchronizing settings.
2025-02-17 20:41:14.987 [info] Keybindings: No changes found during synchronizing keybindings.
2025-02-17 20:41:14.992 [info] Snippets: No changes found during synchronizing snippets.
2025-02-17 20:41:14.994 [info] Tasks: No changes found during synchronizing tasks.
2025-02-17 20:41:14.999 [info] GlobalState: No changes found during synchronizing ui state.
2025-02-17 20:41:15.085 [info] Extensions: No changes found during synchronizing extensions.
2025-02-17 20:41:15.086 [info] Profiles: No changes found during synchronizing profiles.
2025-02-17 20:41:15.087 [info] Syncing profile. java
2025-02-17 20:41:15.109 [info] Settings (java): No changes found during synchronizing settings.
2025-02-17 20:41:15.111 [info] Keybindings (java): No changes found during synchronizing keybindings.
2025-02-17 20:41:15.113 [info] Snippets (java): No changes found during synchronizing snippets.
2025-02-17 20:41:15.115 [info] Tasks (java): No changes found during synchronizing tasks.
2025-02-17 20:41:15.119 [info] GlobalState (java): No changes found during synchronizing ui state.
2025-02-17 20:41:15.209 [info] Extensions (java): No changes found during synchronizing extensions.
2025-02-17 20:41:15.210 [info] Sync done. Took 411ms
2025-02-17 20:41:53.575 [info] [AutoSync] Triggered by Activity
2025-02-17 20:41:53.576 [info] Sync started.
2025-02-17 20:41:53.770 [info] Settings: No changes found during synchronizing settings.
2025-02-17 20:41:53.774 [info] Keybindings: No changes found during synchronizing keybindings.
2025-02-17 20:41:53.776 [info] Snippets: No changes found during synchronizing snippets.
2025-02-17 20:41:53.778 [info] Tasks: No changes found during synchronizing tasks.
2025-02-17 20:41:53.787 [info] GlobalState: No changes found during synchronizing ui state.
2025-02-17 20:41:53.849 [info] Extensions: No changes found during synchronizing extensions.
2025-02-17 20:41:53.850 [info] Profiles: No changes found during synchronizing profiles.
2025-02-17 20:41:53.852 [info] Syncing profile. java
2025-02-17 20:41:53.865 [info] Settings (java): No changes found during synchronizing settings.
2025-02-17 20:41:53.867 [info] Keybindings (java): No changes found during synchronizing keybindings.
2025-02-17 20:41:53.869 [info] Snippets (java): No changes found during synchronizing snippets.
2025-02-17 20:41:53.870 [info] Tasks (java): No changes found during synchronizing tasks.
2025-02-17 20:41:53.873 [info] GlobalState (java): No changes found during synchronizing ui state.
2025-02-17 20:41:53.960 [info] Extensions (java): No changes found during synchronizing extensions.
2025-02-17 20:41:53.961 [info] Sync done. Took 386ms
2025-02-17 20:44:27.809 [info] [AutoSync] Triggered by Activity
2025-02-17 20:44:27.809 [info] Sync started.
2025-02-17 20:44:28.546 [info] Settings: No changes found during synchronizing settings.
2025-02-17 20:44:28.550 [info] Keybindings: No changes found during synchronizing keybindings.
2025-02-17 20:44:28.553 [info] Snippets: No changes found during synchronizing snippets.
2025-02-17 20:44:28.555 [info] Tasks: No changes found during synchronizing tasks.
2025-02-17 20:44:28.560 [info] GlobalState: No changes found during synchronizing ui state.
2025-02-17 20:44:28.633 [info] Extensions: No changes found during synchronizing extensions.
2025-02-17 20:44:28.634 [info] Profiles: No changes found during synchronizing profiles.
2025-02-17 20:44:28.635 [info] Syncing profile. java
2025-02-17 20:44:28.649 [info] Settings (java): No changes found during synchronizing settings.
2025-02-17 20:44:28.651 [info] Keybindings (java): No changes found during synchronizing keybindings.
2025-02-17 20:44:28.653 [info] Snippets (java): No changes found during synchronizing snippets.
2025-02-17 20:44:28.655 [info] Tasks (java): No changes found during synchronizing tasks.
2025-02-17 20:44:28.658 [info] GlobalState (java): No changes found during synchronizing ui state.
2025-02-17 20:44:28.729 [info] Extensions (java): No changes found during synchronizing extensions.
2025-02-17 20:44:28.730 [info] Sync done. Took 923ms
2025-02-17 20:44:41.834 [info] [AutoSync] Triggered by Activity
2025-02-17 20:44:41.834 [info] Sync started.
2025-02-17 20:44:42.012 [info] Settings: No changes found during synchronizing settings.
2025-02-17 20:44:42.015 [info] Keybindings: No changes found during synchronizing keybindings.
2025-02-17 20:44:42.018 [info] Snippets: No changes found during synchronizing snippets.
2025-02-17 20:44:42.021 [info] Tasks: No changes found during synchronizing tasks.
2025-02-17 20:44:42.028 [info] GlobalState: No changes found during synchronizing ui state.
2025-02-17 20:44:42.108 [info] Extensions: No changes found during synchronizing extensions.
2025-02-17 20:44:42.109 [info] Profiles: No changes found during synchronizing profiles.
2025-02-17 20:44:42.110 [info] Syncing profile. java
2025-02-17 20:44:42.126 [info] Settings (java): No changes found during synchronizing settings.
2025-02-17 20:44:42.130 [info] Keybindings (java): No changes found during synchronizing keybindings.
2025-02-17 20:44:42.133 [info] Snippets (java): No changes found during synchronizing snippets.
2025-02-17 20:44:42.135 [info] Tasks (java): No changes found during synchronizing tasks.
2025-02-17 20:44:42.137 [info] GlobalState (java): No changes found during synchronizing ui state.
2025-02-17 20:44:42.225 [info] Extensions (java): No changes found during synchronizing extensions.
2025-02-17 20:44:42.226 [info] Sync done. Took 392ms
2025-02-17 20:45:09.666 [info] [AutoSync] Triggered by Activity
2025-02-17 20:45:09.667 [info] Sync started.
2025-02-17 20:45:09.853 [info] Settings: No changes found during synchronizing settings.
2025-02-17 20:45:09.855 [info] Keybindings: No changes found during synchronizing keybindings.
2025-02-17 20:45:09.858 [info] Snippets: No changes found during synchronizing snippets.
2025-02-17 20:45:09.860 [info] Tasks: No changes found during synchronizing tasks.
2025-02-17 20:45:09.866 [info] GlobalState: No changes found during synchronizing ui state.
2025-02-17 20:45:09.939 [info] Extensions: No changes found during synchronizing extensions.
2025-02-17 20:45:09.944 [info] Profiles: No changes found during synchronizing profiles.
2025-02-17 20:45:09.945 [info] Syncing profile. java
2025-02-17 20:45:09.959 [info] Settings (java): No changes found during synchronizing settings.
2025-02-17 20:45:09.961 [info] Keybindings (java): No changes found during synchronizing keybindings.
2025-02-17 20:45:09.963 [info] Snippets (java): No changes found during synchronizing snippets.
2025-02-17 20:45:09.965 [info] Tasks (java): No changes found during synchronizing tasks.
2025-02-17 20:45:09.969 [info] GlobalState (java): No changes found during synchronizing ui state.
2025-02-17 20:45:10.039 [info] Extensions (java): No changes found during synchronizing extensions.
2025-02-17 20:45:10.041 [info] Sync done. Took 376ms
2025-02-17 20:46:09.912 [info] [AutoSync] Triggered by Activity
2025-02-17 20:46:09.912 [info] Sync started.
2025-02-17 20:46:10.102 [info] Settings: No changes found during synchronizing settings.
2025-02-17 20:46:10.105 [info] Keybindings: No changes found during synchronizing keybindings.
2025-02-17 20:46:10.107 [info] Snippets: No changes found during synchronizing snippets.
2025-02-17 20:46:10.109 [info] Tasks: No changes found during synchronizing tasks.
2025-02-17 20:46:10.114 [info] GlobalState: No changes found during synchronizing ui state.
2025-02-17 20:46:10.183 [info] Extensions: No changes found during synchronizing extensions.
2025-02-17 20:46:10.187 [info] Profiles: No changes found during synchronizing profiles.
2025-02-17 20:46:10.188 [info] Syncing profile. java
2025-02-17 20:46:10.207 [info] Settings (java): No changes found during synchronizing settings.
2025-02-17 20:46:10.209 [info] Keybindings (java): No changes found during synchronizing keybindings.
2025-02-17 20:46:10.211 [info] Snippets (java): No changes found during synchronizing snippets.
2025-02-17 20:46:10.213 [info] Tasks (java): No changes found during synchronizing tasks.
2025-02-17 20:46:10.216 [info] GlobalState (java): No changes found during synchronizing ui state.
2025-02-17 20:46:10.296 [info] Extensions (java): No changes found during synchronizing extensions.
2025-02-17 20:46:10.298 [info] Sync done. Took 386ms
2025-02-17 20:46:23.678 [info] [AutoSync] Triggered by Activity
2025-02-17 20:46:23.678 [info] Sync started.
2025-02-17 20:46:23.863 [info] Settings: No changes found during synchronizing settings.
2025-02-17 20:46:23.866 [info] Keybindings: No changes found during synchronizing keybindings.
2025-02-17 20:46:23.868 [info] Snippets: No changes found during synchronizing snippets.
2025-02-17 20:46:23.870 [info] Tasks: No changes found during synchronizing tasks.
2025-02-17 20:46:23.877 [info] GlobalState: No changes found during synchronizing ui state.
2025-02-17 20:46:23.947 [info] Extensions: No changes found during synchronizing extensions.
2025-02-17 20:46:23.948 [info] Profiles: No changes found during synchronizing profiles.
2025-02-17 20:46:23.949 [info] Syncing profile. java
2025-02-17 20:46:23.967 [info] Settings (java): No changes found during synchronizing settings.
2025-02-17 20:46:23.970 [info] Keybindings (java): No changes found during synchronizing keybindings.
2025-02-17 20:46:23.973 [info] Snippets (java): No changes found during synchronizing snippets.
2025-02-17 20:46:23.975 [info] Tasks (java): No changes found during synchronizing tasks.
2025-02-17 20:46:23.977 [info] GlobalState (java): No changes found during synchronizing ui state.
2025-02-17 20:46:24.056 [info] Extensions (java): No changes found during synchronizing extensions.
2025-02-17 20:46:24.057 [info] Sync done. Took 380ms
2025-02-17 20:47:04.044 [info] [AutoSync] Triggered by Activity
2025-02-17 20:47:04.044 [info] Sync started.
2025-02-17 20:47:04.226 [info] Settings: No changes found during synchronizing settings.
2025-02-17 20:47:04.229 [info] Keybindings: No changes found during synchronizing keybindings.
2025-02-17 20:47:04.231 [info] Snippets: No changes found during synchronizing snippets.
2025-02-17 20:47:04.233 [info] Tasks: No changes found during synchronizing tasks.
2025-02-17 20:47:04.237 [info] GlobalState: No changes found during synchronizing ui state.
2025-02-17 20:47:04.292 [info] Extensions: No changes found during synchronizing extensions.
2025-02-17 20:47:04.293 [info] Profiles: No changes found during synchronizing profiles.
2025-02-17 20:47:04.294 [info] Syncing profile. java
2025-02-17 20:47:04.305 [info] Settings (java): No changes found during synchronizing settings.
2025-02-17 20:47:04.308 [info] Keybindings (java): No changes found during synchronizing keybindings.
2025-02-17 20:47:04.309 [info] Snippets (java): No changes found during synchronizing snippets.
2025-02-17 20:47:04.311 [info] Tasks (java): No changes found during synchronizing tasks.
2025-02-17 20:47:04.314 [info] GlobalState (java): No changes found during synchronizing ui state.
2025-02-17 20:47:04.404 [info] Extensions (java): No changes found during synchronizing extensions.
2025-02-17 20:47:04.405 [info] Sync done. Took 362ms
2025-02-17 20:48:06.499 [info] [AutoSync] Triggered by Activity
2025-02-17 20:48:06.500 [info] Sync started.
2025-02-17 20:48:06.672 [info] Settings: No changes found during synchronizing settings.
2025-02-17 20:48:06.676 [info] Keybindings: No changes found during synchronizing keybindings.
2025-02-17 20:48:06.679 [info] Snippets: No changes found during synchronizing snippets.
2025-02-17 20:48:06.681 [info] Tasks: No changes found during synchronizing tasks.
2025-02-17 20:48:06.689 [info] GlobalState: No changes found during synchronizing ui state.
2025-02-17 20:48:06.765 [info] Extensions: No changes found during synchronizing extensions.
2025-02-17 20:48:06.765 [info] Profiles: No changes found during synchronizing profiles.
2025-02-17 20:48:06.766 [info] Syncing profile. java
2025-02-17 20:48:06.785 [info] Settings (java): No changes found during synchronizing settings.
2025-02-17 20:48:06.788 [info] Keybindings (java): No changes found during synchronizing keybindings.
2025-02-17 20:48:06.790 [info] Snippets (java): No changes found during synchronizing snippets.
2025-02-17 20:48:06.792 [info] Tasks (java): No changes found during synchronizing tasks.
2025-02-17 20:48:06.795 [info] GlobalState (java): No changes found during synchronizing ui state.
2025-02-17 20:48:06.870 [info] Extensions (java): No changes found during synchronizing extensions.
2025-02-17 20:48:06.871 [info] Sync done. Took 373ms
2025-02-17 20:48:28.550 [info] [AutoSync] Triggered by Activity
2025-02-17 20:48:28.551 [info] Sync started.
2025-02-17 20:48:28.746 [info] Settings: No changes found during synchronizing settings.
2025-02-17 20:48:28.749 [info] Keybindings: No changes found during synchronizing keybindings.
2025-02-17 20:48:28.752 [info] Snippets: No changes found during synchronizing snippets.
2025-02-17 20:48:28.755 [info] Tasks: No changes found during synchronizing tasks.
2025-02-17 20:48:28.763 [info] GlobalState: No changes found during synchronizing ui state.
2025-02-17 20:48:28.820 [info] Extensions: No changes found during synchronizing extensions.
2025-02-17 20:48:28.821 [info] Profiles: No changes found during synchronizing profiles.
2025-02-17 20:48:28.822 [info] Syncing profile. java
2025-02-17 20:48:28.834 [info] Settings (java): No changes found during synchronizing settings.
2025-02-17 20:48:28.836 [info] Keybindings (java): No changes found during synchronizing keybindings.
2025-02-17 20:48:28.838 [info] Snippets (java): No changes found during synchronizing snippets.
2025-02-17 20:48:28.840 [info] Tasks (java): No changes found during synchronizing tasks.
2025-02-17 20:48:28.842 [info] GlobalState (java): No changes found during synchronizing ui state.
2025-02-17 20:48:28.931 [info] Extensions (java): No changes found during synchronizing extensions.
2025-02-17 20:48:28.932 [info] Sync done. Took 383ms
2025-02-17 20:49:36.199 [info] [AutoSync] Triggered by Activity
2025-02-17 20:49:36.199 [info] Sync started.
2025-02-17 20:49:36.392 [info] Settings: No changes found during synchronizing settings.
2025-02-17 20:49:36.395 [info] Keybindings: No changes found during synchronizing keybindings.
2025-02-17 20:49:36.397 [info] Snippets: No changes found during synchronizing snippets.
2025-02-17 20:49:36.399 [info] Tasks: No changes found during synchronizing tasks.
2025-02-17 20:49:36.405 [info] GlobalState: No changes found during synchronizing ui state.
2025-02-17 20:49:36.484 [info] Extensions: No changes found during synchronizing extensions.
2025-02-17 20:49:36.485 [info] Profiles: No changes found during synchronizing profiles.
2025-02-17 20:49:36.486 [info] Syncing profile. java
2025-02-17 20:49:36.499 [info] Settings (java): No changes found during synchronizing settings.
2025-02-17 20:49:36.502 [info] Keybindings (java): No changes found during synchronizing keybindings.
2025-02-17 20:49:36.503 [info] Snippets (java): No changes found during synchronizing snippets.
2025-02-17 20:49:36.505 [info] Tasks (java): No changes found during synchronizing tasks.
2025-02-17 20:49:36.508 [info] GlobalState (java): No changes found during synchronizing ui state.
2025-02-17 20:49:36.600 [info] Extensions (java): No changes found during synchronizing extensions.
2025-02-17 20:49:36.601 [info] Sync done. Took 403ms
2025-02-17 20:49:51.731 [info] [AutoSync] Triggered by Activity
2025-02-17 20:49:51.732 [info] Sync started.
2025-02-17 20:49:51.920 [info] Settings: No changes found during synchronizing settings.
2025-02-17 20:49:51.923 [info] Keybindings: No changes found during synchronizing keybindings.
2025-02-17 20:49:51.925 [info] Snippets: No changes found during synchronizing snippets.
2025-02-17 20:49:51.927 [info] Tasks: No changes found during synchronizing tasks.
2025-02-17 20:49:51.935 [info] GlobalState: No changes found during synchronizing ui state.
2025-02-17 20:49:51.992 [info] Extensions: No changes found during synchronizing extensions.
2025-02-17 20:49:51.993 [info] Profiles: No changes found during synchronizing profiles.
2025-02-17 20:49:51.994 [info] Syncing profile. java
2025-02-17 20:49:52.005 [info] Settings (java): No changes found during synchronizing settings.
2025-02-17 20:49:52.008 [info] Keybindings (java): No changes found during synchronizing keybindings.
2025-02-17 20:49:52.010 [info] Snippets (java): No changes found during synchronizing snippets.
2025-02-17 20:49:52.012 [info] Tasks (java): No changes found during synchronizing tasks.
2025-02-17 20:49:52.016 [info] GlobalState (java): No changes found during synchronizing ui state.
2025-02-17 20:49:52.103 [info] Extensions (java): No changes found during synchronizing extensions.
2025-02-17 20:49:52.107 [info] Sync done. Took 376ms
2025-02-17 20:50:05.330 [info] [AutoSync] Triggered by Activity
2025-02-17 20:50:05.330 [info] Sync started.
2025-02-17 20:50:05.544 [info] Settings: No changes found during synchronizing settings.
2025-02-17 20:50:05.546 [info] Keybindings: No changes found during synchronizing keybindings.
2025-02-17 20:50:05.548 [info] Snippets: No changes found during synchronizing snippets.
2025-02-17 20:50:05.551 [info] Tasks: No changes found during synchronizing tasks.
2025-02-17 20:50:05.557 [info] GlobalState: No changes found during synchronizing ui state.
2025-02-17 20:50:05.642 [info] Extensions: No changes found during synchronizing extensions.
2025-02-17 20:50:05.645 [info] Profiles: No changes found during synchronizing profiles.
2025-02-17 20:50:05.645 [info] Syncing profile. java
2025-02-17 20:50:05.662 [info] Settings (java): No changes found during synchronizing settings.
2025-02-17 20:50:05.664 [info] Keybindings (java): No changes found during synchronizing keybindings.
2025-02-17 20:50:05.666 [info] Snippets (java): No changes found during synchronizing snippets.
2025-02-17 20:50:05.667 [info] Tasks (java): No changes found during synchronizing tasks.
2025-02-17 20:50:05.671 [info] GlobalState (java): No changes found during synchronizing ui state.
2025-02-17 20:50:05.763 [info] Extensions (java): No changes found during synchronizing extensions.
2025-02-17 20:50:05.764 [info] Sync done. Took 436ms
2025-02-17 20:50:48.823 [info] [AutoSync] Triggered by Activity
2025-02-17 20:50:48.823 [info] Sync started.
2025-02-17 20:50:49.004 [info] Settings: No changes found during synchronizing settings.
2025-02-17 20:50:49.007 [info] Keybindings: No changes found during synchronizing keybindings.
2025-02-17 20:50:49.010 [info] Snippets: No changes found during synchronizing snippets.
2025-02-17 20:50:49.012 [info] Tasks: No changes found during synchronizing tasks.
2025-02-17 20:50:49.016 [info] GlobalState: No changes found during synchronizing ui state.
2025-02-17 20:50:49.089 [info] Extensions: No changes found during synchronizing extensions.
2025-02-17 20:50:49.090 [info] Profiles: No changes found during synchronizing profiles.
2025-02-17 20:50:49.091 [info] Syncing profile. java
2025-02-17 20:50:49.111 [info] Settings (java): No changes found during synchronizing settings.
2025-02-17 20:50:49.114 [info] Keybindings (java): No changes found during synchronizing keybindings.
2025-02-17 20:50:49.116 [info] Snippets (java): No changes found during synchronizing snippets.
2025-02-17 20:50:49.119 [info] Tasks (java): No changes found during synchronizing tasks.
2025-02-17 20:50:49.122 [info] GlobalState (java): No changes found during synchronizing ui state.
2025-02-17 20:50:49.201 [info] Extensions (java): No changes found during synchronizing extensions.
2025-02-17 20:50:49.202 [info] Sync done. Took 380ms
2025-02-17 20:51:14.803 [info] [AutoSync] Triggered by Activity
2025-02-17 20:51:14.803 [info] Sync started.
2025-02-17 20:51:15.006 [info] Settings: No changes found during synchronizing settings.
2025-02-17 20:51:15.010 [info] Keybindings: No changes found during synchronizing keybindings.
2025-02-17 20:51:15.012 [info] Snippets: No changes found during synchronizing snippets.
2025-02-17 20:51:15.015 [info] Tasks: No changes found during synchronizing tasks.
2025-02-17 20:51:15.021 [info] GlobalState: No changes found during synchronizing ui state.
2025-02-17 20:51:15.092 [info] Extensions: No changes found during synchronizing extensions.
2025-02-17 20:51:15.094 [info] Profiles: No changes found during synchronizing profiles.
2025-02-17 20:51:15.095 [info] Syncing profile. java
2025-02-17 20:51:15.109 [info] Settings (java): No changes found during synchronizing settings.
2025-02-17 20:51:15.112 [info] Keybindings (java): No changes found during synchronizing keybindings.
2025-02-17 20:51:15.114 [info] Snippets (java): No changes found during synchronizing snippets.
2025-02-17 20:51:15.115 [info] Tasks (java): No changes found during synchronizing tasks.
2025-02-17 20:51:15.118 [info] GlobalState (java): No changes found during synchronizing ui state.
2025-02-17 20:51:15.198 [info] Extensions (java): No changes found during synchronizing extensions.
2025-02-17 20:51:15.199 [info] Sync done. Took 397ms
2025-02-17 20:51:33.682 [info] [AutoSync] Triggered by Activity
2025-02-17 20:51:33.682 [info] Sync started.
2025-02-17 20:51:33.879 [info] Settings: No changes found during synchronizing settings.
2025-02-17 20:51:33.882 [info] Keybindings: No changes found during synchronizing keybindings.
2025-02-17 20:51:33.886 [info] Snippets: No changes found during synchronizing snippets.
2025-02-17 20:51:33.889 [info] Tasks: No changes found during synchronizing tasks.
2025-02-17 20:51:33.900 [info] GlobalState: No changes found during synchronizing ui state.
2025-02-17 20:51:33.974 [info] Extensions: No changes found during synchronizing extensions.
2025-02-17 20:51:33.975 [info] Profiles: No changes found during synchronizing profiles.
2025-02-17 20:51:33.975 [info] Syncing profile. java
2025-02-17 20:51:33.989 [info] Settings (java): No changes found during synchronizing settings.
2025-02-17 20:51:33.991 [info] Keybindings (java): No changes found during synchronizing keybindings.
2025-02-17 20:51:33.992 [info] Snippets (java): No changes found during synchronizing snippets.
2025-02-17 20:51:33.994 [info] Tasks (java): No changes found during synchronizing tasks.
2025-02-17 20:51:33.997 [info] GlobalState (java): No changes found during synchronizing ui state.
2025-02-17 20:51:34.079 [info] Extensions (java): No changes found during synchronizing extensions.
2025-02-17 20:51:34.080 [info] Sync done. Took 400ms
2025-02-17 20:51:47.451 [info] [AutoSync] Triggered by Activity
2025-02-17 20:51:47.452 [info] Sync started.
2025-02-17 20:51:47.636 [info] Settings: No changes found during synchronizing settings.
2025-02-17 20:51:47.640 [info] Keybindings: No changes found during synchronizing keybindings.
2025-02-17 20:51:47.643 [info] Snippets: No changes found during synchronizing snippets.
2025-02-17 20:51:47.645 [info] Tasks: No changes found during synchronizing tasks.
2025-02-17 20:51:47.653 [info] GlobalState: No changes found during synchronizing ui state.
2025-02-17 20:51:47.730 [info] Extensions: No changes found during synchronizing extensions.
2025-02-17 20:51:47.731 [info] Profiles: No changes found during synchronizing profiles.
2025-02-17 20:51:47.732 [info] Syncing profile. java
2025-02-17 20:51:47.752 [info] Settings (java): No changes found during synchronizing settings.
2025-02-17 20:51:47.755 [info] Keybindings (java): No changes found during synchronizing keybindings.
2025-02-17 20:51:47.757 [info] Snippets (java): No changes found during synchronizing snippets.
2025-02-17 20:51:47.759 [info] Tasks (java): No changes found during synchronizing tasks.
2025-02-17 20:51:47.762 [info] GlobalState (java): No changes found during synchronizing ui state.
2025-02-17 20:51:47.836 [info] Extensions (java): No changes found during synchronizing extensions.
2025-02-17 20:51:47.839 [info] Sync done. Took 388ms
2025-02-17 20:51:59.906 [info] [AutoSync] Triggered by Activity
2025-02-17 20:51:59.906 [info] Sync started.
2025-02-17 20:52:00.083 [info] Settings: No changes found during synchronizing settings.
2025-02-17 20:52:00.086 [info] Keybindings: No changes found during synchronizing keybindings.
2025-02-17 20:52:00.088 [info] Snippets: No changes found during synchronizing snippets.
2025-02-17 20:52:00.091 [info] Tasks: No changes found during synchronizing tasks.
2025-02-17 20:52:00.095 [info] GlobalState: No changes found during synchronizing ui state.
2025-02-17 20:52:00.151 [info] Extensions: No changes found during synchronizing extensions.
2025-02-17 20:52:00.152 [info] Profiles: No changes found during synchronizing profiles.
2025-02-17 20:52:00.153 [info] Syncing profile. java
2025-02-17 20:52:00.168 [info] Settings (java): No changes found during synchronizing settings.
2025-02-17 20:52:00.171 [info] Keybindings (java): No changes found during synchronizing keybindings.
2025-02-17 20:52:00.172 [info] Snippets (java): No changes found during synchronizing snippets.
2025-02-17 20:52:00.174 [info] Tasks (java): No changes found during synchronizing tasks.
2025-02-17 20:52:00.176 [info] GlobalState (java): No changes found during synchronizing ui state.
2025-02-17 20:52:00.239 [info] Extensions (java): No changes found during synchronizing extensions.
2025-02-17 20:52:00.241 [info] Sync done. Took 337ms
2025-02-17 20:52:22.329 [info] [AutoSync] Triggered by Activity
2025-02-17 20:52:22.330 [info] Sync started.
2025-02-17 20:52:22.519 [info] Settings: No changes found during synchronizing settings.
2025-02-17 20:52:22.522 [info] Keybindings: No changes found during synchronizing keybindings.
2025-02-17 20:52:22.525 [info] Snippets: No changes found during synchronizing snippets.
2025-02-17 20:52:22.527 [info] Tasks: No changes found during synchronizing tasks.
2025-02-17 20:52:22.532 [info] GlobalState: No changes found during synchronizing ui state.
2025-02-17 20:52:22.596 [info] Extensions: No changes found during synchronizing extensions.
2025-02-17 20:52:22.597 [info] Profiles: No changes found during synchronizing profiles.
2025-02-17 20:52:22.598 [info] Syncing profile. java
2025-02-17 20:52:22.610 [info] Settings (java): No changes found during synchronizing settings.
2025-02-17 20:52:22.612 [info] Keybindings (java): No changes found during synchronizing keybindings.
2025-02-17 20:52:22.614 [info] Snippets (java): No changes found during synchronizing snippets.
2025-02-17 20:52:22.616 [info] Tasks (java): No changes found during synchronizing tasks.
2025-02-17 20:52:22.619 [info] GlobalState (java): No changes found during synchronizing ui state.
2025-02-17 20:52:22.707 [info] Extensions (java): No changes found during synchronizing extensions.
2025-02-17 20:52:22.708 [info] Sync done. Took 379ms
2025-02-17 20:52:52.043 [info] [AutoSync] Triggered by Activity
2025-02-17 20:52:52.043 [info] Sync started.
2025-02-17 20:52:52.248 [info] Settings: No changes found during synchronizing settings.
2025-02-17 20:52:52.251 [info] Keybindings: No changes found during synchronizing keybindings.
2025-02-17 20:52:52.254 [info] Snippets: No changes found during synchronizing snippets.
2025-02-17 20:52:52.257 [info] Tasks: No changes found during synchronizing tasks.
2025-02-17 20:52:52.261 [info] GlobalState: No changes found during synchronizing ui state.
2025-02-17 20:52:52.325 [info] Extensions: No changes found during synchronizing extensions.
2025-02-17 20:52:52.326 [info] Profiles: No changes found during synchronizing profiles.
2025-02-17 20:52:52.326 [info] Syncing profile. java
2025-02-17 20:52:52.339 [info] Settings (java): No changes found during synchronizing settings.
2025-02-17 20:52:52.341 [info] Keybindings (java): No changes found during synchronizing keybindings.
2025-02-17 20:52:52.342 [info] Snippets (java): No changes found during synchronizing snippets.
2025-02-17 20:52:52.344 [info] Tasks (java): No changes found during synchronizing tasks.
2025-02-17 20:52:52.346 [info] GlobalState (java): No changes found during synchronizing ui state.
2025-02-17 20:52:52.431 [info] Extensions (java): No changes found during synchronizing extensions.
2025-02-17 20:52:52.432 [info] Sync done. Took 391ms
2025-02-17 20:53:30.829 [info] [AutoSync] Triggered by Activity
2025-02-17 20:53:30.829 [info] Sync started.
2025-02-17 20:53:31.016 [info] Settings: No changes found during synchronizing settings.
2025-02-17 20:53:31.021 [info] Keybindings: No changes found during synchronizing keybindings.
2025-02-17 20:53:31.024 [info] Snippets: No changes found during synchronizing snippets.
2025-02-17 20:53:31.027 [info] Tasks: No changes found during synchronizing tasks.
2025-02-17 20:53:31.033 [info] GlobalState: No changes found during synchronizing ui state.
2025-02-17 20:53:31.118 [info] Extensions: No changes found during synchronizing extensions.
2025-02-17 20:53:31.126 [info] Profiles: No changes found during synchronizing profiles.
2025-02-17 20:53:31.127 [info] Syncing profile. java
2025-02-17 20:53:31.158 [info] Settings (java): No changes found during synchronizing settings.
2025-02-17 20:53:31.161 [info] Keybindings (java): No changes found during synchronizing keybindings.
2025-02-17 20:53:31.164 [info] Snippets (java): No changes found during synchronizing snippets.
2025-02-17 20:53:31.168 [info] Tasks (java): No changes found during synchronizing tasks.
2025-02-17 20:53:31.172 [info] GlobalState (java): No changes found during synchronizing ui state.
2025-02-17 20:53:31.275 [info] Extensions (java): No changes found during synchronizing extensions.
2025-02-17 20:53:31.277 [info] Sync done. Took 448ms
2025-02-17 20:53:49.473 [info] [AutoSync] Triggered by Activity
2025-02-17 20:53:49.473 [info] Sync started.
2025-02-17 20:53:49.651 [info] Settings: No changes found during synchronizing settings.
2025-02-17 20:53:49.653 [info] Keybindings: No changes found during synchronizing keybindings.
2025-02-17 20:53:49.656 [info] Snippets: No changes found during synchronizing snippets.
2025-02-17 20:53:49.658 [info] Tasks: No changes found during synchronizing tasks.
2025-02-17 20:53:49.664 [info] GlobalState: No changes found during synchronizing ui state.
2025-02-17 20:53:49.736 [info] Extensions: No changes found during synchronizing extensions.
2025-02-17 20:53:49.738 [info] Profiles: No changes found during synchronizing profiles.
2025-02-17 20:53:49.739 [info] Syncing profile. java
2025-02-17 20:53:49.753 [info] Settings (java): No changes found during synchronizing settings.
2025-02-17 20:53:49.756 [info] Keybindings (java): No changes found during synchronizing keybindings.
2025-02-17 20:53:49.758 [info] Snippets (java): No changes found during synchronizing snippets.
2025-02-17 20:53:49.760 [info] Tasks (java): No changes found during synchronizing tasks.
2025-02-17 20:53:49.763 [info] GlobalState (java): No changes found during synchronizing ui state.
2025-02-17 20:53:49.830 [info] Extensions (java): No changes found during synchronizing extensions.
2025-02-17 20:53:49.831 [info] Sync done. Took 359ms
2025-02-17 20:54:08.845 [info] [AutoSync] Triggered by Activity
2025-02-17 20:54:08.845 [info] Sync started.
2025-02-17 20:54:09.025 [info] Settings: No changes found during synchronizing settings.
2025-02-17 20:54:09.028 [info] Keybindings: No changes found during synchronizing keybindings.
2025-02-17 20:54:09.031 [info] Snippets: No changes found during synchronizing snippets.
2025-02-17 20:54:09.033 [info] Tasks: No changes found during synchronizing tasks.
2025-02-17 20:54:09.038 [info] GlobalState: No changes found during synchronizing ui state.
2025-02-17 20:54:09.111 [info] Extensions: No changes found during synchronizing extensions.
2025-02-17 20:54:09.116 [info] Profiles: No changes found during synchronizing profiles.
2025-02-17 20:54:09.117 [info] Syncing profile. java
2025-02-17 20:54:09.129 [info] Settings (java): No changes found during synchronizing settings.
2025-02-17 20:54:09.131 [info] Keybindings (java): No changes found during synchronizing keybindings.
2025-02-17 20:54:09.132 [info] Snippets (java): No changes found during synchronizing snippets.
2025-02-17 20:54:09.134 [info] Tasks (java): No changes found during synchronizing tasks.
2025-02-17 20:54:09.137 [info] GlobalState (java): No changes found during synchronizing ui state.
2025-02-17 20:54:09.206 [info] Extensions (java): No changes found during synchronizing extensions.
2025-02-17 20:54:09.207 [info] Sync done. Took 364ms
2025-02-17 20:54:37.556 [info] [AutoSync] Triggered by Activity
2025-02-17 20:54:37.556 [info] Sync started.
2025-02-17 20:54:39.761 [info] Settings: No changes found during synchronizing settings.
2025-02-17 20:54:39.768 [info] Keybindings: No changes found during synchronizing keybindings.
2025-02-17 20:54:39.771 [info] Snippets: No changes found during synchronizing snippets.
2025-02-17 20:54:39.774 [info] Tasks: No changes found during synchronizing tasks.
2025-02-17 20:54:39.782 [info] GlobalState: No changes found during synchronizing ui state.
2025-02-17 20:54:39.861 [info] Extensions: No changes found during synchronizing extensions.
2025-02-17 20:54:39.862 [info] Profiles: No changes found during synchronizing profiles.
2025-02-17 20:54:39.863 [info] Syncing profile. java
2025-02-17 20:54:39.879 [info] Settings (java): No changes found during synchronizing settings.
2025-02-17 20:54:39.881 [info] Keybindings (java): No changes found during synchronizing keybindings.
2025-02-17 20:54:39.883 [info] Snippets (java): No changes found during synchronizing snippets.
2025-02-17 20:54:39.885 [info] Tasks (java): No changes found during synchronizing tasks.
2025-02-17 20:54:39.888 [info] GlobalState (java): No changes found during synchronizing ui state.
2025-02-17 20:54:39.961 [info] Extensions (java): No changes found during synchronizing extensions.
2025-02-17 20:54:39.962 [info] Sync done. Took 2407ms
2025-02-17 20:54:55.061 [info] [AutoSync] Triggered by Activity
2025-02-17 20:54:55.062 [info] Sync started.
2025-02-17 20:54:55.242 [info] Settings: No changes found during synchronizing settings.
2025-02-17 20:54:55.247 [info] Keybindings: No changes found during synchronizing keybindings.
2025-02-17 20:54:55.249 [info] Snippets: No changes found during synchronizing snippets.
2025-02-17 20:54:55.251 [info] Tasks: No changes found during synchronizing tasks.
2025-02-17 20:54:55.256 [info] GlobalState: No changes found during synchronizing ui state.
2025-02-17 20:54:55.318 [info] Extensions: No changes found during synchronizing extensions.
2025-02-17 20:54:55.320 [info] Profiles: No changes found during synchronizing profiles.
2025-02-17 20:54:55.321 [info] Syncing profile. java
2025-02-17 20:54:55.339 [info] Settings (java): No changes found during synchronizing settings.
2025-02-17 20:54:55.346 [info] Keybindings (java): No changes found during synchronizing keybindings.
2025-02-17 20:54:55.348 [info] Snippets (java): No changes found during synchronizing snippets.
2025-02-17 20:54:55.350 [info] Tasks (java): No changes found during synchronizing tasks.
2025-02-17 20:54:55.352 [info] GlobalState (java): No changes found during synchronizing ui state.
2025-02-17 20:54:55.431 [info] Extensions (java): No changes found during synchronizing extensions.
2025-02-17 20:54:55.432 [info] Sync done. Took 371ms
2025-02-17 20:55:05.458 [info] [AutoSync] Triggered by Activity
2025-02-17 20:55:05.459 [info] Sync started.
2025-02-17 20:55:05.666 [info] Settings: No changes found during synchronizing settings.
2025-02-17 20:55:05.670 [info] Keybindings: No changes found during synchronizing keybindings.
2025-02-17 20:55:05.674 [info] Snippets: No changes found during synchronizing snippets.
2025-02-17 20:55:05.676 [info] Tasks: No changes found during synchronizing tasks.
2025-02-17 20:55:05.684 [info] GlobalState: No changes found during synchronizing ui state.
2025-02-17 20:55:05.754 [info] Extensions: No changes found during synchronizing extensions.
2025-02-17 20:55:05.755 [info] Profiles: No changes found during synchronizing profiles.
2025-02-17 20:55:05.756 [info] Syncing profile. java
2025-02-17 20:55:05.771 [info] Settings (java): No changes found during synchronizing settings.
2025-02-17 20:55:05.774 [info] Keybindings (java): No changes found during synchronizing keybindings.
2025-02-17 20:55:05.776 [info] Snippets (java): No changes found during synchronizing snippets.
2025-02-17 20:55:05.778 [info] Tasks (java): No changes found during synchronizing tasks.
2025-02-17 20:55:05.780 [info] GlobalState (java): No changes found during synchronizing ui state.
2025-02-17 20:55:05.845 [info] Extensions (java): No changes found during synchronizing extensions.
2025-02-17 20:55:05.846 [info] Sync done. Took 389ms
2025-02-17 20:55:22.061 [info] [AutoSync] Triggered by Activity
2025-02-17 20:55:22.061 [info] Sync started.
2025-02-17 20:55:22.242 [info] Settings: No changes found during synchronizing settings.
2025-02-17 20:55:22.247 [info] Keybindings: No changes found during synchronizing keybindings.
2025-02-17 20:55:22.249 [info] Snippets: No changes found during synchronizing snippets.
2025-02-17 20:55:22.251 [info] Tasks: No changes found during synchronizing tasks.
2025-02-17 20:55:22.258 [info] GlobalState: No changes found during synchronizing ui state.
2025-02-17 20:55:22.331 [info] Extensions: No changes found during synchronizing extensions.
2025-02-17 20:55:22.332 [info] Profiles: No changes found during synchronizing profiles.
2025-02-17 20:55:22.332 [info] Syncing profile. java
2025-02-17 20:55:22.346 [info] Settings (java): No changes found during synchronizing settings.
2025-02-17 20:55:22.348 [info] Keybindings (java): No changes found during synchronizing keybindings.
2025-02-17 20:55:22.349 [info] Snippets (java): No changes found during synchronizing snippets.
2025-02-17 20:55:22.351 [info] Tasks (java): No changes found during synchronizing tasks.
2025-02-17 20:55:22.354 [info] GlobalState (java): No changes found during synchronizing ui state.
2025-02-17 20:55:22.422 [info] Extensions (java): No changes found during synchronizing extensions.
2025-02-17 20:55:22.423 [info] Sync done. Took 363ms
2025-02-17 20:55:42.041 [info] [AutoSync] Triggered by Activity
2025-02-17 20:55:42.041 [info] Sync started.
2025-02-17 20:55:42.236 [info] Settings: No changes found during synchronizing settings.
2025-02-17 20:55:42.240 [info] Keybindings: No changes found during synchronizing keybindings.
2025-02-17 20:55:42.242 [info] Snippets: No changes found during synchronizing snippets.
2025-02-17 20:55:42.245 [info] Tasks: No changes found during synchronizing tasks.
2025-02-17 20:55:42.250 [info] GlobalState: No changes found during synchronizing ui state.
2025-02-17 20:55:42.311 [info] Extensions: No changes found during synchronizing extensions.
2025-02-17 20:55:42.312 [info] Profiles: No changes found during synchronizing profiles.
2025-02-17 20:55:42.313 [info] Syncing profile. java
2025-02-17 20:55:42.326 [info] Settings (java): No changes found during synchronizing settings.
2025-02-17 20:55:42.328 [info] Keybindings (java): No changes found during synchronizing keybindings.
2025-02-17 20:55:42.329 [info] Snippets (java): No changes found during synchronizing snippets.
2025-02-17 20:55:42.331 [info] Tasks (java): No changes found during synchronizing tasks.
2025-02-17 20:55:42.333 [info] GlobalState (java): No changes found during synchronizing ui state.
2025-02-17 20:55:42.398 [info] Extensions (java): No changes found during synchronizing extensions.
2025-02-17 20:55:42.400 [info] Sync done. Took 360ms
2025-02-17 20:55:54.430 [info] [AutoSync] Triggered by Activity
2025-02-17 20:55:54.430 [info] Sync started.
2025-02-17 20:55:54.619 [info] Settings: No changes found during synchronizing settings.
2025-02-17 20:55:54.622 [info] Keybindings: No changes found during synchronizing keybindings.
2025-02-17 20:55:54.625 [info] Snippets: No changes found during synchronizing snippets.
2025-02-17 20:55:54.628 [info] Tasks: No changes found during synchronizing tasks.
2025-02-17 20:55:54.635 [info] GlobalState: No changes found during synchronizing ui state.
2025-02-17 20:55:54.719 [info] Extensions: No changes found during synchronizing extensions.
2025-02-17 20:55:54.721 [info] Profiles: No changes found during synchronizing profiles.
2025-02-17 20:55:54.722 [info] Syncing profile. java
2025-02-17 20:55:54.736 [info] Settings (java): No changes found during synchronizing settings.
2025-02-17 20:55:54.740 [info] Keybindings (java): No changes found during synchronizing keybindings.
2025-02-17 20:55:54.742 [info] Snippets (java): No changes found during synchronizing snippets.
2025-02-17 20:55:54.744 [info] Tasks (java): No changes found during synchronizing tasks.
2025-02-17 20:55:54.747 [info] GlobalState (java): No changes found during synchronizing ui state.
2025-02-17 20:55:54.830 [info] Extensions (java): No changes found during synchronizing extensions.
2025-02-17 20:55:54.831 [info] Sync done. Took 403ms
2025-02-17 20:56:06.780 [info] [AutoSync] Triggered by Activity
2025-02-17 20:56:06.781 [info] Sync started.
2025-02-17 20:56:06.956 [info] Settings: No changes found during synchronizing settings.
2025-02-17 20:56:06.959 [info] Keybindings: No changes found during synchronizing keybindings.
2025-02-17 20:56:06.961 [info] Snippets: No changes found during synchronizing snippets.
2025-02-17 20:56:06.963 [info] Tasks: No changes found during synchronizing tasks.
2025-02-17 20:56:06.970 [info] GlobalState: No changes found during synchronizing ui state.
2025-02-17 20:56:07.042 [info] Extensions: No changes found during synchronizing extensions.
2025-02-17 20:56:07.043 [info] Profiles: No changes found during synchronizing profiles.
2025-02-17 20:56:07.044 [info] Syncing profile. java
2025-02-17 20:56:07.058 [info] Settings (java): No changes found during synchronizing settings.
2025-02-17 20:56:07.060 [info] Keybindings (java): No changes found during synchronizing keybindings.
2025-02-17 20:56:07.061 [info] Snippets (java): No changes found during synchronizing snippets.
2025-02-17 20:56:07.063 [info] Tasks (java): No changes found during synchronizing tasks.
2025-02-17 20:56:07.067 [info] GlobalState (java): No changes found during synchronizing ui state.
2025-02-17 20:56:07.137 [info] Extensions (java): No changes found during synchronizing extensions.
2025-02-17 20:56:07.139 [info] Sync done. Took 360ms
2025-02-17 20:56:30.277 [info] [AutoSync] Triggered by Activity
2025-02-17 20:56:30.278 [info] Sync started.
2025-02-17 20:56:30.458 [info] Settings: No changes found during synchronizing settings.
2025-02-17 20:56:30.461 [info] Keybindings: No changes found during synchronizing keybindings.
2025-02-17 20:56:30.463 [info] Snippets: No changes found during synchronizing snippets.
2025-02-17 20:56:30.465 [info] Tasks: No changes found during synchronizing tasks.
2025-02-17 20:56:30.469 [info] GlobalState: No changes found during synchronizing ui state.
2025-02-17 20:56:30.530 [info] Extensions: No changes found during synchronizing extensions.
2025-02-17 20:56:30.532 [info] Profiles: No changes found during synchronizing profiles.
2025-02-17 20:56:30.534 [info] Syncing profile. java
2025-02-17 20:56:30.558 [info] Settings (java): No changes found during synchronizing settings.
2025-02-17 20:56:30.563 [info] Keybindings (java): No changes found during synchronizing keybindings.
2025-02-17 20:56:30.565 [info] Snippets (java): No changes found during synchronizing snippets.
2025-02-17 20:56:30.567 [info] Tasks (java): No changes found during synchronizing tasks.
2025-02-17 20:56:30.570 [info] GlobalState (java): No changes found during synchronizing ui state.
2025-02-17 20:56:30.658 [info] Extensions (java): No changes found during synchronizing extensions.
2025-02-17 20:56:30.659 [info] Sync done. Took 382ms
2025-02-17 20:57:38.828 [info] [AutoSync] Triggered by Activity
2025-02-17 20:57:38.828 [info] Sync started.
2025-02-17 20:57:39.006 [info] Settings: No changes found during synchronizing settings.
2025-02-17 20:57:39.010 [info] Keybindings: No changes found during synchronizing keybindings.
2025-02-17 20:57:39.013 [info] Snippets: No changes found during synchronizing snippets.
2025-02-17 20:57:39.016 [info] Tasks: No changes found during synchronizing tasks.
2025-02-17 20:57:39.021 [info] GlobalState: No changes found during synchronizing ui state.
2025-02-17 20:57:39.071 [info] Extensions: No changes found during synchronizing extensions.
2025-02-17 20:57:39.072 [info] Profiles: No changes found during synchronizing profiles.
2025-02-17 20:57:39.073 [info] Syncing profile. java
2025-02-17 20:57:39.084 [info] Settings (java): No changes found during synchronizing settings.
2025-02-17 20:57:39.086 [info] Keybindings (java): No changes found during synchronizing keybindings.
2025-02-17 20:57:39.088 [info] Snippets (java): No changes found during synchronizing snippets.
2025-02-17 20:57:39.090 [info] Tasks (java): No changes found during synchronizing tasks.
2025-02-17 20:57:39.092 [info] GlobalState (java): No changes found during synchronizing ui state.
2025-02-17 20:57:39.170 [info] Extensions (java): No changes found during synchronizing extensions.
2025-02-17 20:57:39.171 [info] Sync done. Took 345ms
2025-02-17 20:57:49.282 [info] [AutoSync] Triggered by Activity
2025-02-17 20:57:49.282 [info] Sync started.
2025-02-17 20:57:49.470 [info] Settings: No changes found during synchronizing settings.
2025-02-17 20:57:49.481 [info] Keybindings: No changes found during synchronizing keybindings.
2025-02-17 20:57:49.488 [info] Snippets: No changes found during synchronizing snippets.
2025-02-17 20:57:49.492 [info] Tasks: No changes found during synchronizing tasks.
2025-02-17 20:57:49.500 [info] GlobalState: No changes found during synchronizing ui state.
2025-02-17 20:57:49.567 [info] Extensions: No changes found during synchronizing extensions.
2025-02-17 20:57:49.569 [info] Profiles: No changes found during synchronizing profiles.
2025-02-17 20:57:49.570 [info] Syncing profile. java
2025-02-17 20:57:49.579 [info] Settings (java): No changes found during synchronizing settings.
2025-02-17 20:57:49.581 [info] Keybindings (java): No changes found during synchronizing keybindings.
2025-02-17 20:57:49.583 [info] Snippets (java): No changes found during synchronizing snippets.
2025-02-17 20:57:49.585 [info] Tasks (java): No changes found during synchronizing tasks.
2025-02-17 20:57:49.588 [info] GlobalState (java): No changes found during synchronizing ui state.
2025-02-17 20:57:49.651 [info] Extensions (java): No changes found during synchronizing extensions.
2025-02-17 20:57:49.652 [info] Sync done. Took 371ms
2025-02-17 20:58:18.531 [info] [AutoSync] Triggered by Activity
2025-02-17 20:58:18.532 [info] Sync started.
2025-02-17 20:58:18.718 [info] Settings: No changes found during synchronizing settings.
2025-02-17 20:58:18.721 [info] Keybindings: No changes found during synchronizing keybindings.
2025-02-17 20:58:18.724 [info] Snippets: No changes found during synchronizing snippets.
2025-02-17 20:58:18.727 [info] Tasks: No changes found during synchronizing tasks.
2025-02-17 20:58:18.733 [info] GlobalState: No changes found during synchronizing ui state.
2025-02-17 20:58:18.799 [info] Extensions: No changes found during synchronizing extensions.
2025-02-17 20:58:18.800 [info] Profiles: No changes found during synchronizing profiles.
2025-02-17 20:58:18.800 [info] Syncing profile. java
2025-02-17 20:58:18.816 [info] Settings (java): No changes found during synchronizing settings.
2025-02-17 20:58:18.818 [info] Keybindings (java): No changes found during synchronizing keybindings.
2025-02-17 20:58:18.820 [info] Snippets (java): No changes found during synchronizing snippets.
2025-02-17 20:58:18.822 [info] Tasks (java): No changes found during synchronizing tasks.
2025-02-17 20:58:18.825 [info] GlobalState (java): No changes found during synchronizing ui state.
2025-02-17 20:58:18.904 [info] Extensions (java): No changes found during synchronizing extensions.
2025-02-17 20:58:18.905 [info] Sync done. Took 375ms
2025-02-17 21:02:11.842 [info] [AutoSync] Triggered by Activity
2025-02-17 21:02:11.843 [info] Sync started.
2025-02-17 21:02:12.576 [info] Settings: No changes found during synchronizing settings.
2025-02-17 21:02:12.581 [info] Keybindings: No changes found during synchronizing keybindings.
2025-02-17 21:02:12.585 [info] Snippets: No changes found during synchronizing snippets.
2025-02-17 21:02:12.589 [info] Tasks: No changes found during synchronizing tasks.
2025-02-17 21:02:12.599 [info] GlobalState: No changes found during synchronizing ui state.
2025-02-17 21:02:12.671 [info] Extensions: No changes found during synchronizing extensions.
2025-02-17 21:02:12.672 [info] Profiles: No changes found during synchronizing profiles.
2025-02-17 21:02:12.673 [info] Syncing profile. java
2025-02-17 21:02:12.685 [info] Settings (java): No changes found during synchronizing settings.
2025-02-17 21:02:12.687 [info] Keybindings (java): No changes found during synchronizing keybindings.
2025-02-17 21:02:12.689 [info] Snippets (java): No changes found during synchronizing snippets.
2025-02-17 21:02:12.691 [info] Tasks (java): No changes found during synchronizing tasks.
2025-02-17 21:02:12.693 [info] GlobalState (java): No changes found during synchronizing ui state.
2025-02-17 21:02:12.766 [info] Extensions (java): No changes found during synchronizing extensions.
2025-02-17 21:02:12.767 [info] Sync done. Took 927ms
2025-02-17 21:02:27.823 [info] [AutoSync] Triggered by Activity
2025-02-17 21:02:27.824 [info] Sync started.
2025-02-17 21:02:27.998 [info] Settings: No changes found during synchronizing settings.
2025-02-17 21:02:28.001 [info] Keybindings: No changes found during synchronizing keybindings.
2025-02-17 21:02:28.003 [info] Snippets: No changes found during synchronizing snippets.
2025-02-17 21:02:28.005 [info] Tasks: No changes found during synchronizing tasks.
2025-02-17 21:02:28.011 [info] GlobalState: No changes found during synchronizing ui state.
2025-02-17 21:02:28.075 [info] Extensions: No changes found during synchronizing extensions.
2025-02-17 21:02:28.077 [info] Profiles: No changes found during synchronizing profiles.
2025-02-17 21:02:28.077 [info] Syncing profile. java
2025-02-17 21:02:28.088 [info] Settings (java): No changes found during synchronizing settings.
2025-02-17 21:02:28.093 [info] Keybindings (java): No changes found during synchronizing keybindings.
2025-02-17 21:02:28.097 [info] Snippets (java): No changes found during synchronizing snippets.
2025-02-17 21:02:28.099 [info] Tasks (java): No changes found during synchronizing tasks.
2025-02-17 21:02:28.104 [info] GlobalState (java): No changes found during synchronizing ui state.
2025-02-17 21:02:28.193 [info] Extensions (java): No changes found during synchronizing extensions.
2025-02-17 21:02:28.194 [info] Sync done. Took 372ms
2025-02-17 21:02:58.499 [info] [AutoSync] Triggered by Activity
2025-02-17 21:02:58.499 [info] Sync started.
2025-02-17 21:02:58.725 [info] Settings: No changes found during synchronizing settings.
2025-02-17 21:02:58.728 [info] Keybindings: No changes found during synchronizing keybindings.
2025-02-17 21:02:58.731 [info] Snippets: No changes found during synchronizing snippets.
2025-02-17 21:02:58.734 [info] Tasks: No changes found during synchronizing tasks.
2025-02-17 21:02:58.742 [info] GlobalState: No changes found during synchronizing ui state.
2025-02-17 21:02:58.806 [info] Extensions: No changes found during synchronizing extensions.
2025-02-17 21:02:58.808 [info] Profiles: No changes found during synchronizing profiles.
2025-02-17 21:02:58.809 [info] Syncing profile. java
2025-02-17 21:02:58.825 [info] Settings (java): No changes found during synchronizing settings.
2025-02-17 21:02:58.827 [info] Keybindings (java): No changes found during synchronizing keybindings.
2025-02-17 21:02:58.828 [info] Snippets (java): No changes found during synchronizing snippets.
2025-02-17 21:02:58.830 [info] Tasks (java): No changes found during synchronizing tasks.
2025-02-17 21:02:58.833 [info] GlobalState (java): No changes found during synchronizing ui state.
2025-02-17 21:02:58.908 [info] Extensions (java): No changes found during synchronizing extensions.
2025-02-17 21:02:58.909 [info] Sync done. Took 412ms
