2025-02-17 20:32:57.633 [info] Reading sessions from keychain...
2025-02-17 20:32:57.633 [info] Getting sessions for all scopes...
2025-02-17 20:32:57.633 [info] Getting sessions for all scopes...
2025-02-17 20:32:57.634 [info] Getting sessions for all scopes...
2025-02-17 20:32:57.634 [info] Got stored sessions!
2025-02-17 20:32:57.634 [info] Got 1 verified sessions.
2025-02-17 20:32:57.634 [info] Got 1 sessions for ...
2025-02-17 20:32:57.634 [info] Got 1 sessions for ...
2025-02-17 20:32:57.634 [info] Got 1 sessions for ...
2025-02-17 20:32:57.634 [info] Getting sessions for user:email...
2025-02-17 20:32:57.634 [info] Got 1 sessions for user:email...
2025-02-17 20:32:57.634 [info] Getting sessions for all scopes...
2025-02-17 20:32:57.634 [info] Got 1 sessions for ...
2025-02-17 20:32:57.634 [info] Getting sessions for all scopes...
2025-02-17 20:32:57.634 [info] Got 1 sessions for ...
2025-02-17 20:32:57.634 [info] Getting sessions for all scopes...
2025-02-17 20:32:57.634 [info] Got 1 sessions for ...
2025-02-17 20:32:57.634 [info] Getting sessions for all scopes...
2025-02-17 20:32:57.634 [info] Got 1 sessions for ...
2025-02-17 20:32:57.634 [info] Getting sessions for all scopes...
2025-02-17 20:32:57.634 [info] Got 1 sessions for ...
2025-02-17 20:32:57.866 [info] Getting sessions for all scopes...
2025-02-17 20:32:57.866 [info] Got 1 sessions for ...
2025-02-17 20:33:02.287 [info] Getting sessions for read:user,repo,user:email,workflow...
2025-02-17 20:33:02.287 [info] Got 0 sessions for read:user,repo,user:email,workflow...
2025-02-17 20:33:02.304 [info] Getting sessions for all scopes...
2025-02-17 20:33:02.304 [info] Got 1 sessions for ...
2025-02-17 20:33:02.304 [info] Getting sessions for all scopes...
2025-02-17 20:33:02.304 [info] Got 1 sessions for ...
2025-02-17 20:33:02.467 [info] Getting sessions for read:user...
2025-02-17 20:33:02.467 [info] Got 0 sessions for read:user...
2025-02-17 20:33:02.469 [info] Getting sessions for read:user,repo,user:email,workflow...
2025-02-17 20:33:02.469 [info] Got 0 sessions for read:user,repo,user:email,workflow...
2025-02-17 20:33:02.523 [info] Getting sessions for user:email...
2025-02-17 20:33:02.523 [info] Got 1 sessions for user:email...
2025-02-17 20:33:02.526 [info] Getting sessions for user:email...
2025-02-17 20:33:02.526 [info] Got 1 sessions for user:email...
2025-02-17 20:33:02.537 [info] Getting sessions for all scopes...
2025-02-17 20:33:02.537 [info] Got 1 sessions for ...
2025-02-17 20:33:02.539 [info] Getting sessions for read:user,repo,user:email,workflow...
2025-02-17 20:33:02.539 [info] Got 0 sessions for read:user,repo,user:email,workflow...
2025-02-17 20:33:02.540 [info] Getting sessions for user:email...
2025-02-17 20:33:02.540 [info] Got 1 sessions for user:email...
2025-02-17 20:33:02.542 [info] Getting sessions for all scopes...
2025-02-17 20:33:02.542 [info] Got 1 sessions for ...
2025-02-17 20:33:02.543 [info] Getting sessions for read:user,repo,user:email,workflow...
2025-02-17 20:33:02.543 [info] Got 0 sessions for read:user,repo,user:email,workflow...
2025-02-17 20:33:02.544 [info] Getting sessions for user:email...
2025-02-17 20:33:02.545 [info] Got 1 sessions for user:email...
2025-02-17 20:33:04.359 [info] Getting sessions for all scopes...
2025-02-17 20:33:04.359 [info] Got 1 sessions for ...
2025-02-17 20:33:04.359 [info] Getting sessions for all scopes...
2025-02-17 20:33:04.359 [info] Got 1 sessions for ...
2025-02-17 20:33:04.360 [info] Getting sessions for read:user,repo,user:email,workflow...
2025-02-17 20:33:04.360 [info] Got 0 sessions for read:user,repo,user:email,workflow...
2025-02-17 20:33:04.362 [info] Getting sessions for user:email...
2025-02-17 20:33:04.362 [info] Got 1 sessions for user:email...
2025-02-17 20:33:04.364 [info] Getting sessions for all scopes...
2025-02-17 20:33:04.364 [info] Got 1 sessions for ...
2025-02-17 20:33:04.365 [info] Getting sessions for read:user,repo,user:email,workflow...
2025-02-17 20:33:04.365 [info] Got 0 sessions for read:user,repo,user:email,workflow...
2025-02-17 20:33:04.366 [info] Getting sessions for user:email...
2025-02-17 20:33:04.366 [info] Got 1 sessions for user:email...
2025-02-17 20:33:04.489 [info] Getting sessions for all scopes...
2025-02-17 20:33:04.489 [info] Got 1 sessions for ...
2025-02-17 20:33:04.526 [info] Getting sessions for read:user,repo,user:email,workflow...
2025-02-17 20:33:04.526 [info] Got 0 sessions for read:user,repo,user:email,workflow...
2025-02-17 20:33:04.536 [info] Getting sessions for user:email...
2025-02-17 20:33:04.536 [info] Got 1 sessions for user:email...
2025-02-17 20:33:04.577 [info] Getting sessions for all scopes...
2025-02-17 20:33:04.577 [info] Got 1 sessions for ...
2025-02-17 20:33:04.593 [info] Getting sessions for read:user,repo,user:email,workflow...
2025-02-17 20:33:04.593 [info] Got 0 sessions for read:user,repo,user:email,workflow...
2025-02-17 20:33:04.594 [info] Getting sessions for user:email...
2025-02-17 20:33:04.594 [info] Got 1 sessions for user:email...
2025-02-17 20:48:10.222 [info] Getting sessions for all scopes...
2025-02-17 20:48:10.223 [info] Got 1 sessions for ...
2025-02-17 20:48:10.225 [info] Getting sessions for read:user,repo,user:email,workflow...
2025-02-17 20:48:10.225 [info] Got 0 sessions for read:user,repo,user:email,workflow...
2025-02-17 20:48:10.228 [info] Getting sessions for user:email...
2025-02-17 20:48:10.228 [info] Got 1 sessions for user:email...
2025-02-17 20:58:04.323 [info] Getting sessions for all scopes...
2025-02-17 20:58:04.324 [info] Got 1 sessions for ...
2025-02-17 20:58:04.326 [info] Getting sessions for read:user,repo,user:email,workflow...
2025-02-17 20:58:04.326 [info] Got 0 sessions for read:user,repo,user:email,workflow...
2025-02-17 20:58:04.328 [info] Getting sessions for user:email...
2025-02-17 20:58:04.328 [info] Got 1 sessions for user:email...
2025-02-17 20:58:05.041 [info] Getting sessions for all scopes...
2025-02-17 20:58:05.041 [info] Got 1 sessions for ...
2025-02-17 20:58:05.041 [info] Getting sessions for all scopes...
2025-02-17 20:58:05.041 [info] Got 1 sessions for ...
2025-02-17 20:58:05.042 [info] Getting sessions for read:user,repo,user:email,workflow...
2025-02-17 20:58:05.042 [info] Got 0 sessions for read:user,repo,user:email,workflow...
2025-02-17 20:58:05.043 [info] Getting sessions for user:email...
2025-02-17 20:58:05.043 [info] Got 1 sessions for user:email...
2025-02-17 20:58:05.044 [info] Getting sessions for all scopes...
2025-02-17 20:58:05.044 [info] Got 1 sessions for ...
2025-02-17 20:58:05.045 [info] Getting sessions for read:user,repo,user:email,workflow...
2025-02-17 20:58:05.045 [info] Got 0 sessions for read:user,repo,user:email,workflow...
2025-02-17 20:58:05.046 [info] Getting sessions for user:email...
2025-02-17 20:58:05.047 [info] Got 1 sessions for user:email...
2025-02-17 20:58:05.056 [info] Getting sessions for all scopes...
2025-02-17 20:58:05.056 [info] Got 1 sessions for ...
2025-02-17 20:58:05.057 [info] Getting sessions for read:user,repo,user:email,workflow...
2025-02-17 20:58:05.057 [info] Got 0 sessions for read:user,repo,user:email,workflow...
2025-02-17 20:58:05.059 [info] Getting sessions for user:email...
2025-02-17 20:58:05.059 [info] Got 1 sessions for user:email...
2025-02-17 20:58:05.063 [info] Getting sessions for all scopes...
2025-02-17 20:58:05.063 [info] Got 1 sessions for ...
2025-02-17 20:58:05.064 [info] Getting sessions for read:user,repo,user:email,workflow...
2025-02-17 20:58:05.064 [info] Got 0 sessions for read:user,repo,user:email,workflow...
2025-02-17 20:58:05.065 [info] Getting sessions for user:email...
2025-02-17 20:58:05.065 [info] Got 1 sessions for user:email...
