2025-02-13 14:13:32.138 [info] Reading sessions from keychain...
2025-02-13 14:13:32.138 [info] Getting sessions for all scopes...
2025-02-13 14:13:32.138 [info] Getting sessions for all scopes...
2025-02-13 14:13:32.138 [info] Getting sessions for all scopes...
2025-02-13 14:13:32.138 [info] Got stored sessions!
2025-02-13 14:13:32.138 [info] Got 1 verified sessions.
2025-02-13 14:13:32.138 [info] Got 1 sessions for ...
2025-02-13 14:13:32.138 [info] Got 1 sessions for ...
2025-02-13 14:13:32.138 [info] Got 1 sessions for ...
2025-02-13 14:13:32.138 [info] Getting sessions for user:email...
2025-02-13 14:13:32.138 [info] Got 1 sessions for user:email...
2025-02-13 14:13:32.138 [info] Getting sessions for all scopes...
2025-02-13 14:13:32.138 [info] Got 1 sessions for ...
2025-02-13 14:13:32.138 [info] Getting sessions for all scopes...
2025-02-13 14:13:32.138 [info] Got 1 sessions for ...
2025-02-13 14:13:32.138 [info] Getting sessions for all scopes...
2025-02-13 14:13:32.138 [info] Got 1 sessions for ...
2025-02-13 14:13:32.138 [info] Getting sessions for all scopes...
2025-02-13 14:13:32.138 [info] Got 1 sessions for ...
2025-02-13 14:13:32.138 [info] Getting sessions for all scopes...
2025-02-13 14:13:32.138 [info] Got 1 sessions for ...
2025-02-13 14:13:32.138 [info] Getting sessions for all scopes...
2025-02-13 14:13:32.138 [info] Got 1 sessions for ...
2025-02-13 14:13:32.138 [info] Getting sessions for all scopes...
2025-02-13 14:13:32.138 [info] Got 1 sessions for ...
2025-02-13 14:13:32.142 [info] Getting sessions for read:user,repo,user:email,workflow...
2025-02-13 14:13:32.142 [info] Got 0 sessions for read:user,repo,user:email,workflow...
2025-02-13 14:13:32.144 [info] Getting sessions for user:email...
2025-02-13 14:13:32.144 [info] Got 1 sessions for user:email...
2025-02-13 14:13:32.146 [info] Getting sessions for all scopes...
2025-02-13 14:13:32.146 [info] Got 1 sessions for ...
2025-02-13 14:13:32.148 [info] Getting sessions for read:user,repo,user:email,workflow...
2025-02-13 14:13:32.148 [info] Got 0 sessions for read:user,repo,user:email,workflow...
2025-02-13 14:13:32.149 [info] Getting sessions for user:email...
2025-02-13 14:13:32.149 [info] Got 1 sessions for user:email...
2025-02-13 14:13:32.150 [info] Getting sessions for all scopes...
2025-02-13 14:13:32.150 [info] Got 1 sessions for ...
2025-02-13 14:13:32.151 [info] Getting sessions for read:user,repo,user:email,workflow...
2025-02-13 14:13:32.151 [info] Got 0 sessions for read:user,repo,user:email,workflow...
2025-02-13 14:13:32.152 [info] Getting sessions for user:email...
2025-02-13 14:13:32.152 [info] Got 1 sessions for user:email...
2025-02-13 14:13:38.374 [info] Getting sessions for read:user,repo,user:email,workflow...
2025-02-13 14:13:38.374 [info] Got 0 sessions for read:user,repo,user:email,workflow...
2025-02-13 14:13:38.443 [info] Getting sessions for all scopes...
2025-02-13 14:13:38.443 [info] Got 1 sessions for ...
2025-02-13 14:13:38.552 [info] Getting sessions for read:user...
2025-02-13 14:13:38.552 [info] Got 0 sessions for read:user...
2025-02-13 14:13:38.576 [info] Getting sessions for read:user,repo,user:email,workflow...
2025-02-13 14:13:38.577 [info] Got 0 sessions for read:user,repo,user:email,workflow...
2025-02-13 14:13:38.611 [info] Getting sessions for user:email...
2025-02-13 14:13:38.611 [info] Got 1 sessions for user:email...
2025-02-13 14:13:38.619 [info] Getting sessions for user:email...
2025-02-13 14:13:38.619 [info] Got 1 sessions for user:email...
2025-02-13 14:13:40.112 [info] Getting sessions for all scopes...
2025-02-13 14:13:40.112 [info] Got 1 sessions for ...
2025-02-13 14:13:40.112 [info] Getting sessions for all scopes...
2025-02-13 14:13:40.112 [info] Got 1 sessions for ...
2025-02-13 14:13:40.119 [info] Getting sessions for read:user,repo,user:email,workflow...
2025-02-13 14:13:40.119 [info] Got 0 sessions for read:user,repo,user:email,workflow...
2025-02-13 14:13:40.120 [info] Getting sessions for user:email...
2025-02-13 14:13:40.120 [info] Got 1 sessions for user:email...
2025-02-13 14:13:40.123 [info] Getting sessions for all scopes...
2025-02-13 14:13:40.123 [info] Got 1 sessions for ...
2025-02-13 14:13:40.124 [info] Getting sessions for read:user,repo,user:email,workflow...
2025-02-13 14:13:40.124 [info] Got 0 sessions for read:user,repo,user:email,workflow...
2025-02-13 14:13:40.125 [info] Getting sessions for user:email...
2025-02-13 14:13:40.125 [info] Got 1 sessions for user:email...
2025-02-13 14:13:40.237 [info] Getting sessions for all scopes...
2025-02-13 14:13:40.237 [info] Got 1 sessions for ...
2025-02-13 14:13:40.253 [info] Getting sessions for read:user,repo,user:email,workflow...
2025-02-13 14:13:40.253 [info] Got 0 sessions for read:user,repo,user:email,workflow...
2025-02-13 14:13:40.254 [info] Getting sessions for user:email...
2025-02-13 14:13:40.254 [info] Got 1 sessions for user:email...
2025-02-13 14:13:41.015 [info] Getting sessions for all scopes...
2025-02-13 14:13:41.015 [info] Got 1 sessions for ...
2025-02-13 14:13:41.042 [info] Getting sessions for read:user,repo,user:email,workflow...
2025-02-13 14:13:41.042 [info] Got 0 sessions for read:user,repo,user:email,workflow...
2025-02-13 14:13:41.051 [info] Getting sessions for user:email...
2025-02-13 14:13:41.051 [info] Got 1 sessions for user:email...
2025-02-13 14:28:41.061 [info] Getting sessions for all scopes...
2025-02-13 14:28:41.061 [info] Got 1 sessions for ...
2025-02-13 14:28:41.062 [info] Getting sessions for read:user,repo,user:email,workflow...
2025-02-13 14:28:41.062 [info] Got 0 sessions for read:user,repo,user:email,workflow...
2025-02-13 14:28:41.063 [info] Getting sessions for user:email...
2025-02-13 14:28:41.063 [info] Got 1 sessions for user:email...
2025-02-13 14:28:41.064 [info] Getting sessions for all scopes...
2025-02-13 14:28:41.064 [info] Got 1 sessions for ...
2025-02-13 14:28:41.065 [info] Getting sessions for read:user,repo,user:email,workflow...
2025-02-13 14:28:41.065 [info] Got 0 sessions for read:user,repo,user:email,workflow...
2025-02-13 14:28:41.066 [info] Getting sessions for user:email...
2025-02-13 14:28:41.066 [info] Got 1 sessions for user:email...
2025-02-13 14:38:39.994 [info] Getting sessions for all scopes...
2025-02-13 14:38:39.994 [info] Got 1 sessions for ...
2025-02-13 14:38:39.995 [info] Getting sessions for read:user,repo,user:email,workflow...
2025-02-13 14:38:39.995 [info] Got 0 sessions for read:user,repo,user:email,workflow...
2025-02-13 14:38:39.996 [info] Getting sessions for user:email...
2025-02-13 14:38:39.996 [info] Got 1 sessions for user:email...
2025-02-13 14:38:40.939 [info] Getting sessions for all scopes...
2025-02-13 14:38:40.939 [info] Got 1 sessions for ...
2025-02-13 14:38:40.940 [info] Getting sessions for all scopes...
2025-02-13 14:38:40.940 [info] Got 1 sessions for ...
2025-02-13 14:38:40.941 [info] Getting sessions for read:user,repo,user:email,workflow...
2025-02-13 14:38:40.941 [info] Got 0 sessions for read:user,repo,user:email,workflow...
2025-02-13 14:38:40.942 [info] Getting sessions for user:email...
2025-02-13 14:38:40.942 [info] Got 1 sessions for user:email...
2025-02-13 14:38:40.944 [info] Getting sessions for all scopes...
2025-02-13 14:38:40.944 [info] Got 1 sessions for ...
2025-02-13 14:38:40.945 [info] Getting sessions for read:user,repo,user:email,workflow...
2025-02-13 14:38:40.945 [info] Got 0 sessions for read:user,repo,user:email,workflow...
2025-02-13 14:38:40.946 [info] Getting sessions for user:email...
2025-02-13 14:38:40.946 [info] Got 1 sessions for user:email...
2025-02-13 14:38:40.957 [info] Getting sessions for all scopes...
2025-02-13 14:38:40.957 [info] Got 1 sessions for ...
2025-02-13 14:38:40.958 [info] Getting sessions for read:user,repo,user:email,workflow...
2025-02-13 14:38:40.958 [info] Got 0 sessions for read:user,repo,user:email,workflow...
2025-02-13 14:38:40.959 [info] Getting sessions for user:email...
2025-02-13 14:38:40.959 [info] Got 1 sessions for user:email...
2025-02-13 14:53:40.963 [info] Getting sessions for all scopes...
2025-02-13 14:53:40.963 [info] Got 1 sessions for ...
2025-02-13 14:53:40.965 [info] Getting sessions for read:user,repo,user:email,workflow...
2025-02-13 14:53:40.965 [info] Got 0 sessions for read:user,repo,user:email,workflow...
2025-02-13 14:53:40.967 [info] Getting sessions for user:email...
2025-02-13 14:53:40.967 [info] Got 1 sessions for user:email...
2025-02-13 14:53:40.970 [info] Getting sessions for all scopes...
2025-02-13 14:53:40.970 [info] Got 1 sessions for ...
2025-02-13 14:53:40.971 [info] Getting sessions for read:user,repo,user:email,workflow...
2025-02-13 14:53:40.971 [info] Got 0 sessions for read:user,repo,user:email,workflow...
2025-02-13 14:53:40.972 [info] Getting sessions for user:email...
2025-02-13 14:53:40.972 [info] Got 1 sessions for user:email...
2025-02-13 15:03:40.940 [info] Getting sessions for all scopes...
2025-02-13 15:03:40.940 [info] Got 1 sessions for ...
2025-02-13 15:03:40.942 [info] Getting sessions for read:user,repo,user:email,workflow...
2025-02-13 15:03:40.942 [info] Got 0 sessions for read:user,repo,user:email,workflow...
2025-02-13 15:03:40.943 [info] Getting sessions for user:email...
2025-02-13 15:03:40.943 [info] Got 1 sessions for user:email...
2025-02-13 15:03:42.112 [info] Getting sessions for all scopes...
2025-02-13 15:03:42.112 [info] Got 1 sessions for ...
2025-02-13 15:03:42.112 [info] Getting sessions for all scopes...
2025-02-13 15:03:42.112 [info] Got 1 sessions for ...
2025-02-13 15:03:42.113 [info] Getting sessions for read:user,repo,user:email,workflow...
2025-02-13 15:03:42.113 [info] Got 0 sessions for read:user,repo,user:email,workflow...
2025-02-13 15:03:42.114 [info] Getting sessions for user:email...
2025-02-13 15:03:42.114 [info] Got 1 sessions for user:email...
2025-02-13 15:03:42.115 [info] Getting sessions for all scopes...
2025-02-13 15:03:42.115 [info] Got 1 sessions for ...
2025-02-13 15:03:42.119 [info] Getting sessions for read:user,repo,user:email,workflow...
2025-02-13 15:03:42.119 [info] Got 0 sessions for read:user,repo,user:email,workflow...
2025-02-13 15:03:42.120 [info] Getting sessions for user:email...
2025-02-13 15:03:42.120 [info] Got 1 sessions for user:email...
2025-02-13 15:03:42.128 [info] Getting sessions for all scopes...
2025-02-13 15:03:42.128 [info] Got 1 sessions for ...
2025-02-13 15:03:42.132 [info] Getting sessions for read:user,repo,user:email,workflow...
2025-02-13 15:03:42.132 [info] Got 0 sessions for read:user,repo,user:email,workflow...
2025-02-13 15:03:42.133 [info] Getting sessions for user:email...
2025-02-13 15:03:42.133 [info] Got 1 sessions for user:email...
2025-02-13 15:03:42.135 [info] Getting sessions for all scopes...
2025-02-13 15:03:42.135 [info] Got 1 sessions for ...
2025-02-13 15:03:42.136 [info] Getting sessions for read:user,repo,user:email,workflow...
2025-02-13 15:03:42.136 [info] Got 0 sessions for read:user,repo,user:email,workflow...
2025-02-13 15:03:42.137 [info] Getting sessions for user:email...
2025-02-13 15:03:42.137 [info] Got 1 sessions for user:email...
