2025-02-15 23:17:59.954 [info] Reading sessions from keychain...
2025-02-15 23:17:59.954 [info] Getting sessions for all scopes...
2025-02-15 23:17:59.954 [info] Getting sessions for all scopes...
2025-02-15 23:17:59.954 [info] Getting sessions for all scopes...
2025-02-15 23:17:59.999 [info] Getting sessions for user:email...
2025-02-15 23:17:59.999 [info] Getting sessions for all scopes...
2025-02-15 23:18:00.000 [info] Getting sessions for all scopes...
2025-02-15 23:18:00.000 [info] Getting sessions for all scopes...
2025-02-15 23:18:00.000 [info] Getting sessions for all scopes...
2025-02-15 23:18:00.000 [info] Getting sessions for all scopes...
2025-02-15 23:18:00.086 [info] Got stored sessions!
2025-02-15 23:18:00.086 [info] Got 1 verified sessions.
2025-02-15 23:18:00.086 [info] Got 1 sessions for ...
2025-02-15 23:18:00.086 [info] Got 1 sessions for ...
2025-02-15 23:18:00.086 [info] Got 1 sessions for ...
2025-02-15 23:18:00.086 [info] Got 1 sessions for user:email...
2025-02-15 23:18:00.086 [info] Got 1 sessions for ...
2025-02-15 23:18:00.086 [info] Got 1 sessions for ...
2025-02-15 23:18:00.086 [info] Got 1 sessions for ...
2025-02-15 23:18:00.086 [info] Got 1 sessions for ...
2025-02-15 23:18:00.086 [info] Got 1 sessions for ...
2025-02-15 23:18:04.381 [info] Getting sessions for all scopes...
2025-02-15 23:18:04.382 [info] Got 1 sessions for ...
2025-02-15 23:18:06.003 [info] Getting sessions for read:user,repo,user:email,workflow...
2025-02-15 23:18:06.003 [info] Got 0 sessions for read:user,repo,user:email,workflow...
2025-02-15 23:18:06.003 [info] Getting sessions for all scopes...
2025-02-15 23:18:06.003 [info] Got 1 sessions for ...
2025-02-15 23:18:06.004 [info] Getting sessions for all scopes...
2025-02-15 23:18:06.004 [info] Got 1 sessions for ...
2025-02-15 23:18:06.455 [info] Getting sessions for read:user...
2025-02-15 23:18:06.455 [info] Got 0 sessions for read:user...
2025-02-15 23:18:06.455 [info] Getting sessions for read:user,repo,user:email,workflow...
2025-02-15 23:18:06.455 [info] Got 0 sessions for read:user,repo,user:email,workflow...
2025-02-15 23:18:08.076 [info] Getting sessions for user:email...
2025-02-15 23:18:08.076 [info] Got 1 sessions for user:email...
2025-02-15 23:18:08.078 [info] Getting sessions for user:email...
2025-02-15 23:18:08.078 [info] Got 1 sessions for user:email...
2025-02-15 23:18:08.137 [info] Getting sessions for all scopes...
2025-02-15 23:18:08.137 [info] Got 1 sessions for ...
2025-02-15 23:18:08.139 [info] Getting sessions for read:user,repo,user:email,workflow...
2025-02-15 23:18:08.139 [info] Got 0 sessions for read:user,repo,user:email,workflow...
2025-02-15 23:18:08.140 [info] Getting sessions for user:email...
2025-02-15 23:18:08.140 [info] Got 1 sessions for user:email...
2025-02-15 23:18:08.142 [info] Getting sessions for all scopes...
2025-02-15 23:18:08.142 [info] Got 1 sessions for ...
2025-02-15 23:18:08.143 [info] Getting sessions for read:user,repo,user:email,workflow...
2025-02-15 23:18:08.143 [info] Got 0 sessions for read:user,repo,user:email,workflow...
2025-02-15 23:18:08.144 [info] Getting sessions for user:email...
2025-02-15 23:18:08.144 [info] Got 1 sessions for user:email...
2025-02-15 23:18:08.522 [info] Getting sessions for all scopes...
2025-02-15 23:18:08.522 [info] Got 1 sessions for ...
2025-02-15 23:18:08.580 [info] Getting sessions for read:user,repo,user:email,workflow...
2025-02-15 23:18:08.580 [info] Got 0 sessions for read:user,repo,user:email,workflow...
2025-02-15 23:18:08.674 [info] Getting sessions for user:email...
2025-02-15 23:18:08.675 [info] Got 1 sessions for user:email...
2025-02-15 23:18:08.812 [info] Getting sessions for all scopes...
2025-02-15 23:18:08.812 [info] Got 1 sessions for ...
2025-02-15 23:18:08.813 [info] Getting sessions for all scopes...
2025-02-15 23:18:08.813 [info] Got 1 sessions for ...
2025-02-15 23:18:08.833 [info] Getting sessions for read:user,repo,user:email,workflow...
2025-02-15 23:18:08.833 [info] Got 0 sessions for read:user,repo,user:email,workflow...
2025-02-15 23:18:08.834 [info] Getting sessions for user:email...
2025-02-15 23:18:08.834 [info] Got 1 sessions for user:email...
2025-02-15 23:18:08.836 [info] Getting sessions for all scopes...
2025-02-15 23:18:08.836 [info] Got 1 sessions for ...
2025-02-15 23:18:08.838 [info] Getting sessions for read:user,repo,user:email,workflow...
2025-02-15 23:18:08.838 [info] Got 0 sessions for read:user,repo,user:email,workflow...
2025-02-15 23:18:08.839 [info] Getting sessions for user:email...
2025-02-15 23:18:08.839 [info] Got 1 sessions for user:email...
2025-02-15 23:18:08.933 [info] Getting sessions for all scopes...
2025-02-15 23:18:08.933 [info] Got 1 sessions for ...
2025-02-15 23:18:08.941 [info] Getting sessions for read:user,repo,user:email,workflow...
2025-02-15 23:18:08.941 [info] Got 0 sessions for read:user,repo,user:email,workflow...
2025-02-15 23:18:08.942 [info] Getting sessions for user:email...
2025-02-15 23:18:08.942 [info] Got 1 sessions for user:email...
2025-02-15 23:18:09.713 [info] Getting sessions for all scopes...
2025-02-15 23:18:09.713 [info] Got 1 sessions for ...
2025-02-15 23:18:09.715 [info] Getting sessions for read:user,repo,user:email,workflow...
2025-02-15 23:18:09.715 [info] Got 0 sessions for read:user,repo,user:email,workflow...
2025-02-15 23:18:09.718 [info] Getting sessions for user:email...
2025-02-15 23:18:09.718 [info] Got 1 sessions for user:email...
2025-02-15 23:18:39.681 [info] Reading sessions from keychain...
2025-02-15 23:18:39.681 [info] Getting sessions for all scopes...
2025-02-15 23:18:39.681 [info] Getting sessions for all scopes...
2025-02-15 23:18:39.681 [info] Got stored sessions!
2025-02-15 23:18:39.681 [info] Got 1 verified sessions.
2025-02-15 23:18:39.681 [info] Got 1 sessions for ...
2025-02-15 23:18:39.681 [info] Got 1 sessions for ...
2025-02-15 23:18:39.681 [info] Getting sessions for all scopes...
2025-02-15 23:18:39.681 [info] Got 1 sessions for ...
2025-02-15 23:18:39.681 [info] Getting sessions for all scopes...
2025-02-15 23:18:39.681 [info] Got 1 sessions for ...
2025-02-15 23:18:39.681 [info] Getting sessions for all scopes...
2025-02-15 23:18:39.681 [info] Got 1 sessions for ...
2025-02-15 23:18:39.681 [info] Getting sessions for all scopes...
2025-02-15 23:18:39.681 [info] Got 1 sessions for ...
2025-02-15 23:18:39.681 [info] Getting sessions for all scopes...
2025-02-15 23:18:39.681 [info] Got 1 sessions for ...
2025-02-15 23:18:39.681 [info] Getting sessions for all scopes...
2025-02-15 23:18:39.681 [info] Got 1 sessions for ...
2025-02-15 23:18:39.716 [info] Getting sessions for user:email...
2025-02-15 23:18:39.716 [info] Got 1 sessions for user:email...
2025-02-15 23:18:41.413 [info] Getting sessions for all scopes...
2025-02-15 23:18:41.413 [info] Got 1 sessions for ...
2025-02-15 23:18:41.595 [info] Getting sessions for all scopes...
2025-02-15 23:18:41.595 [info] Got 1 sessions for ...
2025-02-15 23:18:41.596 [info] Getting sessions for all scopes...
2025-02-15 23:18:41.596 [info] Got 1 sessions for ...
2025-02-15 23:18:43.822 [info] Getting sessions for read:user,repo,user:email,workflow...
2025-02-15 23:18:43.822 [info] Got 0 sessions for read:user,repo,user:email,workflow...
2025-02-15 23:18:44.131 [info] Getting sessions for read:user,repo,user:email,workflow...
2025-02-15 23:18:44.131 [info] Got 0 sessions for read:user,repo,user:email,workflow...
2025-02-15 23:18:44.203 [info] Getting sessions for user:email...
2025-02-15 23:18:44.203 [info] Got 1 sessions for user:email...
2025-02-15 23:18:44.270 [info] Getting sessions for read:user...
2025-02-15 23:18:44.270 [info] Got 0 sessions for read:user...
2025-02-15 23:18:44.300 [info] Getting sessions for all scopes...
2025-02-15 23:18:44.300 [info] Got 1 sessions for ...
2025-02-15 23:18:44.381 [info] Getting sessions for user:email...
2025-02-15 23:18:44.381 [info] Got 1 sessions for user:email...
2025-02-15 23:18:44.382 [info] Getting sessions for read:user,repo,user:email,workflow...
2025-02-15 23:18:44.382 [info] Got 0 sessions for read:user,repo,user:email,workflow...
2025-02-15 23:18:44.436 [info] Getting sessions for user:email...
2025-02-15 23:18:44.436 [info] Got 1 sessions for user:email...
2025-02-15 23:18:45.875 [info] Getting sessions for all scopes...
2025-02-15 23:18:45.875 [info] Got 1 sessions for ...
2025-02-15 23:18:46.051 [info] Getting sessions for read:user,repo,user:email,workflow...
2025-02-15 23:18:46.051 [info] Got 0 sessions for read:user,repo,user:email,workflow...
2025-02-15 23:18:46.063 [info] Getting sessions for user:email...
2025-02-15 23:18:46.063 [info] Got 1 sessions for user:email...
2025-02-15 23:18:46.780 [info] Getting sessions for all scopes...
2025-02-15 23:18:46.780 [info] Got 1 sessions for ...
2025-02-15 23:18:46.781 [info] Getting sessions for all scopes...
2025-02-15 23:18:46.781 [info] Got 1 sessions for ...
2025-02-15 23:18:46.796 [info] Getting sessions for read:user,repo,user:email,workflow...
2025-02-15 23:18:46.796 [info] Got 0 sessions for read:user,repo,user:email,workflow...
2025-02-15 23:18:46.797 [info] Getting sessions for user:email...
2025-02-15 23:18:46.797 [info] Got 1 sessions for user:email...
2025-02-15 23:18:46.800 [info] Getting sessions for all scopes...
2025-02-15 23:18:46.800 [info] Got 1 sessions for ...
2025-02-15 23:18:46.801 [info] Getting sessions for read:user,repo,user:email,workflow...
2025-02-15 23:18:46.802 [info] Got 0 sessions for read:user,repo,user:email,workflow...
2025-02-15 23:18:46.803 [info] Getting sessions for user:email...
2025-02-15 23:18:46.803 [info] Got 1 sessions for user:email...
2025-02-15 23:18:47.308 [info] Getting sessions for all scopes...
2025-02-15 23:18:47.308 [info] Got 1 sessions for ...
2025-02-15 23:18:47.353 [info] Getting sessions for read:user,repo,user:email,workflow...
2025-02-15 23:18:47.353 [info] Got 0 sessions for read:user,repo,user:email,workflow...
2025-02-15 23:18:47.356 [info] Getting sessions for user:email...
2025-02-15 23:18:47.356 [info] Got 1 sessions for user:email...
