2025-02-18 13:38:10.508 [info] [principal] Nível de log: Info
2025-02-18 13:38:10.508 [info] [principal] Validando o git encontrado em: "git"
2025-02-18 13:38:10.508 [info] [principal] Usando git "2.48.1" de "git"
2025-02-18 13:38:10.508 [info] [Model][doInitialScan] Initial repository scan started
2025-02-18 13:38:10.508 [info] > git rev-parse --show-toplevel [16ms]
2025-02-18 13:38:10.508 [info] fatal: not a git repository (or any parent up to mount point /)
Stopping at filesystem boundary (GIT_DISCOVERY_ACROSS_FILESYSTEM not set).
2025-02-18 13:38:10.508 [info] > git rev-parse --show-toplevel [1325ms]
2025-02-18 13:38:10.508 [info] fatal: not a git repository (or any parent up to mount point /)
Stopping at filesystem boundary (GIT_DISCOVERY_ACROSS_FILESYSTEM not set).
2025-02-18 13:38:10.512 [info] > git rev-parse --show-toplevel [12ms]
2025-02-18 13:38:10.512 [info] fatal: not a git repository (or any parent up to mount point /)
Stopping at filesystem boundary (GIT_DISCOVERY_ACROSS_FILESYSTEM not set).
2025-02-18 13:38:10.515 [info] [Model][doInitialScan] Initial repository scan completed - repositories (0), closed repositories (0), parent repositories (0), unsafe repositories (0)
2025-02-18 13:38:10.533 [info] > git rev-parse --show-toplevel [5ms]
2025-02-18 13:38:10.533 [info] fatal: not a git repository (or any parent up to mount point /)
Stopping at filesystem boundary (GIT_DISCOVERY_ACROSS_FILESYSTEM not set).
2025-02-18 13:38:17.617 [info] > git rev-parse --show-toplevel [3ms]
2025-02-18 13:38:17.617 [info] fatal: not a git repository (or any parent up to mount point /)
Stopping at filesystem boundary (GIT_DISCOVERY_ACROSS_FILESYSTEM not set).
2025-02-18 13:38:20.519 [info] > git rev-parse --show-toplevel [10ms]
2025-02-18 13:38:20.519 [info] fatal: not a git repository (or any parent up to mount point /)
Stopping at filesystem boundary (GIT_DISCOVERY_ACROSS_FILESYSTEM not set).
2025-02-18 15:02:56.617 [info] > git rev-parse --show-toplevel [6ms]
2025-02-18 15:02:56.617 [info] fatal: not a git repository (or any parent up to mount point /)
Stopping at filesystem boundary (GIT_DISCOVERY_ACROSS_FILESYSTEM not set).
2025-02-18 15:04:18.400 [info] > git rev-parse --show-toplevel [2ms]
2025-02-18 15:04:18.400 [info] fatal: not a git repository (or any parent up to mount point /)
Stopping at filesystem boundary (GIT_DISCOVERY_ACROSS_FILESYSTEM not set).
2025-02-18 15:04:20.691 [info] > git rev-parse --show-toplevel [28ms]
2025-02-18 15:04:20.691 [info] fatal: not a git repository (or any parent up to mount point /)
Stopping at filesystem boundary (GIT_DISCOVERY_ACROSS_FILESYSTEM not set).
2025-02-18 15:04:51.579 [info] > git rev-parse --show-toplevel [3ms]
2025-02-18 15:04:51.579 [info] fatal: not a git repository (or any parent up to mount point /)
Stopping at filesystem boundary (GIT_DISCOVERY_ACROSS_FILESYSTEM not set).
2025-02-18 15:05:01.435 [info] > git rev-parse --show-toplevel [5ms]
2025-02-18 15:05:01.435 [info] fatal: not a git repository (or any parent up to mount point /)
Stopping at filesystem boundary (GIT_DISCOVERY_ACROSS_FILESYSTEM not set).
2025-02-18 15:05:04.667 [info] > git rev-parse --show-toplevel [2ms]
2025-02-18 15:05:04.667 [info] fatal: not a git repository (or any parent up to mount point /)
Stopping at filesystem boundary (GIT_DISCOVERY_ACROSS_FILESYSTEM not set).
2025-02-18 15:05:10.352 [info] > git rev-parse --show-toplevel [5ms]
2025-02-18 15:05:10.352 [info] fatal: not a git repository (or any parent up to mount point /)
Stopping at filesystem boundary (GIT_DISCOVERY_ACROSS_FILESYSTEM not set).
2025-02-18 15:05:16.766 [info] > git rev-parse --show-toplevel [7ms]
2025-02-18 15:05:16.767 [info] fatal: not a git repository (or any parent up to mount point /)
Stopping at filesystem boundary (GIT_DISCOVERY_ACROSS_FILESYSTEM not set).
2025-02-18 15:05:22.866 [info] > git rev-parse --show-toplevel [4ms]
2025-02-18 15:05:22.866 [info] fatal: not a git repository (or any parent up to mount point /)
Stopping at filesystem boundary (GIT_DISCOVERY_ACROSS_FILESYSTEM not set).
2025-02-18 15:05:23.841 [info] > git rev-parse --show-toplevel [6ms]
2025-02-18 15:05:23.841 [info] fatal: not a git repository (or any parent up to mount point /)
Stopping at filesystem boundary (GIT_DISCOVERY_ACROSS_FILESYSTEM not set).
2025-02-18 15:05:24.956 [info] > git rev-parse --show-toplevel [2ms]
2025-02-18 15:05:24.956 [info] fatal: not a git repository (or any parent up to mount point /)
Stopping at filesystem boundary (GIT_DISCOVERY_ACROSS_FILESYSTEM not set).
2025-02-18 15:06:10.097 [info] > git rev-parse --show-toplevel [4ms]
2025-02-18 15:06:10.097 [info] fatal: not a git repository (or any parent up to mount point /)
Stopping at filesystem boundary (GIT_DISCOVERY_ACROSS_FILESYSTEM not set).
2025-02-18 15:14:46.848 [info] > git rev-parse --show-toplevel [4ms]
2025-02-18 15:14:46.848 [info] fatal: not a git repository (or any parent up to mount point /)
Stopping at filesystem boundary (GIT_DISCOVERY_ACROSS_FILESYSTEM not set).
2025-02-18 15:14:48.224 [info] > git rev-parse --show-toplevel [4ms]
2025-02-18 15:14:48.224 [info] fatal: not a git repository (or any parent up to mount point /)
Stopping at filesystem boundary (GIT_DISCOVERY_ACROSS_FILESYSTEM not set).
2025-02-18 15:15:21.711 [info] > git rev-parse --show-toplevel [4ms]
2025-02-18 15:15:21.711 [info] fatal: not a git repository (or any parent up to mount point /)
Stopping at filesystem boundary (GIT_DISCOVERY_ACROSS_FILESYSTEM not set).
2025-02-18 15:15:34.351 [info] > git rev-parse --show-toplevel [5ms]
2025-02-18 15:15:34.351 [info] fatal: not a git repository (or any of the parent directories): .git
2025-02-18 15:15:37.706 [info] > git rev-parse --show-toplevel [3ms]
2025-02-18 15:15:37.706 [info] fatal: not a git repository (or any parent up to mount point /)
Stopping at filesystem boundary (GIT_DISCOVERY_ACROSS_FILESYSTEM not set).
2025-02-18 15:15:41.755 [info] > git rev-parse --show-toplevel [2ms]
2025-02-18 15:15:41.756 [info] fatal: not a git repository (or any of the parent directories): .git
2025-02-18 15:15:44.870 [info] > git rev-parse --show-toplevel [4ms]
2025-02-18 15:15:44.870 [info] fatal: not a git repository (or any parent up to mount point /)
Stopping at filesystem boundary (GIT_DISCOVERY_ACROSS_FILESYSTEM not set).
2025-02-18 15:16:02.577 [info] > git rev-parse --show-toplevel [4ms]
2025-02-18 15:16:02.577 [info] fatal: not a git repository (or any parent up to mount point /)
Stopping at filesystem boundary (GIT_DISCOVERY_ACROSS_FILESYSTEM not set).
2025-02-18 15:16:03.850 [info] > git rev-parse --show-toplevel [2ms]
2025-02-18 15:16:03.850 [info] fatal: not a git repository (or any parent up to mount point /)
Stopping at filesystem boundary (GIT_DISCOVERY_ACROSS_FILESYSTEM not set).
2025-02-18 15:17:59.487 [info] > git rev-parse --show-toplevel [10ms]
2025-02-18 15:17:59.487 [info] fatal: not a git repository (or any parent up to mount point /)
Stopping at filesystem boundary (GIT_DISCOVERY_ACROSS_FILESYSTEM not set).
2025-02-18 15:18:08.585 [info] > git rev-parse --show-toplevel [2ms]
2025-02-18 15:18:08.585 [info] fatal: not a git repository (or any parent up to mount point /)
Stopping at filesystem boundary (GIT_DISCOVERY_ACROSS_FILESYSTEM not set).
2025-02-18 15:25:33.865 [info] > git rev-parse --show-toplevel [5ms]
2025-02-18 15:25:33.865 [info] fatal: not a git repository (or any parent up to mount point /)
Stopping at filesystem boundary (GIT_DISCOVERY_ACROSS_FILESYSTEM not set).
2025-02-18 15:27:48.224 [info] > git rev-parse --show-toplevel [4ms]
2025-02-18 15:27:48.224 [info] fatal: not a git repository (or any parent up to mount point /)
Stopping at filesystem boundary (GIT_DISCOVERY_ACROSS_FILESYSTEM not set).
2025-02-18 15:28:12.643 [info] > git rev-parse --show-toplevel [2ms]
2025-02-18 15:28:12.643 [info] fatal: not a git repository (or any parent up to mount point /)
Stopping at filesystem boundary (GIT_DISCOVERY_ACROSS_FILESYSTEM not set).
2025-02-18 15:38:42.086 [info] > git rev-parse --show-toplevel [4ms]
2025-02-18 15:38:42.087 [info] fatal: not a git repository (or any parent up to mount point /)
Stopping at filesystem boundary (GIT_DISCOVERY_ACROSS_FILESYSTEM not set).
