2025-02-18 15:04:21.469 [info] (Client) Pylance async client (2025.2.1) started with python extension (2025.0.0)
2025-02-18 15:04:21.798 [info] [Info  - 15:04:21] (12466) Server root directory: file:///home/gustavo/.vscode/extensions/ms-python.vscode-pylance-2025.2.1/dist
2025-02-18 15:04:21.800 [info] [Info  - 15:04:21] (12466) Pylance language server 2025.2.1 (pyright version 1.1.393, commit 3763156f) starting
2025-02-18 15:04:21.809 [info] [Info  - 15:04:21] (12466) Starting service instance "waybar"
2025-02-18 15:04:21.884 [info] [Info  - 15:04:21] (12466) Setting environmentName for service "waybar": "3.13.1 (global)"
2025-02-18 15:04:21.884 [info] [Info  - 15:04:21] (12466) Setting pythonPath for service "waybar": "/bin/python"
2025-02-18 15:04:21.884 [info] [Info  - 15:04:21] (12466) No include entries specified; assuming /home/gustavo/.config/waybar
2025-02-18 15:04:21.885 [info] [Info  - 15:04:21] (12466) Auto-excluding **/node_modules
2025-02-18 15:04:21.885 [info] [Info  - 15:04:21] (12466) Auto-excluding **/__pycache__
2025-02-18 15:04:21.885 [info] [Info  - 15:04:21] (12466) Auto-excluding **/.*
2025-02-18 15:04:21.923 [info] [Info  - 15:04:21] (12466) Assuming Python version 3.13.1.final.0
2025-02-18 15:04:22.065 [info] [Info  - 15:04:22] (12466) Found 1 source file
2025-02-18 15:04:22.947 [info] [Info  - 15:04:22] (12466) Background analysis(1) root directory: file:///home/gustavo/.vscode/extensions/ms-python.vscode-pylance-2025.2.1/dist
2025-02-18 15:04:22.952 [info] [Info  - 15:04:22] (12466) Background analysis(1) started
2025-02-18 15:04:23.178 [info] [Info  - 15:04:23] (12466) Indexer background runner(2) root directory: file:///home/gustavo/.vscode/extensions/ms-python.vscode-pylance-2025.2.1/dist (index)
2025-02-18 15:04:23.178 [info] [Info  - 15:04:23] (12466) Indexing(2) started
2025-02-18 15:04:23.982 [info] [Info  - 15:04:23] (12466) scanned(2) 48 files over 1 exec env
2025-02-18 15:04:24.585 [info] [Info  - 15:04:24] (12466) indexed(2) 48 files over 1 exec env
2025-02-18 15:04:24.623 [info] [Info  - 15:04:24] (12466) Indexing finished(2).
2025-02-18 15:05:17.296 [info] [Info  - 15:05:17] (12466) Found 1 source file
