2025-02-15 23:19:18.674 [info] O experimento 'pythonRecommendTensorboardExt' está ativo
2025-02-15 23:19:18.674 [info] O experimento 'pythonTerminalEnvVarActivation' está ativo
2025-02-15 23:19:18.674 [info] O experimento 'pythonTestAdapter' está ativo
2025-02-15 23:19:18.674 [info] Native locator: Refresh started
2025-02-15 23:19:18.674 [info] Native locator: Refresh started
2025-02-15 23:19:18.674 [info] Native locator: Refresh started
2025-02-15 23:19:18.674 [info] VS Code was launched from an activated environment: 'venv', selecting it as the interpreter for workspace.
2025-02-15 23:19:18.795 [info] > conda info --json
2025-02-15 23:19:18.872 [info] Caminho do interpretador Python: ./venv/bin/python
2025-02-15 23:19:18.880 [info] Native locator: Refresh finished in 1881 ms
2025-02-15 23:19:18.898 [info] > pyenv which python
2025-02-15 23:19:18.898 [info] cwd: .
2025-02-15 23:19:19.199 [info] > . ./venv/bin/activate && echo 'e8b39361-0157-4923-80e1-22d70d46dee6' && python ~/.vscode/extensions/ms-python.python-2025.0.0-linux-x64/python_files/printEnvVariables.py
2025-02-15 23:19:19.199 [info] shell: zsh
2025-02-15 23:19:19.287 [info] > /bin/python ~/.vscode/extensions/ms-python.python-2025.0.0-linux-x64/python_files/printEnvVariables.py
2025-02-15 23:19:19.287 [info] shell: zsh
2025-02-15 23:19:19.375 [info] Prepending environment variable PATH in collection with /home/gustavo/.vscode/extensions/ms-python.python-2025.0.0-linux-x64/python_files/deactivate/zsh:/home/gustavo/Documentos/playlist-converter/venv/bin: {"applyAtShellIntegration":true,"applyAtProcessCreation":true}
2025-02-15 23:19:19.375 [info] Prepending environment variable PS1 in collection with venv {"applyAtShellIntegration":true,"applyAtProcessCreation":false}
2025-02-15 23:19:19.377 [info] Send text to terminal: /bin/python /home/gustavo/.vscode/extensions/ms-python.python-2025.0.0-linux-x64/python_files/printEnvVariablesToFile.py /home/gustavo/.vscode/extensions/ms-python.python-2025.0.0-linux-x64/python_files/deactivate/zsh/envVars.txt
2025-02-15 23:19:20.320 [info] Iniciando servidor de idiomas Pylance.
2025-02-15 23:22:31.823 [info] > . ./venv/bin/activate && echo 'e8b39361-0157-4923-80e1-22d70d46dee6' && python ~/.vscode/extensions/ms-python.python-2025.0.0-linux-x64/python_files/printEnvVariables.py
2025-02-15 23:22:31.823 [info] shell: zsh
2025-02-15 23:22:31.883 [info] Prepending environment variable PATH in collection with /home/gustavo/.vscode/extensions/ms-python.python-2025.0.0-linux-x64/python_files/deactivate/zsh:/home/gustavo/Documentos/playlist-converter/venv/bin: {"applyAtShellIntegration":true,"applyAtProcessCreation":true}
2025-02-15 23:22:31.883 [info] Prepending environment variable PS1 in collection with venv {"applyAtShellIntegration":true,"applyAtProcessCreation":false}
2025-02-15 23:22:39.296 [info] > . ./venv/bin/activate && echo 'e8b39361-0157-4923-80e1-22d70d46dee6' && python ~/.vscode/extensions/ms-python.python-2025.0.0-linux-x64/python_files/printEnvVariables.py
2025-02-15 23:22:39.296 [info] shell: zsh
2025-02-15 23:22:39.344 [info] Setting environment variable CLIENT_ID in collection to ba572849645f4095b1d5bfae3244dc97 {"applyAtShellIntegration":true,"applyAtProcessCreation":true}
2025-02-15 23:22:39.344 [info] Prepending environment variable PATH in collection with /home/gustavo/.vscode/extensions/ms-python.python-2025.0.0-linux-x64/python_files/deactivate/zsh:/home/gustavo/Documentos/playlist-converter/venv/bin: {"applyAtShellIntegration":true,"applyAtProcessCreation":true}
2025-02-15 23:22:39.344 [info] Prepending environment variable PS1 in collection with venv {"applyAtShellIntegration":true,"applyAtProcessCreation":false}
2025-02-15 23:22:56.545 [info] > . ./venv/bin/activate && echo 'e8b39361-0157-4923-80e1-22d70d46dee6' && python ~/.vscode/extensions/ms-python.python-2025.0.0-linux-x64/python_files/printEnvVariables.py
2025-02-15 23:22:56.545 [info] shell: zsh
2025-02-15 23:22:56.595 [info] Setting environment variable CLIENT_ID in collection to ba572849645f4095b1d5bfae3244dc97 {"applyAtShellIntegration":true,"applyAtProcessCreation":true}
2025-02-15 23:22:56.595 [info] Prepending environment variable PATH in collection with /home/gustavo/.vscode/extensions/ms-python.python-2025.0.0-linux-x64/python_files/deactivate/zsh:/home/gustavo/Documentos/playlist-converter/venv/bin: {"applyAtShellIntegration":true,"applyAtProcessCreation":true}
2025-02-15 23:22:56.595 [info] Prepending environment variable PS1 in collection with venv {"applyAtShellIntegration":true,"applyAtProcessCreation":false}
