2025-02-15 23:19:19.716 [info] (Client) Pylance async client (2025.2.1) started with python extension (2025.0.0)
2025-02-15 23:19:20.280 [info] [Info  - 23:19:20] (11239) Server root directory: file:///home/gustavo/.vscode/extensions/ms-python.vscode-pylance-2025.2.1/dist
2025-02-15 23:19:20.281 [info] [Info  - 23:19:20] (11239) Pylance language server 2025.2.1 (pyright version 1.1.393, commit 3763156f) starting
2025-02-15 23:19:20.290 [info] [Info  - 23:19:20] (11239) Starting service instance "playlist-converter"
2025-02-15 23:19:20.363 [info] [Info  - 23:19:20] (11239) Setting environmentName for service "playlist-converter": "3.13.1 (venv venv)"
2025-02-15 23:19:20.363 [info] [Info  - 23:19:20] (11239) Setting pythonPath for service "playlist-converter": "/home/gustavo/Documentos/playlist-converter/venv/bin/python"
2025-02-15 23:19:20.366 [info] [Info  - 23:19:20] (11239) No include entries specified; assuming /home/gustavo/Documentos/playlist-converter
2025-02-15 23:19:20.367 [info] [Info  - 23:19:20] (11239) Auto-excluding **/node_modules
2025-02-15 23:19:20.368 [info] [Info  - 23:19:20] (11239) Auto-excluding **/__pycache__
2025-02-15 23:19:20.368 [info] [Info  - 23:19:20] (11239) Auto-excluding **/.*
2025-02-15 23:19:20.401 [info] [Info  - 23:19:20] (11239) Assuming Python version 3.13.1.final.0
2025-02-15 23:19:20.743 [info] [Info  - 23:19:20] (11239) Auto-excluding /home/gustavo/Documentos/playlist-converter/venv
2025-02-15 23:19:20.747 [info] [Info  - 23:19:20] (11239) Found 1 source file
2025-02-15 23:19:21.319 [info] [Info  - 23:19:21] (11239) Background analysis(1) root directory: file:///home/gustavo/.vscode/extensions/ms-python.vscode-pylance-2025.2.1/dist
2025-02-15 23:19:21.322 [info] [Info  - 23:19:21] (11239) Background analysis(1) started
2025-02-15 23:19:21.771 [info] [Info  - 23:19:21] (11239) Indexer background runner(2) root directory: file:///home/gustavo/.vscode/extensions/ms-python.vscode-pylance-2025.2.1/dist (index)
2025-02-15 23:19:21.771 [info] [Info  - 23:19:21] (11239) Indexing(2) started
2025-02-15 23:19:22.304 [info] [Info  - 23:19:22] (11239) scanned(2) 10 files over 1 exec env
2025-02-15 23:19:22.643 [info] [Info  - 23:19:22] (11239) indexed(2) 10 files over 1 exec env
2025-02-15 23:19:22.656 [info] [Info  - 23:19:22] (11239) Indexing finished(2).
2025-02-15 23:19:52.671 [info] [Info  - 23:19:52] (11239) Auto-excluding /home/gustavo/Documentos/playlist-converter/venv
2025-02-15 23:19:52.675 [info] [Info  - 23:19:52] (11239) Found 2 source files
2025-02-15 23:19:57.880 [info] [Info  - 23:19:57] (11239) Auto-excluding /home/gustavo/Documentos/playlist-converter/venv
2025-02-15 23:19:57.881 [info] [Info  - 23:19:57] (11239) Found 3 source files
2025-02-15 23:22:31.761 [info] [Info  - 23:22:31] (11239) Setting environmentName for service "playlist-converter": "3.13.1 (venv venv)"
2025-02-15 23:22:31.761 [info] [Info  - 23:22:31] (11239) Setting pythonPath for service "playlist-converter": "/home/gustavo/Documentos/playlist-converter/venv/bin/python"
2025-02-15 23:22:31.761 [info] [Info  - 23:22:31] (11239) No include entries specified; assuming /home/gustavo/Documentos/playlist-converter
2025-02-15 23:22:31.761 [info] [Info  - 23:22:31] (11239) Auto-excluding **/node_modules
2025-02-15 23:22:31.761 [info] [Info  - 23:22:31] (11239) Auto-excluding **/__pycache__
2025-02-15 23:22:31.762 [info] [Info  - 23:22:31] (11239) Auto-excluding **/.*
2025-02-15 23:22:31.824 [info] [Info  - 23:22:31] (11239) Assuming Python version 3.13.1.final.0
2025-02-15 23:22:31.907 [info] [Info  - 23:22:31] (11239) Auto-excluding /home/gustavo/Documentos/playlist-converter/venv
2025-02-15 23:22:31.912 [info] [Info  - 23:22:31] (11239) Found 3 source files
2025-02-15 23:22:32.596 [info] [Info  - 23:22:32] (11239) Indexer background runner(3) root directory: file:///home/gustavo/.vscode/extensions/ms-python.vscode-pylance-2025.2.1/dist (index)
2025-02-15 23:22:32.596 [info] [Info  - 23:22:32] (11239) Indexing(3) started
2025-02-15 23:22:33.004 [info] [Info  - 23:22:33] (11239) scanned(3) 10 files over 1 exec env
2025-02-15 23:22:33.254 [info] [Info  - 23:22:33] (11239) indexed(3) 10 files over 1 exec env
2025-02-15 23:22:33.271 [info] [Info  - 23:22:33] (11239) Indexing finished(3).
2025-02-15 23:22:39.305 [info] [Info  - 23:22:39] (11239) Setting environmentName for service "playlist-converter": "3.13.1 (venv venv)"
2025-02-15 23:22:39.305 [info] [Info  - 23:22:39] (11239) Setting pythonPath for service "playlist-converter": "/home/gustavo/Documentos/playlist-converter/venv/bin/python"
2025-02-15 23:22:39.305 [info] [Info  - 23:22:39] (11239) No include entries specified; assuming /home/gustavo/Documentos/playlist-converter
2025-02-15 23:22:39.305 [info] [Info  - 23:22:39] (11239) Auto-excluding **/node_modules
2025-02-15 23:22:39.305 [info] [Info  - 23:22:39] (11239) Auto-excluding **/__pycache__
2025-02-15 23:22:39.306 [info] [Info  - 23:22:39] (11239) Auto-excluding **/.*
2025-02-15 23:22:39.349 [info] [Info  - 23:22:39] (11239) Assuming Python version 3.13.1.final.0
2025-02-15 23:22:39.420 [info] [Info  - 23:22:39] (11239) Auto-excluding /home/gustavo/Documentos/playlist-converter/venv
2025-02-15 23:22:39.421 [info] [Info  - 23:22:39] (11239) Found 3 source files
2025-02-15 23:22:40.207 [info] [Info  - 23:22:40] (11239) Indexer background runner(4) root directory: file:///home/gustavo/.vscode/extensions/ms-python.vscode-pylance-2025.2.1/dist (index)
2025-02-15 23:22:40.207 [info] [Info  - 23:22:40] (11239) Indexing(4) started
2025-02-15 23:22:40.506 [info] [Info  - 23:22:40] (11239) scanned(4) 10 files over 1 exec env
2025-02-15 23:22:40.693 [info] [Info  - 23:22:40] (11239) indexed(4) 10 files over 1 exec env
2025-02-15 23:22:40.706 [info] [Info  - 23:22:40] (11239) Indexing finished(4).
2025-02-15 23:22:56.552 [info] [Info  - 23:22:56] (11239) Setting environmentName for service "playlist-converter": "3.13.1 (venv venv)"
2025-02-15 23:22:56.552 [info] [Info  - 23:22:56] (11239) Setting pythonPath for service "playlist-converter": "/home/gustavo/Documentos/playlist-converter/venv/bin/python"
2025-02-15 23:22:56.553 [info] [Info  - 23:22:56] (11239) No include entries specified; assuming /home/gustavo/Documentos/playlist-converter
2025-02-15 23:22:56.553 [info] [Info  - 23:22:56] (11239) Auto-excluding **/node_modules
2025-02-15 23:22:56.553 [info] [Info  - 23:22:56] (11239) Auto-excluding **/__pycache__
2025-02-15 23:22:56.553 [info] [Info  - 23:22:56] (11239) Auto-excluding **/.*
2025-02-15 23:22:56.602 [info] [Info  - 23:22:56] (11239) Assuming Python version 3.13.1.final.0
2025-02-15 23:22:56.665 [info] [Info  - 23:22:56] (11239) Auto-excluding /home/gustavo/Documentos/playlist-converter/venv
2025-02-15 23:22:56.667 [info] [Info  - 23:22:56] (11239) Found 3 source files
2025-02-15 23:22:57.451 [info] [Info  - 23:22:57] (11239) Indexer background runner(5) root directory: file:///home/gustavo/.vscode/extensions/ms-python.vscode-pylance-2025.2.1/dist (index)
2025-02-15 23:22:57.451 [info] [Info  - 23:22:57] (11239) Indexing(5) started
2025-02-15 23:22:57.779 [info] [Info  - 23:22:57] (11239) scanned(5) 10 files over 1 exec env
2025-02-15 23:22:58.001 [info] [Info  - 23:22:58] (11239) indexed(5) 10 files over 1 exec env
2025-02-15 23:22:58.022 [info] [Info  - 23:22:58] (11239) Indexing finished(5).
