2025-02-18 13:38:05.925 [info] Reading sessions from keychain...
2025-02-18 13:38:05.925 [info] Getting sessions for all scopes...
2025-02-18 13:38:05.925 [info] Getting sessions for all scopes...
2025-02-18 13:38:05.925 [info] Getting sessions for all scopes...
2025-02-18 13:38:05.925 [info] Got stored sessions!
2025-02-18 13:38:05.925 [info] Got 1 verified sessions.
2025-02-18 13:38:05.925 [info] Got 1 sessions for ...
2025-02-18 13:38:05.925 [info] Got 1 sessions for ...
2025-02-18 13:38:05.925 [info] Got 1 sessions for ...
2025-02-18 13:38:05.925 [info] Getting sessions for user:email...
2025-02-18 13:38:05.925 [info] Got 1 sessions for user:email...
2025-02-18 13:38:05.925 [info] Getting sessions for all scopes...
2025-02-18 13:38:05.925 [info] Got 1 sessions for ...
2025-02-18 13:38:05.925 [info] Getting sessions for all scopes...
2025-02-18 13:38:05.925 [info] Got 1 sessions for ...
2025-02-18 13:38:05.925 [info] Getting sessions for all scopes...
2025-02-18 13:38:05.925 [info] Got 1 sessions for ...
2025-02-18 13:38:05.925 [info] Getting sessions for all scopes...
2025-02-18 13:38:05.925 [info] Got 1 sessions for ...
2025-02-18 13:38:05.925 [info] Getting sessions for all scopes...
2025-02-18 13:38:05.925 [info] Got 1 sessions for ...
2025-02-18 13:38:06.995 [info] Getting sessions for all scopes...
2025-02-18 13:38:06.995 [info] Got 1 sessions for ...
2025-02-18 13:38:10.505 [info] Getting sessions for read:user,repo,user:email,workflow...
2025-02-18 13:38:10.505 [info] Got 0 sessions for read:user,repo,user:email,workflow...
2025-02-18 13:38:10.505 [info] Getting sessions for all scopes...
2025-02-18 13:38:10.505 [info] Got 1 sessions for ...
2025-02-18 13:38:10.505 [info] Getting sessions for all scopes...
2025-02-18 13:38:10.505 [info] Got 1 sessions for ...
2025-02-18 13:38:10.551 [info] Getting sessions for read:user...
2025-02-18 13:38:10.551 [info] Got 0 sessions for read:user...
2025-02-18 13:38:10.551 [info] Getting sessions for read:user,repo,user:email,workflow...
2025-02-18 13:38:10.551 [info] Got 0 sessions for read:user,repo,user:email,workflow...
2025-02-18 13:38:10.677 [info] Getting sessions for user:email...
2025-02-18 13:38:10.677 [info] Got 1 sessions for user:email...
2025-02-18 13:38:10.678 [info] Getting sessions for user:email...
2025-02-18 13:38:10.678 [info] Got 1 sessions for user:email...
2025-02-18 13:38:10.894 [info] Getting sessions for all scopes...
2025-02-18 13:38:10.894 [info] Got 1 sessions for ...
2025-02-18 13:38:12.241 [info] Getting sessions for read:user,repo,user:email,workflow...
2025-02-18 13:38:12.241 [info] Got 0 sessions for read:user,repo,user:email,workflow...
2025-02-18 13:38:12.262 [info] Getting sessions for user:email...
2025-02-18 13:38:12.262 [info] Got 1 sessions for user:email...
2025-02-18 13:38:12.264 [info] Getting sessions for all scopes...
2025-02-18 13:38:12.264 [info] Got 1 sessions for ...
2025-02-18 13:38:12.265 [info] Getting sessions for read:user,repo,user:email,workflow...
2025-02-18 13:38:12.265 [info] Got 0 sessions for read:user,repo,user:email,workflow...
2025-02-18 13:38:12.266 [info] Getting sessions for user:email...
2025-02-18 13:38:12.266 [info] Got 1 sessions for user:email...
2025-02-18 13:38:12.567 [info] Getting sessions for all scopes...
2025-02-18 13:38:12.567 [info] Got 1 sessions for ...
2025-02-18 13:38:12.572 [info] Getting sessions for read:user,repo,user:email,workflow...
2025-02-18 13:38:12.572 [info] Got 0 sessions for read:user,repo,user:email,workflow...
2025-02-18 13:38:12.575 [info] Getting sessions for user:email...
2025-02-18 13:38:12.576 [info] Got 1 sessions for user:email...
2025-02-18 13:38:13.056 [info] Getting sessions for all scopes...
2025-02-18 13:38:13.056 [info] Got 1 sessions for ...
2025-02-18 13:38:13.057 [info] Getting sessions for all scopes...
2025-02-18 13:38:13.057 [info] Got 1 sessions for ...
2025-02-18 13:38:13.058 [info] Getting sessions for read:user,repo,user:email,workflow...
2025-02-18 13:38:13.058 [info] Got 0 sessions for read:user,repo,user:email,workflow...
2025-02-18 13:38:13.061 [info] Getting sessions for user:email...
2025-02-18 13:38:13.061 [info] Got 1 sessions for user:email...
2025-02-18 13:38:13.063 [info] Getting sessions for all scopes...
2025-02-18 13:38:13.063 [info] Got 1 sessions for ...
2025-02-18 13:38:13.065 [info] Getting sessions for read:user,repo,user:email,workflow...
2025-02-18 13:38:13.065 [info] Got 0 sessions for read:user,repo,user:email,workflow...
2025-02-18 13:38:13.066 [info] Getting sessions for user:email...
2025-02-18 13:38:13.066 [info] Got 1 sessions for user:email...
2025-02-18 13:38:13.144 [info] Getting sessions for all scopes...
2025-02-18 13:38:13.144 [info] Got 1 sessions for ...
2025-02-18 13:38:13.154 [info] Getting sessions for read:user,repo,user:email,workflow...
2025-02-18 13:38:13.155 [info] Got 0 sessions for read:user,repo,user:email,workflow...
2025-02-18 13:38:13.156 [info] Getting sessions for user:email...
2025-02-18 13:38:13.156 [info] Got 1 sessions for user:email...
2025-02-18 13:38:13.857 [info] Getting sessions for all scopes...
2025-02-18 13:38:13.857 [info] Got 1 sessions for ...
2025-02-18 13:38:13.859 [info] Getting sessions for read:user,repo,user:email,workflow...
2025-02-18 13:38:13.859 [info] Got 0 sessions for read:user,repo,user:email,workflow...
2025-02-18 13:38:13.860 [info] Getting sessions for user:email...
2025-02-18 13:38:13.860 [info] Got 1 sessions for user:email...
2025-02-18 13:53:13.863 [info] Getting sessions for all scopes...
2025-02-18 13:53:13.863 [info] Got 1 sessions for ...
2025-02-18 13:53:13.866 [info] Getting sessions for read:user,repo,user:email,workflow...
2025-02-18 13:53:13.866 [info] Got 0 sessions for read:user,repo,user:email,workflow...
2025-02-18 13:53:13.869 [info] Getting sessions for user:email...
2025-02-18 13:53:13.869 [info] Got 1 sessions for user:email...
2025-02-18 14:03:12.996 [info] Getting sessions for all scopes...
2025-02-18 14:03:12.996 [info] Got 1 sessions for ...
2025-02-18 14:03:12.997 [info] Getting sessions for read:user,repo,user:email,workflow...
2025-02-18 14:03:12.997 [info] Got 0 sessions for read:user,repo,user:email,workflow...
2025-02-18 14:03:12.998 [info] Getting sessions for user:email...
2025-02-18 14:03:12.998 [info] Got 1 sessions for user:email...
2025-02-18 14:03:13.912 [info] Getting sessions for all scopes...
2025-02-18 14:03:13.912 [info] Got 1 sessions for ...
2025-02-18 14:03:13.912 [info] Getting sessions for all scopes...
2025-02-18 14:03:13.912 [info] Got 1 sessions for ...
2025-02-18 14:03:13.913 [info] Getting sessions for read:user,repo,user:email,workflow...
2025-02-18 14:03:13.913 [info] Got 0 sessions for read:user,repo,user:email,workflow...
2025-02-18 14:03:13.914 [info] Getting sessions for user:email...
2025-02-18 14:03:13.914 [info] Got 1 sessions for user:email...
2025-02-18 14:03:13.916 [info] Getting sessions for all scopes...
2025-02-18 14:03:13.916 [info] Got 1 sessions for ...
2025-02-18 14:03:13.917 [info] Getting sessions for read:user,repo,user:email,workflow...
2025-02-18 14:03:13.917 [info] Got 0 sessions for read:user,repo,user:email,workflow...
2025-02-18 14:03:13.919 [info] Getting sessions for user:email...
2025-02-18 14:03:13.919 [info] Got 1 sessions for user:email...
2025-02-18 14:03:13.925 [info] Getting sessions for all scopes...
2025-02-18 14:03:13.926 [info] Got 1 sessions for ...
2025-02-18 14:03:13.926 [info] Getting sessions for read:user,repo,user:email,workflow...
2025-02-18 14:03:13.926 [info] Got 0 sessions for read:user,repo,user:email,workflow...
2025-02-18 14:03:13.927 [info] Getting sessions for user:email...
2025-02-18 14:03:13.927 [info] Got 1 sessions for user:email...
2025-02-18 14:18:13.930 [info] Getting sessions for all scopes...
2025-02-18 14:18:13.930 [info] Got 1 sessions for ...
2025-02-18 14:18:13.931 [info] Getting sessions for read:user,repo,user:email,workflow...
2025-02-18 14:18:13.931 [info] Got 0 sessions for read:user,repo,user:email,workflow...
2025-02-18 14:18:13.932 [info] Getting sessions for user:email...
2025-02-18 14:18:13.932 [info] Got 1 sessions for user:email...
2025-02-18 14:28:13.913 [info] Getting sessions for all scopes...
2025-02-18 14:28:13.913 [info] Got 1 sessions for ...
2025-02-18 14:28:13.914 [info] Getting sessions for read:user,repo,user:email,workflow...
2025-02-18 14:28:13.914 [info] Got 0 sessions for read:user,repo,user:email,workflow...
2025-02-18 14:28:13.915 [info] Getting sessions for user:email...
2025-02-18 14:28:13.915 [info] Got 1 sessions for user:email...
2025-02-18 14:28:14.632 [info] Getting sessions for all scopes...
2025-02-18 14:28:14.632 [info] Got 1 sessions for ...
2025-02-18 14:28:14.632 [info] Getting sessions for all scopes...
2025-02-18 14:28:14.632 [info] Got 1 sessions for ...
2025-02-18 14:28:14.633 [info] Getting sessions for read:user,repo,user:email,workflow...
2025-02-18 14:28:14.633 [info] Got 0 sessions for read:user,repo,user:email,workflow...
2025-02-18 14:28:14.634 [info] Getting sessions for user:email...
2025-02-18 14:28:14.634 [info] Got 1 sessions for user:email...
2025-02-18 14:28:14.635 [info] Getting sessions for all scopes...
2025-02-18 14:28:14.635 [info] Got 1 sessions for ...
2025-02-18 14:28:14.636 [info] Getting sessions for read:user,repo,user:email,workflow...
2025-02-18 14:28:14.636 [info] Got 0 sessions for read:user,repo,user:email,workflow...
2025-02-18 14:28:14.637 [info] Getting sessions for user:email...
2025-02-18 14:28:14.637 [info] Got 1 sessions for user:email...
2025-02-18 14:28:14.644 [info] Getting sessions for all scopes...
2025-02-18 14:28:14.644 [info] Got 1 sessions for ...
2025-02-18 14:28:14.645 [info] Getting sessions for read:user,repo,user:email,workflow...
2025-02-18 14:28:14.645 [info] Got 0 sessions for read:user,repo,user:email,workflow...
2025-02-18 14:28:14.646 [info] Getting sessions for user:email...
2025-02-18 14:28:14.646 [info] Got 1 sessions for user:email...
2025-02-18 14:43:14.650 [info] Getting sessions for all scopes...
2025-02-18 14:43:14.650 [info] Got 1 sessions for ...
2025-02-18 14:43:14.651 [info] Getting sessions for read:user,repo,user:email,workflow...
2025-02-18 14:43:14.651 [info] Got 0 sessions for read:user,repo,user:email,workflow...
2025-02-18 14:43:14.652 [info] Getting sessions for user:email...
2025-02-18 14:43:14.652 [info] Got 1 sessions for user:email...
2025-02-18 14:53:14.633 [info] Getting sessions for all scopes...
2025-02-18 14:53:14.633 [info] Got 1 sessions for ...
2025-02-18 14:53:14.634 [info] Getting sessions for read:user,repo,user:email,workflow...
2025-02-18 14:53:14.634 [info] Got 0 sessions for read:user,repo,user:email,workflow...
2025-02-18 14:53:14.636 [info] Getting sessions for user:email...
2025-02-18 14:53:14.636 [info] Got 1 sessions for user:email...
2025-02-18 14:53:15.353 [info] Getting sessions for all scopes...
2025-02-18 14:53:15.353 [info] Got 1 sessions for ...
2025-02-18 14:53:15.353 [info] Getting sessions for all scopes...
2025-02-18 14:53:15.353 [info] Got 1 sessions for ...
2025-02-18 14:53:15.354 [info] Getting sessions for read:user,repo,user:email,workflow...
2025-02-18 14:53:15.354 [info] Got 0 sessions for read:user,repo,user:email,workflow...
2025-02-18 14:53:15.356 [info] Getting sessions for user:email...
2025-02-18 14:53:15.356 [info] Got 1 sessions for user:email...
2025-02-18 14:53:15.358 [info] Getting sessions for all scopes...
2025-02-18 14:53:15.358 [info] Got 1 sessions for ...
2025-02-18 14:53:15.359 [info] Getting sessions for read:user,repo,user:email,workflow...
2025-02-18 14:53:15.359 [info] Got 0 sessions for read:user,repo,user:email,workflow...
2025-02-18 14:53:15.360 [info] Getting sessions for user:email...
2025-02-18 14:53:15.361 [info] Got 1 sessions for user:email...
2025-02-18 14:53:15.367 [info] Getting sessions for all scopes...
2025-02-18 14:53:15.367 [info] Got 1 sessions for ...
2025-02-18 14:53:15.368 [info] Getting sessions for read:user,repo,user:email,workflow...
2025-02-18 14:53:15.368 [info] Got 0 sessions for read:user,repo,user:email,workflow...
2025-02-18 14:53:15.369 [info] Getting sessions for user:email...
2025-02-18 14:53:15.369 [info] Got 1 sessions for user:email...
2025-02-18 15:08:15.373 [info] Getting sessions for all scopes...
2025-02-18 15:08:15.373 [info] Got 1 sessions for ...
2025-02-18 15:08:15.374 [info] Getting sessions for read:user,repo,user:email,workflow...
2025-02-18 15:08:15.374 [info] Got 0 sessions for read:user,repo,user:email,workflow...
2025-02-18 15:08:15.376 [info] Getting sessions for user:email...
2025-02-18 15:08:15.376 [info] Got 1 sessions for user:email...
2025-02-18 15:08:15.377 [info] Getting sessions for all scopes...
2025-02-18 15:08:15.377 [info] Got 1 sessions for ...
2025-02-18 15:08:15.380 [info] Getting sessions for read:user,repo,user:email,workflow...
2025-02-18 15:08:15.380 [info] Got 0 sessions for read:user,repo,user:email,workflow...
2025-02-18 15:08:15.381 [info] Getting sessions for user:email...
2025-02-18 15:08:15.381 [info] Got 1 sessions for user:email...
2025-02-18 15:18:15.352 [info] Getting sessions for all scopes...
2025-02-18 15:18:15.352 [info] Got 1 sessions for ...
2025-02-18 15:18:15.353 [info] Getting sessions for read:user,repo,user:email,workflow...
2025-02-18 15:18:15.353 [info] Got 0 sessions for read:user,repo,user:email,workflow...
2025-02-18 15:18:15.354 [info] Getting sessions for user:email...
2025-02-18 15:18:15.354 [info] Got 1 sessions for user:email...
2025-02-18 15:18:16.041 [info] Getting sessions for all scopes...
2025-02-18 15:18:16.041 [info] Got 1 sessions for ...
2025-02-18 15:18:16.041 [info] Getting sessions for all scopes...
2025-02-18 15:18:16.041 [info] Got 1 sessions for ...
2025-02-18 15:18:16.042 [info] Getting sessions for read:user,repo,user:email,workflow...
2025-02-18 15:18:16.042 [info] Got 0 sessions for read:user,repo,user:email,workflow...
2025-02-18 15:18:16.043 [info] Getting sessions for user:email...
2025-02-18 15:18:16.043 [info] Got 1 sessions for user:email...
2025-02-18 15:18:16.044 [info] Getting sessions for all scopes...
2025-02-18 15:18:16.044 [info] Got 1 sessions for ...
2025-02-18 15:18:16.046 [info] Getting sessions for read:user,repo,user:email,workflow...
2025-02-18 15:18:16.046 [info] Got 0 sessions for read:user,repo,user:email,workflow...
2025-02-18 15:18:16.047 [info] Getting sessions for user:email...
2025-02-18 15:18:16.047 [info] Got 1 sessions for user:email...
2025-02-18 15:18:16.058 [info] Getting sessions for all scopes...
2025-02-18 15:18:16.058 [info] Got 1 sessions for ...
2025-02-18 15:18:16.059 [info] Getting sessions for read:user,repo,user:email,workflow...
2025-02-18 15:18:16.059 [info] Got 0 sessions for read:user,repo,user:email,workflow...
2025-02-18 15:18:16.060 [info] Getting sessions for user:email...
2025-02-18 15:18:16.060 [info] Got 1 sessions for user:email...
2025-02-18 15:18:16.063 [info] Getting sessions for all scopes...
2025-02-18 15:18:16.063 [info] Got 1 sessions for ...
2025-02-18 15:18:16.064 [info] Getting sessions for read:user,repo,user:email,workflow...
2025-02-18 15:18:16.064 [info] Got 0 sessions for read:user,repo,user:email,workflow...
2025-02-18 15:18:16.065 [info] Getting sessions for user:email...
2025-02-18 15:18:16.065 [info] Got 1 sessions for user:email...
2025-02-18 15:33:16.627 [info] Getting sessions for all scopes...
2025-02-18 15:33:16.627 [info] Got 1 sessions for ...
2025-02-18 15:33:16.629 [info] Getting sessions for read:user,repo,user:email,workflow...
2025-02-18 15:33:16.629 [info] Got 0 sessions for read:user,repo,user:email,workflow...
2025-02-18 15:33:16.631 [info] Getting sessions for user:email...
2025-02-18 15:33:16.631 [info] Got 1 sessions for user:email...
2025-02-18 15:43:16.041 [info] Getting sessions for all scopes...
2025-02-18 15:43:16.041 [info] Got 1 sessions for ...
2025-02-18 15:43:16.043 [info] Getting sessions for read:user,repo,user:email,workflow...
2025-02-18 15:43:16.043 [info] Got 0 sessions for read:user,repo,user:email,workflow...
2025-02-18 15:43:16.043 [info] Getting sessions for user:email...
2025-02-18 15:43:16.043 [info] Got 1 sessions for user:email...
2025-02-18 15:43:16.824 [info] Getting sessions for all scopes...
2025-02-18 15:43:16.824 [info] Got 1 sessions for ...
2025-02-18 15:43:16.824 [info] Getting sessions for all scopes...
2025-02-18 15:43:16.824 [info] Got 1 sessions for ...
2025-02-18 15:43:16.825 [info] Getting sessions for read:user,repo,user:email,workflow...
2025-02-18 15:43:16.825 [info] Got 0 sessions for read:user,repo,user:email,workflow...
2025-02-18 15:43:16.826 [info] Getting sessions for user:email...
2025-02-18 15:43:16.826 [info] Got 1 sessions for user:email...
2025-02-18 15:43:16.827 [info] Getting sessions for all scopes...
2025-02-18 15:43:16.827 [info] Got 1 sessions for ...
2025-02-18 15:43:16.828 [info] Getting sessions for read:user,repo,user:email,workflow...
2025-02-18 15:43:16.828 [info] Got 0 sessions for read:user,repo,user:email,workflow...
2025-02-18 15:43:16.829 [info] Getting sessions for user:email...
2025-02-18 15:43:16.829 [info] Got 1 sessions for user:email...
2025-02-18 15:43:16.835 [info] Getting sessions for all scopes...
2025-02-18 15:43:16.835 [info] Got 1 sessions for ...
2025-02-18 15:43:16.836 [info] Getting sessions for read:user,repo,user:email,workflow...
2025-02-18 15:43:16.836 [info] Got 0 sessions for read:user,repo,user:email,workflow...
2025-02-18 15:43:16.837 [info] Getting sessions for user:email...
2025-02-18 15:43:16.837 [info] Got 1 sessions for user:email...
2025-02-18 15:43:16.842 [info] Getting sessions for all scopes...
2025-02-18 15:43:16.842 [info] Got 1 sessions for ...
2025-02-18 15:43:16.843 [info] Getting sessions for read:user,repo,user:email,workflow...
2025-02-18 15:43:16.843 [info] Got 0 sessions for read:user,repo,user:email,workflow...
2025-02-18 15:43:16.844 [info] Getting sessions for user:email...
2025-02-18 15:43:16.844 [info] Got 1 sessions for user:email...
2025-02-18 15:58:17.453 [info] Getting sessions for all scopes...
2025-02-18 15:58:17.454 [info] Got 1 sessions for ...
2025-02-18 15:58:17.456 [info] Getting sessions for read:user,repo,user:email,workflow...
2025-02-18 15:58:17.456 [info] Got 0 sessions for read:user,repo,user:email,workflow...
2025-02-18 15:58:17.458 [info] Getting sessions for user:email...
2025-02-18 15:58:17.459 [info] Got 1 sessions for user:email...
2025-02-18 16:08:16.824 [info] Getting sessions for all scopes...
2025-02-18 16:08:16.825 [info] Got 1 sessions for ...
2025-02-18 16:08:16.826 [info] Getting sessions for read:user,repo,user:email,workflow...
2025-02-18 16:08:16.826 [info] Got 0 sessions for read:user,repo,user:email,workflow...
2025-02-18 16:08:16.827 [info] Getting sessions for user:email...
2025-02-18 16:08:16.827 [info] Got 1 sessions for user:email...
2025-02-18 16:08:17.693 [info] Getting sessions for all scopes...
2025-02-18 16:08:17.693 [info] Got 1 sessions for ...
2025-02-18 16:08:17.693 [info] Getting sessions for all scopes...
2025-02-18 16:08:17.693 [info] Got 1 sessions for ...
2025-02-18 16:08:17.695 [info] Getting sessions for read:user,repo,user:email,workflow...
2025-02-18 16:08:17.695 [info] Got 0 sessions for read:user,repo,user:email,workflow...
2025-02-18 16:08:17.697 [info] Getting sessions for user:email...
2025-02-18 16:08:17.697 [info] Got 1 sessions for user:email...
2025-02-18 16:08:17.699 [info] Getting sessions for all scopes...
2025-02-18 16:08:17.699 [info] Got 1 sessions for ...
2025-02-18 16:08:17.701 [info] Getting sessions for read:user,repo,user:email,workflow...
2025-02-18 16:08:17.701 [info] Got 0 sessions for read:user,repo,user:email,workflow...
2025-02-18 16:08:17.702 [info] Getting sessions for user:email...
2025-02-18 16:08:17.702 [info] Got 1 sessions for user:email...
2025-02-18 16:08:17.709 [info] Getting sessions for all scopes...
2025-02-18 16:08:17.709 [info] Got 1 sessions for ...
2025-02-18 16:08:17.710 [info] Getting sessions for read:user,repo,user:email,workflow...
2025-02-18 16:08:17.710 [info] Got 0 sessions for read:user,repo,user:email,workflow...
2025-02-18 16:08:17.711 [info] Getting sessions for user:email...
2025-02-18 16:08:17.711 [info] Got 1 sessions for user:email...
2025-02-18 16:23:17.715 [info] Getting sessions for all scopes...
2025-02-18 16:23:17.716 [info] Got 1 sessions for ...
2025-02-18 16:23:17.718 [info] Getting sessions for read:user,repo,user:email,workflow...
2025-02-18 16:23:17.718 [info] Got 0 sessions for read:user,repo,user:email,workflow...
2025-02-18 16:23:17.721 [info] Getting sessions for user:email...
2025-02-18 16:23:17.721 [info] Got 1 sessions for user:email...
2025-02-18 16:33:17.693 [info] Getting sessions for all scopes...
2025-02-18 16:33:17.693 [info] Got 1 sessions for ...
2025-02-18 16:33:17.694 [info] Getting sessions for read:user,repo,user:email,workflow...
2025-02-18 16:33:17.694 [info] Got 0 sessions for read:user,repo,user:email,workflow...
2025-02-18 16:33:17.695 [info] Getting sessions for user:email...
2025-02-18 16:33:17.695 [info] Got 1 sessions for user:email...
2025-02-18 16:33:18.427 [info] Getting sessions for all scopes...
2025-02-18 16:33:18.428 [info] Got 1 sessions for ...
2025-02-18 16:33:18.428 [info] Getting sessions for all scopes...
2025-02-18 16:33:18.428 [info] Got 1 sessions for ...
2025-02-18 16:33:18.429 [info] Getting sessions for read:user,repo,user:email,workflow...
2025-02-18 16:33:18.429 [info] Got 0 sessions for read:user,repo,user:email,workflow...
2025-02-18 16:33:18.430 [info] Getting sessions for user:email...
2025-02-18 16:33:18.430 [info] Got 1 sessions for user:email...
2025-02-18 16:33:18.433 [info] Getting sessions for all scopes...
2025-02-18 16:33:18.433 [info] Got 1 sessions for ...
2025-02-18 16:33:18.434 [info] Getting sessions for read:user,repo,user:email,workflow...
2025-02-18 16:33:18.434 [info] Got 0 sessions for read:user,repo,user:email,workflow...
2025-02-18 16:33:18.435 [info] Getting sessions for user:email...
2025-02-18 16:33:18.435 [info] Got 1 sessions for user:email...
2025-02-18 16:33:18.442 [info] Getting sessions for all scopes...
2025-02-18 16:33:18.442 [info] Got 1 sessions for ...
2025-02-18 16:33:18.444 [info] Getting sessions for read:user,repo,user:email,workflow...
2025-02-18 16:33:18.444 [info] Got 0 sessions for read:user,repo,user:email,workflow...
2025-02-18 16:33:18.445 [info] Getting sessions for user:email...
2025-02-18 16:33:18.445 [info] Got 1 sessions for user:email...
2025-02-18 16:48:18.451 [info] Getting sessions for all scopes...
2025-02-18 16:48:18.451 [info] Got 1 sessions for ...
2025-02-18 16:48:18.453 [info] Getting sessions for read:user,repo,user:email,workflow...
2025-02-18 16:48:18.453 [info] Got 0 sessions for read:user,repo,user:email,workflow...
2025-02-18 16:48:18.455 [info] Getting sessions for user:email...
2025-02-18 16:48:18.455 [info] Got 1 sessions for user:email...
2025-02-18 16:58:18.429 [info] Getting sessions for all scopes...
2025-02-18 16:58:18.429 [info] Got 1 sessions for ...
2025-02-18 16:58:18.432 [info] Getting sessions for read:user,repo,user:email,workflow...
2025-02-18 16:58:18.432 [info] Got 0 sessions for read:user,repo,user:email,workflow...
2025-02-18 16:58:18.434 [info] Getting sessions for user:email...
2025-02-18 16:58:18.434 [info] Got 1 sessions for user:email...
2025-02-18 16:58:19.168 [info] Getting sessions for all scopes...
2025-02-18 16:58:19.168 [info] Got 1 sessions for ...
2025-02-18 16:58:19.168 [info] Getting sessions for all scopes...
2025-02-18 16:58:19.168 [info] Got 1 sessions for ...
2025-02-18 16:58:19.169 [info] Getting sessions for read:user,repo,user:email,workflow...
2025-02-18 16:58:19.169 [info] Got 0 sessions for read:user,repo,user:email,workflow...
2025-02-18 16:58:19.170 [info] Getting sessions for user:email...
2025-02-18 16:58:19.170 [info] Got 1 sessions for user:email...
2025-02-18 16:58:19.171 [info] Getting sessions for all scopes...
2025-02-18 16:58:19.171 [info] Got 1 sessions for ...
2025-02-18 16:58:19.172 [info] Getting sessions for read:user,repo,user:email,workflow...
2025-02-18 16:58:19.172 [info] Got 0 sessions for read:user,repo,user:email,workflow...
2025-02-18 16:58:19.173 [info] Getting sessions for user:email...
2025-02-18 16:58:19.173 [info] Got 1 sessions for user:email...
2025-02-18 16:58:19.178 [info] Getting sessions for all scopes...
2025-02-18 16:58:19.178 [info] Got 1 sessions for ...
2025-02-18 16:58:19.179 [info] Getting sessions for read:user,repo,user:email,workflow...
2025-02-18 16:58:19.179 [info] Got 0 sessions for read:user,repo,user:email,workflow...
2025-02-18 16:58:19.180 [info] Getting sessions for user:email...
2025-02-18 16:58:19.180 [info] Got 1 sessions for user:email...
2025-02-18 17:13:19.183 [info] Getting sessions for all scopes...
2025-02-18 17:13:19.183 [info] Got 1 sessions for ...
2025-02-18 17:13:19.185 [info] Getting sessions for read:user,repo,user:email,workflow...
2025-02-18 17:13:19.185 [info] Got 0 sessions for read:user,repo,user:email,workflow...
2025-02-18 17:13:19.186 [info] Getting sessions for user:email...
2025-02-18 17:13:19.186 [info] Got 1 sessions for user:email...
2025-02-18 17:23:19.169 [info] Getting sessions for all scopes...
2025-02-18 17:23:19.169 [info] Got 1 sessions for ...
2025-02-18 17:23:19.171 [info] Getting sessions for read:user,repo,user:email,workflow...
2025-02-18 17:23:19.171 [info] Got 0 sessions for read:user,repo,user:email,workflow...
2025-02-18 17:23:19.172 [info] Getting sessions for user:email...
2025-02-18 17:23:19.173 [info] Got 1 sessions for user:email...
2025-02-18 17:23:19.989 [info] Getting sessions for all scopes...
2025-02-18 17:23:19.989 [info] Got 1 sessions for ...
2025-02-18 17:23:19.989 [info] Getting sessions for all scopes...
2025-02-18 17:23:19.989 [info] Got 1 sessions for ...
2025-02-18 17:23:19.991 [info] Getting sessions for read:user,repo,user:email,workflow...
2025-02-18 17:23:19.991 [info] Got 0 sessions for read:user,repo,user:email,workflow...
2025-02-18 17:23:19.993 [info] Getting sessions for user:email...
2025-02-18 17:23:19.993 [info] Got 1 sessions for user:email...
2025-02-18 17:23:19.994 [info] Getting sessions for all scopes...
2025-02-18 17:23:19.994 [info] Got 1 sessions for ...
2025-02-18 17:23:19.995 [info] Getting sessions for read:user,repo,user:email,workflow...
2025-02-18 17:23:19.995 [info] Got 0 sessions for read:user,repo,user:email,workflow...
2025-02-18 17:23:19.996 [info] Getting sessions for user:email...
2025-02-18 17:23:19.996 [info] Got 1 sessions for user:email...
2025-02-18 17:23:20.001 [info] Getting sessions for all scopes...
2025-02-18 17:23:20.001 [info] Got 1 sessions for ...
2025-02-18 17:23:20.002 [info] Getting sessions for read:user,repo,user:email,workflow...
2025-02-18 17:23:20.002 [info] Got 0 sessions for read:user,repo,user:email,workflow...
2025-02-18 17:23:20.003 [info] Getting sessions for user:email...
2025-02-18 17:23:20.003 [info] Got 1 sessions for user:email...
2025-02-18 17:38:20.007 [info] Getting sessions for all scopes...
2025-02-18 17:38:20.007 [info] Got 1 sessions for ...
2025-02-18 17:38:20.008 [info] Getting sessions for read:user,repo,user:email,workflow...
2025-02-18 17:38:20.008 [info] Got 0 sessions for read:user,repo,user:email,workflow...
2025-02-18 17:38:20.010 [info] Getting sessions for user:email...
2025-02-18 17:38:20.010 [info] Got 1 sessions for user:email...
2025-02-18 17:48:19.988 [info] Getting sessions for all scopes...
2025-02-18 17:48:19.988 [info] Got 1 sessions for ...
2025-02-18 17:48:19.989 [info] Getting sessions for read:user,repo,user:email,workflow...
2025-02-18 17:48:19.989 [info] Got 0 sessions for read:user,repo,user:email,workflow...
2025-02-18 17:48:19.990 [info] Getting sessions for user:email...
2025-02-18 17:48:19.990 [info] Got 1 sessions for user:email...
2025-02-18 17:48:20.650 [info] Getting sessions for all scopes...
2025-02-18 17:48:20.650 [info] Got 1 sessions for ...
2025-02-18 17:48:20.650 [info] Getting sessions for all scopes...
2025-02-18 17:48:20.650 [info] Got 1 sessions for ...
2025-02-18 17:48:20.651 [info] Getting sessions for read:user,repo,user:email,workflow...
2025-02-18 17:48:20.651 [info] Got 0 sessions for read:user,repo,user:email,workflow...
2025-02-18 17:48:20.652 [info] Getting sessions for user:email...
2025-02-18 17:48:20.652 [info] Got 1 sessions for user:email...
2025-02-18 17:48:20.653 [info] Getting sessions for all scopes...
2025-02-18 17:48:20.653 [info] Got 1 sessions for ...
2025-02-18 17:48:20.655 [info] Getting sessions for read:user,repo,user:email,workflow...
2025-02-18 17:48:20.655 [info] Got 0 sessions for read:user,repo,user:email,workflow...
2025-02-18 17:48:20.656 [info] Getting sessions for user:email...
2025-02-18 17:48:20.656 [info] Got 1 sessions for user:email...
2025-02-18 17:48:20.661 [info] Getting sessions for all scopes...
2025-02-18 17:48:20.661 [info] Got 1 sessions for ...
2025-02-18 17:48:20.662 [info] Getting sessions for read:user,repo,user:email,workflow...
2025-02-18 17:48:20.662 [info] Got 0 sessions for read:user,repo,user:email,workflow...
2025-02-18 17:48:20.663 [info] Getting sessions for user:email...
2025-02-18 17:48:20.663 [info] Got 1 sessions for user:email...
2025-02-18 18:03:20.667 [info] Getting sessions for all scopes...
2025-02-18 18:03:20.667 [info] Got 1 sessions for ...
2025-02-18 18:03:20.669 [info] Getting sessions for read:user,repo,user:email,workflow...
2025-02-18 18:03:20.669 [info] Got 0 sessions for read:user,repo,user:email,workflow...
2025-02-18 18:03:20.670 [info] Getting sessions for user:email...
2025-02-18 18:03:20.670 [info] Got 1 sessions for user:email...
2025-02-18 18:13:20.651 [info] Getting sessions for all scopes...
2025-02-18 18:13:20.651 [info] Got 1 sessions for ...
2025-02-18 18:13:20.653 [info] Getting sessions for read:user,repo,user:email,workflow...
2025-02-18 18:13:20.653 [info] Got 0 sessions for read:user,repo,user:email,workflow...
2025-02-18 18:13:20.654 [info] Getting sessions for user:email...
2025-02-18 18:13:20.654 [info] Got 1 sessions for user:email...
2025-02-18 18:13:21.364 [info] Getting sessions for all scopes...
2025-02-18 18:13:21.364 [info] Got 1 sessions for ...
2025-02-18 18:13:21.364 [info] Getting sessions for all scopes...
2025-02-18 18:13:21.364 [info] Got 1 sessions for ...
2025-02-18 18:13:21.365 [info] Getting sessions for read:user,repo,user:email,workflow...
2025-02-18 18:13:21.365 [info] Got 0 sessions for read:user,repo,user:email,workflow...
2025-02-18 18:13:21.366 [info] Getting sessions for user:email...
2025-02-18 18:13:21.366 [info] Got 1 sessions for user:email...
2025-02-18 18:13:21.367 [info] Getting sessions for all scopes...
2025-02-18 18:13:21.367 [info] Got 1 sessions for ...
2025-02-18 18:13:21.368 [info] Getting sessions for read:user,repo,user:email,workflow...
2025-02-18 18:13:21.368 [info] Got 0 sessions for read:user,repo,user:email,workflow...
2025-02-18 18:13:21.369 [info] Getting sessions for user:email...
2025-02-18 18:13:21.369 [info] Got 1 sessions for user:email...
2025-02-18 18:13:21.375 [info] Getting sessions for all scopes...
2025-02-18 18:13:21.375 [info] Got 1 sessions for ...
2025-02-18 18:13:21.376 [info] Getting sessions for read:user,repo,user:email,workflow...
2025-02-18 18:13:21.376 [info] Got 0 sessions for read:user,repo,user:email,workflow...
2025-02-18 18:13:21.377 [info] Getting sessions for user:email...
2025-02-18 18:13:21.377 [info] Got 1 sessions for user:email...
2025-02-18 18:28:21.380 [info] Getting sessions for all scopes...
2025-02-18 18:28:21.381 [info] Got 1 sessions for ...
2025-02-18 18:28:21.382 [info] Getting sessions for read:user,repo,user:email,workflow...
2025-02-18 18:28:21.382 [info] Got 0 sessions for read:user,repo,user:email,workflow...
2025-02-18 18:28:21.383 [info] Getting sessions for user:email...
2025-02-18 18:28:21.383 [info] Got 1 sessions for user:email...
2025-02-18 18:38:21.365 [info] Getting sessions for all scopes...
2025-02-18 18:38:21.365 [info] Got 1 sessions for ...
2025-02-18 18:38:21.367 [info] Getting sessions for read:user,repo,user:email,workflow...
2025-02-18 18:38:21.367 [info] Got 0 sessions for read:user,repo,user:email,workflow...
2025-02-18 18:38:21.368 [info] Getting sessions for user:email...
2025-02-18 18:38:21.368 [info] Got 1 sessions for user:email...
2025-02-18 18:38:22.282 [info] Getting sessions for all scopes...
2025-02-18 18:38:22.282 [info] Got 1 sessions for ...
2025-02-18 18:38:22.283 [info] Getting sessions for all scopes...
2025-02-18 18:38:22.283 [info] Got 1 sessions for ...
2025-02-18 18:38:22.283 [info] Getting sessions for read:user,repo,user:email,workflow...
2025-02-18 18:38:22.284 [info] Got 0 sessions for read:user,repo,user:email,workflow...
2025-02-18 18:38:22.284 [info] Getting sessions for user:email...
2025-02-18 18:38:22.284 [info] Got 1 sessions for user:email...
2025-02-18 18:38:22.286 [info] Getting sessions for all scopes...
2025-02-18 18:38:22.286 [info] Got 1 sessions for ...
2025-02-18 18:38:22.287 [info] Getting sessions for read:user,repo,user:email,workflow...
2025-02-18 18:38:22.287 [info] Got 0 sessions for read:user,repo,user:email,workflow...
2025-02-18 18:38:22.288 [info] Getting sessions for user:email...
2025-02-18 18:38:22.288 [info] Got 1 sessions for user:email...
2025-02-18 18:38:22.295 [info] Getting sessions for all scopes...
2025-02-18 18:38:22.295 [info] Got 1 sessions for ...
2025-02-18 18:38:22.297 [info] Getting sessions for read:user,repo,user:email,workflow...
2025-02-18 18:38:22.297 [info] Got 0 sessions for read:user,repo,user:email,workflow...
2025-02-18 18:38:22.298 [info] Getting sessions for user:email...
2025-02-18 18:38:22.298 [info] Got 1 sessions for user:email...
2025-02-18 18:53:22.302 [info] Getting sessions for all scopes...
2025-02-18 18:53:22.302 [info] Got 1 sessions for ...
2025-02-18 18:53:22.304 [info] Getting sessions for read:user,repo,user:email,workflow...
2025-02-18 18:53:22.304 [info] Got 0 sessions for read:user,repo,user:email,workflow...
2025-02-18 18:53:22.305 [info] Getting sessions for user:email...
2025-02-18 18:53:22.305 [info] Got 1 sessions for user:email...
2025-02-18 19:03:22.284 [info] Getting sessions for all scopes...
2025-02-18 19:03:22.284 [info] Got 1 sessions for ...
2025-02-18 19:03:22.285 [info] Getting sessions for read:user,repo,user:email,workflow...
2025-02-18 19:03:22.285 [info] Got 0 sessions for read:user,repo,user:email,workflow...
2025-02-18 19:03:22.286 [info] Getting sessions for user:email...
2025-02-18 19:03:22.286 [info] Got 1 sessions for user:email...
2025-02-18 19:03:22.982 [info] Getting sessions for all scopes...
2025-02-18 19:03:22.982 [info] Got 1 sessions for ...
2025-02-18 19:03:22.982 [info] Getting sessions for all scopes...
2025-02-18 19:03:22.982 [info] Got 1 sessions for ...
2025-02-18 19:03:22.983 [info] Getting sessions for read:user,repo,user:email,workflow...
2025-02-18 19:03:22.983 [info] Got 0 sessions for read:user,repo,user:email,workflow...
2025-02-18 19:03:22.984 [info] Getting sessions for user:email...
2025-02-18 19:03:22.984 [info] Got 1 sessions for user:email...
2025-02-18 19:03:22.985 [info] Getting sessions for all scopes...
2025-02-18 19:03:22.985 [info] Got 1 sessions for ...
2025-02-18 19:03:22.986 [info] Getting sessions for read:user,repo,user:email,workflow...
2025-02-18 19:03:22.986 [info] Got 0 sessions for read:user,repo,user:email,workflow...
2025-02-18 19:03:22.986 [info] Getting sessions for user:email...
2025-02-18 19:03:22.986 [info] Got 1 sessions for user:email...
2025-02-18 19:03:22.993 [info] Getting sessions for all scopes...
2025-02-18 19:03:22.993 [info] Got 1 sessions for ...
2025-02-18 19:03:22.994 [info] Getting sessions for read:user,repo,user:email,workflow...
2025-02-18 19:03:22.994 [info] Got 0 sessions for read:user,repo,user:email,workflow...
2025-02-18 19:03:22.995 [info] Getting sessions for user:email...
2025-02-18 19:03:22.995 [info] Got 1 sessions for user:email...
