Handbrake Version: 20250210155928-3182fa5f6-makepkg (2025021301)
[21:02:59] gtkgui: Modified Preset: /General/Fast 1080p30
[21:02:59] Starting work at: Mon Feb 17 21:02:59 2025

[21:02:59] 1 job(s) to process
[21:02:59] json job:
{
    "Audio": {
        "AudioList": [
            {
                "Bitrate": 160,
                "CompressionLevel": -1.0,
                "DRC": 0.0,
                "DitherMethod": "auto",
                "Encoder": "av_aac",
                "Gain": 0.0,
                "Mixdown": "stereo",
                "Name": "simple_aac_recording0",
                "NormalizeMixLevel": false,
                "PresetEncoder": "av_aac",
                "Quality": -3.0,
                "Samplerate": 0,
                "Track": 0
            }
        ],
        "CopyMask": [
            "copy:aac"
        ],
        "FallbackEncoder": "av_aac"
    },
    "Destination": {
        "AlignAVStart": true,
        "ChapterList": [
            {
                "Duration": {
                    "Hours": 0,
                    "Minutes": 0,
                    "Seconds": 12,
                    "Ticks": 1084500
                },
                "Name": ""
            }
        ],
        "ChapterMarkers": false,
        "File": "/home/gustavo/Vídeos/2025-02-17 21-02-25.mp4",
        "InlineParameterSets": false,
        "Mux": "m4v",
        "Options": {
            "IpodAtom": false,
            "Optimize": false
        }
    },
    "Filters": {
        "FilterList": [
            {
                "ID": 4,
                "Settings": {
                    "block-height": "16",
                    "block-thresh": "40",
                    "block-width": "16",
                    "filter-mode": "2",
                    "mode": "3",
                    "motion-thresh": "1",
                    "spatial-metric": "2",
                    "spatial-thresh": "1"
                }
            },
            {
                "ID": 6,
                "Settings": {
                    "mode": "7"
                }
            },
            {
                "ID": 11,
                "Settings": {
                    "mode": 0
                }
            },
            {
                "ID": 20,
                "Settings": {
                    "crop-bottom": 0,
                    "crop-left": 0,
                    "crop-right": 0,
                    "crop-top": 0,
                    "height": 1080,
                    "width": 1920
                }
            }
        ]
    },
    "Metadata": {},
    "PAR": {
        "Den": 1,
        "Num": 1
    },
    "SequenceID": 0,
    "Source": {
        "Angle": 0,
        "HWDecode": 0,
        "KeepDuplicateTitles": false,
        "Path": "/home/gustavo/2025-02-17 21-02-25.mkv",
        "Range": {
            "End": 1,
            "Start": 1,
            "Type": "chapter"
        },
        "Title": 1
    },
    "Subtitle": {
        "Search": {
            "Burn": true,
            "Default": false,
            "Enable": false,
            "Forced": false
        },
        "SubtitleList": []
    },
    "Video": {
        "ChromaLocation": 1,
        "ColorInputFormat": 0,
        "ColorMatrix": 1,
        "ColorOutputFormat": 0,
        "ColorPrimaries": 1,
        "ColorRange": 1,
        "ColorTransfer": 1,
        "Encoder": "x264",
        "HardwareDecode": 0,
        "Level": "4.0",
        "MultiPass": false,
        "Options": "",
        "Preset": "fast",
        "Profile": "main",
        "QSV": {
            "AdapterIndex": 0,
            "AsyncDepth": 0,
            "Decode": false
        },
        "Quality": 22.0,
        "Tune": "",
        "Turbo": false
    }
}
[21:02:59] CPU: Intel(R) Core(TM) i7-3770 CPU @ 3.40GHz
[21:02:59]  - Intel microarchitecture Ivy Bridge
[21:02:59]  - logical processor count: 8
[21:02:59] Intel Quick Sync Video support: no
[21:02:59] hb_scan: path=/home/gustavo/2025-02-17 21-02-25.mkv, title_index=1
Input #0, matroska,webm, from '/home/gustavo/2025-02-17 21-02-25.mkv':
  Metadata:
    ENCODER         : Lavf61.7.100
  Duration: 00:00:12.05, start: 0.000000, bitrate: 2486 kb/s
  Stream #0:0: Video: h264 (High), yuv420p(tv, bt709, progressive), 1920x1080 [SAR 1:1 DAR 16:9], 60 fps, 60 tbr, 1k tbn
      Metadata:
        DURATION        : 00:00:12.050000000
  Stream #0:1: Audio: aac (LC), 48000 Hz, stereo, fltp
      Metadata:
        title           : simple_aac_recording0
        DURATION        : 00:00:11.989000000
[21:02:59] scan: decoding previews for title 1
[21:02:59] scan: audio 0x1: aac, rate=48000Hz, bitrate=1 Unknown (AAC LC, 2.0 ch)
[21:02:59] using bitstream PAR 1:1
[21:02:59] scan: 10 previews, 1920x1080, 60,000 fps, autocrop = 0/0/0/0, aspect 16:9, PAR 1:1, color profile: 1-1-1, chroma location: left
[21:02:59] libhb: scan thread found 1 valid title(s)
[21:03:00] Starting Task: Encoding Pass
[21:03:00] work: skipping crop/scale filter
[21:03:00] job configuration:
[21:03:00]  * source
[21:03:00]    + /home/gustavo/2025-02-17 21-02-25.mkv
[21:03:00]    + title 1, chapter(s) 1 to 1
[21:03:00]    + container: matroska,webm
[21:03:00]    + data rate: 2486 kbps
[21:03:00]  * destination
[21:03:00]    + /home/gustavo/Vídeos/2025-02-17 21-02-25.mp4
[21:03:00]    + container: MPEG-4 (libavformat)
[21:03:00]      + align initial A/V stream timestamps
[21:03:00]  * video track
[21:03:00]    + decoder: h264 8-bit (yuv420p)
[21:03:00]    + filters
[21:03:00]      + Comb Detect (mode=3:spatial-metric=2:motion-thresh=1:spatial-thresh=1:filter-mode=2:block-thresh=40:block-width=16:block-height=16)
[21:03:00]      + Decomb (mode=39)
[21:03:00]      + Framerate Shaper (mode=0)
[21:03:00]        + frame rate: same as source (around 60,000 fps)
[21:03:00]    + Output geometry
[21:03:00]      + storage dimensions: 1920 x 1080
[21:03:00]      + pixel aspect ratio: 1 : 1
[21:03:00]      + display dimensions: 1920 x 1080
[21:03:00]    + encoder: H.264 (libx264)
[21:03:00]      + preset:  fast
[21:03:00]      + profile: main
[21:03:00]      + level:   4.0
[21:03:00]      + quality: 22,00 (RF)
[21:03:00]      + color profile: 1-1-1
[21:03:00]      + color range: tv
[21:03:00]      + chroma location: left
[21:03:00]  * audio track 1
[21:03:00]    + name: simple_aac_recording0
[21:03:00]    + decoder: Unknown (AAC LC, 2.0 ch) (track 1, id 0x1)
[21:03:00]      + samplerate: 48000 Hz
[21:03:00]    + mixdown: Stereo
[21:03:00]    + encoder: AAC (libavcodec)
[21:03:00]      + bitrate: 160 kbps, samplerate: 48000 Hz
[21:03:00] sync: expecting 723 video frames
[21:03:00] encx264: min-keyint: 60, keyint: 600
[21:03:00] encx264: encoding at constant RF 22,000000
[21:03:00] apply_h264_level [warning]: framerate (60,000) too high for level 4.0 at 1920x1080 (max. 30,118)
[21:03:00] encx264: unparsed options: level=4.0:ref=2:8x8dct=0:weightp=1:subme=6:vbv-bufsize=25000:vbv-maxrate=20000:rc-lookahead=30
x264 [info]: using SAR=1/1
x264 [warning]: MB rate (489600) > level limit (245760)
x264 [info]: using cpu capabilities: MMX2 SSE2Fast SSSE3 SSE4.2 AVX
x264 [info]: profile Main, level 4.0, 4:2:0, 8-bit
[21:03:00] sync: first pts video is 0
[21:03:00] sync: Chapter 1 at frame 1 time 0
[21:03:00] sync: first pts audio 0x1 is 0

(fr.handbrake.ghb:11351): Gdk-WARNING **: 21:03:03.304: ../gtk/gdk/wayland/gdkcursor-wayland.c:210 cursor image size (24) not an integer multiple of theme size (18)

(fr.handbrake.ghb:11351): Gdk-WARNING **: 21:03:04.152: ../gtk/gdk/wayland/gdkcursor-wayland.c:210 cursor image size (24) not an integer multiple of theme size (18)

(fr.handbrake.ghb:11351): Gdk-WARNING **: 21:03:04.548: ../gtk/gdk/wayland/gdkcursor-wayland.c:210 cursor image size (24) not an integer multiple of theme size (18)

(fr.handbrake.ghb:11351): Gdk-WARNING **: 21:03:06.191: ../gtk/gdk/wayland/gdkcursor-wayland.c:210 cursor image size (24) not an integer multiple of theme size (18)

(fr.handbrake.ghb:11351): Gdk-WARNING **: 21:03:06.196: ../gtk/gdk/wayland/gdkcursor-wayland.c:210 cursor image size (24) not an integer multiple of theme size (18)

(fr.handbrake.ghb:11351): Gdk-WARNING **: 21:03:06.745: ../gtk/gdk/wayland/gdkcursor-wayland.c:210 cursor image size (24) not an integer multiple of theme size (18)

(fr.handbrake.ghb:11351): Gdk-WARNING **: 21:03:07.014: ../gtk/gdk/wayland/gdkcursor-wayland.c:210 cursor image size (24) not an integer multiple of theme size (18)

(fr.handbrake.ghb:11351): Gdk-WARNING **: 21:03:07.051: ../gtk/gdk/wayland/gdkcursor-wayland.c:210 cursor image size (24) not an integer multiple of theme size (18)

(fr.handbrake.ghb:11351): Gdk-WARNING **: 21:03:07.065: ../gtk/gdk/wayland/gdkcursor-wayland.c:210 cursor image size (24) not an integer multiple of theme size (18)

(fr.handbrake.ghb:11351): Gdk-WARNING **: 21:03:07.091: ../gtk/gdk/wayland/gdkcursor-wayland.c:210 cursor image size (24) not an integer multiple of theme size (18)

(fr.handbrake.ghb:11351): Gdk-WARNING **: 21:03:07.127: ../gtk/gdk/wayland/gdkcursor-wayland.c:210 cursor image size (24) not an integer multiple of theme size (18)

(fr.handbrake.ghb:11351): Gdk-WARNING **: 21:03:07.551: ../gtk/gdk/wayland/gdkcursor-wayland.c:210 cursor image size (24) not an integer multiple of theme size (18)

(fr.handbrake.ghb:11351): Gdk-WARNING **: 21:03:07.683: ../gtk/gdk/wayland/gdkcursor-wayland.c:210 cursor image size (24) not an integer multiple of theme size (18)

(fr.handbrake.ghb:11351): Gdk-WARNING **: 21:03:07.762: ../gtk/gdk/wayland/gdkcursor-wayland.c:210 cursor image size (24) not an integer multiple of theme size (18)

(fr.handbrake.ghb:11351): Gdk-WARNING **: 21:03:08.253: ../gtk/gdk/wayland/gdkcursor-wayland.c:210 cursor image size (24) not an integer multiple of theme size (18)

(fr.handbrake.ghb:11351): Gdk-WARNING **: 21:03:08.279: ../gtk/gdk/wayland/gdkcursor-wayland.c:210 cursor image size (24) not an integer multiple of theme size (18)

(fr.handbrake.ghb:11351): Gdk-WARNING **: 21:03:08.482: ../gtk/gdk/wayland/gdkcursor-wayland.c:210 cursor image size (24) not an integer multiple of theme size (18)

(fr.handbrake.ghb:11351): Gdk-WARNING **: 21:03:08.807: ../gtk/gdk/wayland/gdkcursor-wayland.c:210 cursor image size (24) not an integer multiple of theme size (18)

(fr.handbrake.ghb:11351): Gdk-WARNING **: 21:03:09.033: ../gtk/gdk/wayland/gdkcursor-wayland.c:210 cursor image size (24) not an integer multiple of theme size (18)

(fr.handbrake.ghb:11351): Gdk-WARNING **: 21:03:09.305: ../gtk/gdk/wayland/gdkcursor-wayland.c:210 cursor image size (24) not an integer multiple of theme size (18)
[21:03:09] reader: done. 1 scr changes

(fr.handbrake.ghb:11351): Gdk-WARNING **: 21:03:09.728: ../gtk/gdk/wayland/gdkcursor-wayland.c:210 cursor image size (24) not an integer multiple of theme size (18)

(fr.handbrake.ghb:11351): Gdk-WARNING **: 21:03:09.745: ../gtk/gdk/wayland/gdkcursor-wayland.c:210 cursor image size (24) not an integer multiple of theme size (18)

(fr.handbrake.ghb:11351): Gdk-WARNING **: 21:03:10.140: ../gtk/gdk/wayland/gdkcursor-wayland.c:210 cursor image size (24) not an integer multiple of theme size (18)

(fr.handbrake.ghb:11351): Gdk-WARNING **: 21:03:10.546: ../gtk/gdk/wayland/gdkcursor-wayland.c:210 cursor image size (24) not an integer multiple of theme size (18)
[21:03:11] work: average encoding speed for job is 70,295280 fps
[21:03:11] comb detect: heavy 27 | light 14 | uncombed 680 | total 721
[21:03:11] decomb: deinterlaced 27 | blended 14 | unfiltered 680 | total 721
[21:03:11] vfr: 721 frames output, 0 dropped
[21:03:11] vfr: lost time: 0 (0 frames)
[21:03:11] vfr: gained time: 0 (0 frames) (0 not accounted for)
[21:03:11] aac-decoder done: 562 frames, 0 decoder errors
[21:03:11] h264-decoder done: 721 frames, 0 decoder errors
[21:03:11] sync: got 721 frames, 723 expected
[21:03:11] sync: framerate min 20,000 fps, max 60,000 fps, avg 59,834 fps
x264 [info]: frame I:2     Avg QP:19,92  size:139850
x264 [info]: frame P:200   Avg QP:20,30  size:  7328
x264 [info]: frame B:519   Avg QP:21,98  size:  1484
x264 [info]: consecutive B-frames:  1,9%  5,3%  2,9% 89,9%
x264 [info]: mb I  I16..4: 58,6%  0,0% 41,4%
x264 [info]: mb P  I16..4:  5,5%  0,0%  1,1%  P16..4:  6,6%  0,9%  0,5%  0,0%  0,0%    skip:85,4%
x264 [info]: mb B  I16..4:  0,5%  0,0%  0,1%  B16..8:  1,6%  0,5%  0,1%  direct: 0,7%  skip:96,6%  L0:52,6% L1:44,5% BI: 2,9%
x264 [info]: coded y,uvDC,uvAC intra: 14,2% 21,8% 6,4% inter: 1,0% 1,1% 0,1%
x264 [info]: i16 v,h,dc,p: 50% 42%  4%  3%
x264 [info]: i4 v,h,dc,ddl,ddr,vr,hd,vl,hu: 31% 33% 19%  2%  3%  3%  3%  2%  3%
x264 [info]: i8c dc,h,v,p: 58% 29% 12%  1%
x264 [info]: Weighted P-Frames: Y:0,0% UV:0,0%
x264 [info]: ref P L0: 78,2% 21,8%
x264 [info]: ref B L0: 77,7% 22,3%
x264 [info]: ref B L1: 95,2%  4,8%
x264 [info]: kb/s:1665,44
[21:03:11] mux: track 0, 721 frames, 2515419 bytes, 1667,68 kbps, fifo 1024
[21:03:11] mux: track 1, 563 frames, 3429 bytes, 2,27 kbps, fifo 1024
[21:03:11] Finished work at: Mon Feb 17 21:03:11 2025

[21:03:11] libhb: work result = 0
