Handbrake Version: 20250210155928-3182fa5f6-makepkg (2025021301)
[20:08:15] gtkgui: Modified Preset: /General/Fast 1080p30
[20:08:15] Starting work at: Mon Feb 17 20:08:15 2025

[20:08:15] 1 job(s) to process
[20:08:15] json job:
{
    "Audio": {
        "AudioList": [
            {
                "Bitrate": 160,
                "CompressionLevel": -1.0,
                "DRC": 0.0,
                "DitherMethod": "auto",
                "Encoder": "av_aac",
                "Gain": 0.0,
                "Mixdown": "stereo",
                "Name": "simple_aac_recording0",
                "NormalizeMixLevel": false,
                "PresetEncoder": "av_aac",
                "Quality": -3.0,
                "Samplerate": 0,
                "Track": 0
            }
        ],
        "CopyMask": [
            "copy:aac"
        ],
        "FallbackEncoder": "av_aac"
    },
    "Destination": {
        "AlignAVStart": true,
        "ChapterList": [
            {
                "Duration": {
                    "Hours": 0,
                    "Minutes": 0,
                    "Seconds": 13,
                    "Ticks": 1194030
                },
                "Name": ""
            }
        ],
        "ChapterMarkers": false,
        "File": "/home/gustavo/Vídeos/2025-02-17 20-03-43.mp4",
        "InlineParameterSets": false,
        "Mux": "m4v",
        "Options": {
            "IpodAtom": false,
            "Optimize": false
        }
    },
    "Filters": {
        "FilterList": [
            {
                "ID": 4,
                "Settings": {
                    "block-height": "16",
                    "block-thresh": "40",
                    "block-width": "16",
                    "filter-mode": "2",
                    "mode": "3",
                    "motion-thresh": "1",
                    "spatial-metric": "2",
                    "spatial-thresh": "1"
                }
            },
            {
                "ID": 6,
                "Settings": {
                    "mode": "7"
                }
            },
            {
                "ID": 11,
                "Settings": {
                    "mode": 0
                }
            },
            {
                "ID": 20,
                "Settings": {
                    "crop-bottom": 0,
                    "crop-left": 0,
                    "crop-right": 0,
                    "crop-top": 0,
                    "height": 1080,
                    "width": 1920
                }
            }
        ]
    },
    "Metadata": {},
    "PAR": {
        "Den": 1,
        "Num": 1
    },
    "SequenceID": 0,
    "Source": {
        "Angle": 0,
        "HWDecode": 0,
        "KeepDuplicateTitles": false,
        "Path": "/home/gustavo/2025-02-17 20-03-43.mkv",
        "Range": {
            "End": 1,
            "Start": 1,
            "Type": "chapter"
        },
        "Title": 1
    },
    "Subtitle": {
        "Search": {
            "Burn": true,
            "Default": false,
            "Enable": false,
            "Forced": false
        },
        "SubtitleList": []
    },
    "Video": {
        "ChromaLocation": 1,
        "ColorInputFormat": 0,
        "ColorMatrix": 1,
        "ColorOutputFormat": 0,
        "ColorPrimaries": 1,
        "ColorRange": 1,
        "ColorTransfer": 1,
        "Encoder": "x264",
        "HardwareDecode": 0,
        "Level": "4.0",
        "MultiPass": false,
        "Options": "",
        "Preset": "fast",
        "Profile": "main",
        "QSV": {
            "AdapterIndex": 0,
            "AsyncDepth": 0,
            "Decode": false
        },
        "Quality": 22.0,
        "Tune": "",
        "Turbo": false
    }
}
[20:08:15] CPU: Intel(R) Core(TM) i7-3770 CPU @ 3.40GHz
[20:08:15]  - Intel microarchitecture Ivy Bridge
[20:08:15]  - logical processor count: 8
[20:08:15] Intel Quick Sync Video support: no
[20:08:15] hb_scan: path=/home/gustavo/2025-02-17 20-03-43.mkv, title_index=1
Input #0, matroska,webm, from '/home/gustavo/2025-02-17 20-03-43.mkv':
  Metadata:
    ENCODER         : Lavf61.7.100
  Duration: 00:00:13.27, start: 0.000000, bitrate: 2219 kb/s
  Stream #0:0: Video: h264 (High), yuv420p(tv, bt709, progressive), 1920x1080 [SAR 1:1 DAR 16:9], 60 fps, 60 tbr, 1k tbn
      Metadata:
        DURATION        : 00:00:13.267000000
  Stream #0:1: Audio: aac (LC), 48000 Hz, stereo, fltp
      Metadata:
        title           : simple_aac_recording0
        DURATION        : 00:00:13.205000000
[20:08:15] scan: decoding previews for title 1
[20:08:15] scan: audio 0x1: aac, rate=48000Hz, bitrate=1 Unknown (AAC LC, 2.0 ch)
[20:08:16] using bitstream PAR 1:1
[20:08:16] scan: 10 previews, 1920x1080, 60,000 fps, autocrop = 0/0/0/0, aspect 16:9, PAR 1:1, color profile: 1-1-1, chroma location: left
[20:08:16] libhb: scan thread found 1 valid title(s)
[20:08:16] Starting Task: Encoding Pass
[20:08:16] work: skipping crop/scale filter
[20:08:16] job configuration:
[20:08:16]  * source
[20:08:16]    + /home/gustavo/2025-02-17 20-03-43.mkv
[20:08:16]    + title 1, chapter(s) 1 to 1
[20:08:16]    + container: matroska,webm
[20:08:16]    + data rate: 2219 kbps
[20:08:16]  * destination
[20:08:16]    + /home/gustavo/Vídeos/2025-02-17 20-03-43.mp4
[20:08:16]    + container: MPEG-4 (libavformat)
[20:08:16]      + align initial A/V stream timestamps
[20:08:16]  * video track
[20:08:16]    + decoder: h264 8-bit (yuv420p)
[20:08:16]    + filters
[20:08:16]      + Comb Detect (mode=3:spatial-metric=2:motion-thresh=1:spatial-thresh=1:filter-mode=2:block-thresh=40:block-width=16:block-height=16)
[20:08:16]      + Decomb (mode=39)
[20:08:16]      + Framerate Shaper (mode=0)
[20:08:16]        + frame rate: same as source (around 60,000 fps)
[20:08:16]    + Output geometry
[20:08:16]      + storage dimensions: 1920 x 1080
[20:08:16]      + pixel aspect ratio: 1 : 1
[20:08:16]      + display dimensions: 1920 x 1080
[20:08:16]    + encoder: H.264 (libx264)
[20:08:16]      + preset:  fast
[20:08:16]      + profile: main
[20:08:16]      + level:   4.0
[20:08:16]      + quality: 22,00 (RF)
[20:08:16]      + color profile: 1-1-1
[20:08:16]      + color range: tv
[20:08:16]      + chroma location: left
[20:08:16]  * audio track 1
[20:08:16]    + name: simple_aac_recording0
[20:08:16]    + decoder: Unknown (AAC LC, 2.0 ch) (track 1, id 0x1)
[20:08:16]      + samplerate: 48000 Hz
[20:08:16]    + mixdown: Stereo
[20:08:16]    + encoder: AAC (libavcodec)
[20:08:16]      + bitrate: 160 kbps, samplerate: 48000 Hz
[20:08:16] sync: expecting 796 video frames
[20:08:16] encx264: min-keyint: 60, keyint: 600
[20:08:16] encx264: encoding at constant RF 22,000000
[20:08:16] apply_h264_level [warning]: framerate (60,000) too high for level 4.0 at 1920x1080 (max. 30,118)
[20:08:16] encx264: unparsed options: level=4.0:ref=2:8x8dct=0:weightp=1:subme=6:vbv-bufsize=25000:vbv-maxrate=20000:rc-lookahead=30
x264 [info]: using SAR=1/1
x264 [warning]: MB rate (489600) > level limit (245760)
x264 [info]: using cpu capabilities: MMX2 SSE2Fast SSSE3 SSE4.2 AVX
x264 [info]: profile Main, level 4.0, 4:2:0, 8-bit
[20:08:16] sync: first pts video is 0
[20:08:16] sync: Chapter 1 at frame 1 time 0
[20:08:16] sync: first pts audio 0x1 is 0

(fr.handbrake.ghb:4372): Gdk-WARNING **: 20:08:24.749: ../gtk/gdk/wayland/gdkcursor-wayland.c:210 cursor image size (24) not an integer multiple of theme size (18)

(fr.handbrake.ghb:4372): Gdk-WARNING **: 20:08:24.749: ../gtk/gdk/wayland/gdkcursor-wayland.c:210 cursor image size (24) not an integer multiple of theme size (18)

(fr.handbrake.ghb:4372): Gdk-WARNING **: 20:08:25.058: ../gtk/gdk/wayland/gdkcursor-wayland.c:210 cursor image size (24) not an integer multiple of theme size (18)
[20:08:25] reader: done. 1 scr changes

(fr.handbrake.ghb:4372): Gdk-WARNING **: 20:08:25.233: ../gtk/gdk/wayland/gdkcursor-wayland.c:210 cursor image size (24) not an integer multiple of theme size (18)

(fr.handbrake.ghb:4372): Gdk-WARNING **: 20:08:26.661: ../gtk/gdk/wayland/gdkcursor-wayland.c:210 cursor image size (24) not an integer multiple of theme size (18)

(fr.handbrake.ghb:4372): Gdk-WARNING **: 20:08:26.687: ../gtk/gdk/wayland/gdkcursor-wayland.c:210 cursor image size (24) not an integer multiple of theme size (18)
[20:08:27] work: average encoding speed for job is 81,279442 fps

(fr.handbrake.ghb:4372): Gdk-WARNING **: 20:08:27.257: ../gtk/gdk/wayland/gdkcursor-wayland.c:210 cursor image size (24) not an integer multiple of theme size (18)

(fr.handbrake.ghb:4372): Gdk-WARNING **: 20:08:27.257: ../gtk/gdk/wayland/gdkcursor-wayland.c:210 cursor image size (24) not an integer multiple of theme size (18)

(fr.handbrake.ghb:4372): Gdk-WARNING **: 20:08:27.258: ../gtk/gdk/wayland/gdkcursor-wayland.c:210 cursor image size (24) not an integer multiple of theme size (18)

(fr.handbrake.ghb:4372): Gdk-WARNING **: 20:08:27.272: ../gtk/gdk/wayland/gdkcursor-wayland.c:210 cursor image size (24) not an integer multiple of theme size (18)

(fr.handbrake.ghb:4372): Gdk-WARNING **: 20:08:27.320: ../gtk/gdk/wayland/gdkcursor-wayland.c:210 cursor image size (24) not an integer multiple of theme size (18)

(fr.handbrake.ghb:4372): Gdk-WARNING **: 20:08:27.320: ../gtk/gdk/wayland/gdkcursor-wayland.c:210 cursor image size (24) not an integer multiple of theme size (18)
[20:08:27] comb detect: heavy 9 | light 27 | uncombed 758 | total 794
[20:08:27] decomb: deinterlaced 9 | blended 27 | unfiltered 758 | total 794
[20:08:27] vfr: 794 frames output, 0 dropped
[20:08:27] vfr: lost time: 0 (0 frames)
[20:08:27] vfr: gained time: 0 (0 frames) (0 not accounted for)
[20:08:27] aac-decoder done: 619 frames, 0 decoder errors
[20:08:27] h264-decoder done: 794 frames, 0 decoder errors
[20:08:27] sync: got 794 frames, 796 expected
[20:08:27] sync: framerate min 20,000 fps, max 60,000 fps, avg 59,849 fps
x264 [info]: frame I:3     Avg QP:17,11  size: 86481
x264 [info]: frame P:232   Avg QP:20,64  size:  6183
x264 [info]: frame B:559   Avg QP:22,94  size:   579
x264 [info]: consecutive B-frames:  4,8%  2,5%  4,5% 88,2%
x264 [info]: mb I  I16..4: 69,1%  0,0% 30,9%
x264 [info]: mb P  I16..4:  5,5%  0,0%  1,8%  P16..4:  4,6%  0,7%  0,5%  0,0%  0,0%    skip:86,8%
x264 [info]: mb B  I16..4:  0,5%  0,0%  0,1%  B16..8:  0,9%  0,2%  0,0%  direct: 0,3%  skip:98,0%  L0:45,0% L1:51,7% BI: 3,3%
x264 [info]: coded y,uvDC,uvAC intra: 18,7% 24,0% 8,5% inter: 0,5% 0,8% 0,1%
x264 [info]: i16 v,h,dc,p: 36% 57%  4%  3%
x264 [info]: i4 v,h,dc,ddl,ddr,vr,hd,vl,hu: 27% 30% 19%  4%  5%  5%  4%  4%  3%
x264 [info]: i8c dc,h,v,p: 56% 32% 10%  1%
x264 [info]: Weighted P-Frames: Y:0,0% UV:0,0%
x264 [info]: ref P L0: 81,5% 18,5%
x264 [info]: ref B L0: 76,4% 23,6%
x264 [info]: ref B L1: 94,8%  5,2%
x264 [info]: kb/s:1213,73
[20:08:27] mux: track 0, 794 frames, 2017705 bytes, 1215,18 kbps, fifo 1024
[20:08:27] mux: track 1, 620 frames, 3771 bytes, 2,27 kbps, fifo 1024
[20:08:27] Finished work at: Mon Feb 17 20:08:27 2025

[20:08:27] libhb: work result = 0
