2025-02-15 08:43:00.983 [info] Reading sessions from keychain...
2025-02-15 08:43:00.983 [info] Getting sessions for all scopes...
2025-02-15 08:43:00.983 [info] Getting sessions for all scopes...
2025-02-15 08:43:00.983 [info] Getting sessions for all scopes...
2025-02-15 08:43:00.983 [info] Getting sessions for user:email...
2025-02-15 08:43:00.983 [info] Getting sessions for all scopes...
2025-02-15 08:43:00.983 [info] Getting sessions for all scopes...
2025-02-15 08:43:00.983 [info] Getting sessions for all scopes...
2025-02-15 08:43:00.983 [info] Getting sessions for all scopes...
2025-02-15 08:43:00.983 [info] Getting sessions for all scopes...
2025-02-15 08:43:00.983 [info] Got stored sessions!
2025-02-15 08:43:00.983 [info] Got 1 verified sessions.
2025-02-15 08:43:00.983 [info] Got 1 sessions for ...
2025-02-15 08:43:00.983 [info] Got 1 sessions for ...
2025-02-15 08:43:00.983 [info] Got 1 sessions for ...
2025-02-15 08:43:00.983 [info] Got 1 sessions for user:email...
2025-02-15 08:43:00.983 [info] Got 1 sessions for ...
2025-02-15 08:43:00.983 [info] Got 1 sessions for ...
2025-02-15 08:43:00.983 [info] Got 1 sessions for ...
2025-02-15 08:43:00.983 [info] Got 1 sessions for ...
2025-02-15 08:43:00.983 [info] Got 1 sessions for ...
2025-02-15 08:43:01.107 [info] Getting sessions for all scopes...
2025-02-15 08:43:01.107 [info] Got 1 sessions for ...
2025-02-15 08:43:05.419 [info] Getting sessions for read:user,repo,user:email,workflow...
2025-02-15 08:43:05.419 [info] Got 0 sessions for read:user,repo,user:email,workflow...
2025-02-15 08:43:05.446 [info] Getting sessions for all scopes...
2025-02-15 08:43:05.446 [info] Got 1 sessions for ...
2025-02-15 08:43:05.447 [info] Getting sessions for all scopes...
2025-02-15 08:43:05.447 [info] Got 1 sessions for ...
2025-02-15 08:43:05.731 [info] Getting sessions for read:user...
2025-02-15 08:43:05.731 [info] Got 0 sessions for read:user...
2025-02-15 08:43:05.834 [info] Getting sessions for read:user,repo,user:email,workflow...
2025-02-15 08:43:05.834 [info] Got 0 sessions for read:user,repo,user:email,workflow...
2025-02-15 08:43:05.876 [info] Getting sessions for user:email...
2025-02-15 08:43:05.876 [info] Got 1 sessions for user:email...
2025-02-15 08:43:05.877 [info] Getting sessions for user:email...
2025-02-15 08:43:05.877 [info] Got 1 sessions for user:email...
2025-02-15 08:43:05.925 [info] Getting sessions for all scopes...
2025-02-15 08:43:05.925 [info] Got 1 sessions for ...
2025-02-15 08:43:05.927 [info] Getting sessions for read:user,repo,user:email,workflow...
2025-02-15 08:43:05.927 [info] Got 0 sessions for read:user,repo,user:email,workflow...
2025-02-15 08:43:05.929 [info] Getting sessions for user:email...
2025-02-15 08:43:05.929 [info] Got 1 sessions for user:email...
2025-02-15 08:43:07.395 [info] Getting sessions for all scopes...
2025-02-15 08:43:07.395 [info] Got 1 sessions for ...
2025-02-15 08:43:07.400 [info] Getting sessions for read:user,repo,user:email,workflow...
2025-02-15 08:43:07.400 [info] Got 0 sessions for read:user,repo,user:email,workflow...
2025-02-15 08:43:07.401 [info] Getting sessions for user:email...
2025-02-15 08:43:07.401 [info] Got 1 sessions for user:email...
2025-02-15 08:43:07.803 [info] Getting sessions for all scopes...
2025-02-15 08:43:07.803 [info] Got 1 sessions for ...
2025-02-15 08:43:07.805 [info] Getting sessions for read:user,repo,user:email,workflow...
2025-02-15 08:43:07.805 [info] Got 0 sessions for read:user,repo,user:email,workflow...
2025-02-15 08:43:07.809 [info] Getting sessions for user:email...
2025-02-15 08:43:07.809 [info] Got 1 sessions for user:email...
2025-02-15 08:43:08.110 [info] Getting sessions for all scopes...
2025-02-15 08:43:08.110 [info] Got 1 sessions for ...
2025-02-15 08:43:08.110 [info] Getting sessions for all scopes...
2025-02-15 08:43:08.110 [info] Got 1 sessions for ...
2025-02-15 08:43:08.124 [info] Getting sessions for read:user,repo,user:email,workflow...
2025-02-15 08:43:08.124 [info] Got 0 sessions for read:user,repo,user:email,workflow...
2025-02-15 08:43:08.126 [info] Getting sessions for user:email...
2025-02-15 08:43:08.126 [info] Got 1 sessions for user:email...
2025-02-15 08:43:08.131 [info] Getting sessions for all scopes...
2025-02-15 08:43:08.131 [info] Got 1 sessions for ...
2025-02-15 08:43:08.132 [info] Getting sessions for read:user,repo,user:email,workflow...
2025-02-15 08:43:08.132 [info] Got 0 sessions for read:user,repo,user:email,workflow...
2025-02-15 08:43:08.132 [info] Getting sessions for user:email...
2025-02-15 08:43:08.132 [info] Got 1 sessions for user:email...
2025-02-15 08:43:08.268 [info] Getting sessions for all scopes...
2025-02-15 08:43:08.268 [info] Got 1 sessions for ...
2025-02-15 08:43:08.298 [info] Getting sessions for read:user,repo,user:email,workflow...
2025-02-15 08:43:08.298 [info] Got 0 sessions for read:user,repo,user:email,workflow...
2025-02-15 08:43:08.299 [info] Getting sessions for user:email...
2025-02-15 08:43:08.299 [info] Got 1 sessions for user:email...
2025-02-15 08:43:09.380 [info] Getting sessions for all scopes...
2025-02-15 08:43:09.380 [info] Got 1 sessions for ...
2025-02-15 08:43:09.395 [info] Getting sessions for read:user,repo,user:email,workflow...
2025-02-15 08:43:09.395 [info] Got 0 sessions for read:user,repo,user:email,workflow...
2025-02-15 08:43:09.396 [info] Getting sessions for user:email...
2025-02-15 08:43:09.396 [info] Got 1 sessions for user:email...
2025-02-15 08:58:09.400 [info] Getting sessions for all scopes...
2025-02-15 08:58:09.400 [info] Got 1 sessions for ...
2025-02-15 08:58:09.403 [info] Getting sessions for read:user,repo,user:email,workflow...
2025-02-15 08:58:09.403 [info] Got 0 sessions for read:user,repo,user:email,workflow...
2025-02-15 08:58:09.405 [info] Getting sessions for user:email...
2025-02-15 08:58:09.405 [info] Got 1 sessions for user:email...
2025-02-15 08:58:09.408 [info] Getting sessions for all scopes...
2025-02-15 08:58:09.408 [info] Got 1 sessions for ...
2025-02-15 08:58:09.411 [info] Getting sessions for read:user,repo,user:email,workflow...
2025-02-15 08:58:09.411 [info] Got 0 sessions for read:user,repo,user:email,workflow...
2025-02-15 08:58:09.413 [info] Getting sessions for user:email...
2025-02-15 08:58:09.413 [info] Got 1 sessions for user:email...
2025-02-15 09:08:08.095 [info] Getting sessions for all scopes...
2025-02-15 09:08:08.095 [info] Got 1 sessions for ...
2025-02-15 09:08:08.097 [info] Getting sessions for read:user,repo,user:email,workflow...
2025-02-15 09:08:08.097 [info] Got 0 sessions for read:user,repo,user:email,workflow...
2025-02-15 09:08:08.099 [info] Getting sessions for user:email...
2025-02-15 09:08:08.099 [info] Got 1 sessions for user:email...
2025-02-15 09:08:08.743 [info] Getting sessions for all scopes...
2025-02-15 09:08:08.743 [info] Got 1 sessions for ...
2025-02-15 09:08:08.743 [info] Getting sessions for all scopes...
2025-02-15 09:08:08.743 [info] Got 1 sessions for ...
2025-02-15 09:08:08.744 [info] Getting sessions for read:user,repo,user:email,workflow...
2025-02-15 09:08:08.744 [info] Got 0 sessions for read:user,repo,user:email,workflow...
2025-02-15 09:08:08.746 [info] Getting sessions for user:email...
2025-02-15 09:08:08.746 [info] Got 1 sessions for user:email...
2025-02-15 09:08:08.747 [info] Getting sessions for all scopes...
2025-02-15 09:08:08.747 [info] Got 1 sessions for ...
2025-02-15 09:08:08.748 [info] Getting sessions for read:user,repo,user:email,workflow...
2025-02-15 09:08:08.749 [info] Got 0 sessions for read:user,repo,user:email,workflow...
2025-02-15 09:08:08.749 [info] Getting sessions for user:email...
2025-02-15 09:08:08.749 [info] Got 1 sessions for user:email...
2025-02-15 09:08:08.761 [info] Getting sessions for all scopes...
2025-02-15 09:08:08.761 [info] Got 1 sessions for ...
2025-02-15 09:08:08.762 [info] Getting sessions for read:user,repo,user:email,workflow...
2025-02-15 09:08:08.762 [info] Got 0 sessions for read:user,repo,user:email,workflow...
2025-02-15 09:08:08.765 [info] Getting sessions for user:email...
2025-02-15 09:08:08.765 [info] Got 1 sessions for user:email...
2025-02-15 09:23:08.770 [info] Getting sessions for all scopes...
2025-02-15 09:23:08.770 [info] Got 1 sessions for ...
2025-02-15 09:23:08.772 [info] Getting sessions for read:user,repo,user:email,workflow...
2025-02-15 09:23:08.772 [info] Got 0 sessions for read:user,repo,user:email,workflow...
2025-02-15 09:23:08.775 [info] Getting sessions for user:email...
2025-02-15 09:23:08.775 [info] Got 1 sessions for user:email...
2025-02-15 09:33:08.743 [info] Getting sessions for all scopes...
2025-02-15 09:33:08.743 [info] Got 1 sessions for ...
2025-02-15 09:33:08.746 [info] Getting sessions for read:user,repo,user:email,workflow...
2025-02-15 09:33:08.746 [info] Got 0 sessions for read:user,repo,user:email,workflow...
2025-02-15 09:33:08.748 [info] Getting sessions for user:email...
2025-02-15 09:33:08.748 [info] Got 1 sessions for user:email...
2025-02-15 09:33:09.492 [info] Getting sessions for all scopes...
2025-02-15 09:33:09.492 [info] Got 1 sessions for ...
2025-02-15 09:33:09.492 [info] Getting sessions for all scopes...
2025-02-15 09:33:09.492 [info] Got 1 sessions for ...
2025-02-15 09:33:09.494 [info] Getting sessions for read:user,repo,user:email,workflow...
2025-02-15 09:33:09.494 [info] Got 0 sessions for read:user,repo,user:email,workflow...
2025-02-15 09:33:09.496 [info] Getting sessions for user:email...
2025-02-15 09:33:09.496 [info] Got 1 sessions for user:email...
2025-02-15 09:33:09.498 [info] Getting sessions for all scopes...
2025-02-15 09:33:09.498 [info] Got 1 sessions for ...
2025-02-15 09:33:09.500 [info] Getting sessions for read:user,repo,user:email,workflow...
2025-02-15 09:33:09.500 [info] Got 0 sessions for read:user,repo,user:email,workflow...
2025-02-15 09:33:09.502 [info] Getting sessions for user:email...
2025-02-15 09:33:09.502 [info] Got 1 sessions for user:email...
2025-02-15 09:33:09.514 [info] Getting sessions for all scopes...
2025-02-15 09:33:09.514 [info] Got 1 sessions for ...
2025-02-15 09:33:09.516 [info] Getting sessions for read:user,repo,user:email,workflow...
2025-02-15 09:33:09.516 [info] Got 0 sessions for read:user,repo,user:email,workflow...
2025-02-15 09:33:09.518 [info] Getting sessions for user:email...
2025-02-15 09:33:09.518 [info] Got 1 sessions for user:email...
2025-02-15 09:48:09.525 [info] Getting sessions for all scopes...
2025-02-15 09:48:09.525 [info] Got 1 sessions for ...
2025-02-15 09:48:09.528 [info] Getting sessions for read:user,repo,user:email,workflow...
2025-02-15 09:48:09.528 [info] Got 0 sessions for read:user,repo,user:email,workflow...
2025-02-15 09:48:09.530 [info] Getting sessions for user:email...
2025-02-15 09:48:09.530 [info] Got 1 sessions for user:email...
2025-02-15 09:58:09.492 [info] Getting sessions for all scopes...
2025-02-15 09:58:09.492 [info] Got 1 sessions for ...
2025-02-15 09:58:09.495 [info] Getting sessions for read:user,repo,user:email,workflow...
2025-02-15 09:58:09.495 [info] Got 0 sessions for read:user,repo,user:email,workflow...
2025-02-15 09:58:09.497 [info] Getting sessions for user:email...
2025-02-15 09:58:09.497 [info] Got 1 sessions for user:email...
2025-02-15 09:58:10.228 [info] Getting sessions for all scopes...
2025-02-15 09:58:10.228 [info] Got 1 sessions for ...
2025-02-15 09:58:10.228 [info] Getting sessions for all scopes...
2025-02-15 09:58:10.228 [info] Got 1 sessions for ...
2025-02-15 09:58:10.230 [info] Getting sessions for read:user,repo,user:email,workflow...
2025-02-15 09:58:10.230 [info] Got 0 sessions for read:user,repo,user:email,workflow...
2025-02-15 09:58:10.232 [info] Getting sessions for user:email...
2025-02-15 09:58:10.232 [info] Got 1 sessions for user:email...
2025-02-15 09:58:10.233 [info] Getting sessions for all scopes...
2025-02-15 09:58:10.233 [info] Got 1 sessions for ...
2025-02-15 09:58:10.235 [info] Getting sessions for read:user,repo,user:email,workflow...
2025-02-15 09:58:10.235 [info] Got 0 sessions for read:user,repo,user:email,workflow...
2025-02-15 09:58:10.237 [info] Getting sessions for user:email...
2025-02-15 09:58:10.237 [info] Got 1 sessions for user:email...
2025-02-15 09:58:10.249 [info] Getting sessions for all scopes...
2025-02-15 09:58:10.249 [info] Got 1 sessions for ...
2025-02-15 09:58:10.251 [info] Getting sessions for read:user,repo,user:email,workflow...
2025-02-15 09:58:10.251 [info] Got 0 sessions for read:user,repo,user:email,workflow...
2025-02-15 09:58:10.253 [info] Getting sessions for user:email...
2025-02-15 09:58:10.253 [info] Got 1 sessions for user:email...
2025-02-15 10:13:10.259 [info] Getting sessions for all scopes...
2025-02-15 10:13:10.259 [info] Got 1 sessions for ...
2025-02-15 10:13:10.261 [info] Getting sessions for read:user,repo,user:email,workflow...
2025-02-15 10:13:10.262 [info] Got 0 sessions for read:user,repo,user:email,workflow...
2025-02-15 10:13:10.263 [info] Getting sessions for user:email...
2025-02-15 10:13:10.263 [info] Got 1 sessions for user:email...
2025-02-15 10:13:10.265 [info] Getting sessions for all scopes...
2025-02-15 10:13:10.265 [info] Got 1 sessions for ...
2025-02-15 10:13:10.266 [info] Getting sessions for read:user,repo,user:email,workflow...
2025-02-15 10:13:10.266 [info] Got 0 sessions for read:user,repo,user:email,workflow...
2025-02-15 10:13:10.267 [info] Getting sessions for user:email...
2025-02-15 10:13:10.267 [info] Got 1 sessions for user:email...
2025-02-15 10:23:10.228 [info] Getting sessions for all scopes...
2025-02-15 10:23:10.228 [info] Got 1 sessions for ...
2025-02-15 10:23:10.230 [info] Getting sessions for read:user,repo,user:email,workflow...
2025-02-15 10:23:10.230 [info] Got 0 sessions for read:user,repo,user:email,workflow...
2025-02-15 10:23:10.232 [info] Getting sessions for user:email...
2025-02-15 10:23:10.232 [info] Got 1 sessions for user:email...
2025-02-15 10:23:11.020 [info] Getting sessions for all scopes...
2025-02-15 10:23:11.020 [info] Got 1 sessions for ...
2025-02-15 10:23:11.021 [info] Getting sessions for all scopes...
2025-02-15 10:23:11.021 [info] Got 1 sessions for ...
2025-02-15 10:23:11.021 [info] Getting sessions for read:user,repo,user:email,workflow...
2025-02-15 10:23:11.021 [info] Got 0 sessions for read:user,repo,user:email,workflow...
2025-02-15 10:23:11.022 [info] Getting sessions for user:email...
2025-02-15 10:23:11.022 [info] Got 1 sessions for user:email...
2025-02-15 10:23:11.024 [info] Getting sessions for all scopes...
2025-02-15 10:23:11.024 [info] Got 1 sessions for ...
2025-02-15 10:23:11.025 [info] Getting sessions for read:user,repo,user:email,workflow...
2025-02-15 10:23:11.025 [info] Got 0 sessions for read:user,repo,user:email,workflow...
2025-02-15 10:23:11.026 [info] Getting sessions for user:email...
2025-02-15 10:23:11.026 [info] Got 1 sessions for user:email...
2025-02-15 10:23:11.032 [info] Getting sessions for all scopes...
2025-02-15 10:23:11.032 [info] Got 1 sessions for ...
2025-02-15 10:23:11.033 [info] Getting sessions for read:user,repo,user:email,workflow...
2025-02-15 10:23:11.033 [info] Got 0 sessions for read:user,repo,user:email,workflow...
2025-02-15 10:23:11.034 [info] Getting sessions for user:email...
2025-02-15 10:23:11.034 [info] Got 1 sessions for user:email...
2025-02-15 10:23:11.036 [info] Getting sessions for all scopes...
2025-02-15 10:23:11.036 [info] Got 1 sessions for ...
2025-02-15 10:23:11.038 [info] Getting sessions for read:user,repo,user:email,workflow...
2025-02-15 10:23:11.038 [info] Got 0 sessions for read:user,repo,user:email,workflow...
2025-02-15 10:23:11.038 [info] Getting sessions for user:email...
2025-02-15 10:23:11.038 [info] Got 1 sessions for user:email...
2025-02-15 10:38:11.605 [info] Getting sessions for all scopes...
2025-02-15 10:38:11.605 [info] Got 1 sessions for ...
2025-02-15 10:38:11.606 [info] Getting sessions for read:user,repo,user:email,workflow...
2025-02-15 10:38:11.606 [info] Got 0 sessions for read:user,repo,user:email,workflow...
2025-02-15 10:38:11.608 [info] Getting sessions for user:email...
2025-02-15 10:38:11.608 [info] Got 1 sessions for user:email...
2025-02-15 10:38:11.609 [info] Getting sessions for all scopes...
2025-02-15 10:38:11.609 [info] Got 1 sessions for ...
2025-02-15 10:38:11.610 [info] Getting sessions for read:user,repo,user:email,workflow...
2025-02-15 10:38:11.610 [info] Got 0 sessions for read:user,repo,user:email,workflow...
2025-02-15 10:38:11.612 [info] Getting sessions for user:email...
2025-02-15 10:38:11.612 [info] Got 1 sessions for user:email...
2025-02-15 10:48:11.021 [info] Getting sessions for all scopes...
2025-02-15 10:48:11.021 [info] Got 1 sessions for ...
2025-02-15 10:48:11.025 [info] Getting sessions for read:user,repo,user:email,workflow...
2025-02-15 10:48:11.025 [info] Got 0 sessions for read:user,repo,user:email,workflow...
2025-02-15 10:48:11.027 [info] Getting sessions for user:email...
2025-02-15 10:48:11.027 [info] Got 1 sessions for user:email...
2025-02-15 10:48:11.751 [info] Getting sessions for all scopes...
2025-02-15 10:48:11.751 [info] Got 1 sessions for ...
2025-02-15 10:48:11.751 [info] Getting sessions for all scopes...
2025-02-15 10:48:11.751 [info] Got 1 sessions for ...
2025-02-15 10:48:11.752 [info] Getting sessions for read:user,repo,user:email,workflow...
2025-02-15 10:48:11.752 [info] Got 0 sessions for read:user,repo,user:email,workflow...
2025-02-15 10:48:11.754 [info] Getting sessions for user:email...
2025-02-15 10:48:11.754 [info] Got 1 sessions for user:email...
2025-02-15 10:48:11.757 [info] Getting sessions for all scopes...
2025-02-15 10:48:11.757 [info] Got 1 sessions for ...
2025-02-15 10:48:11.759 [info] Getting sessions for read:user,repo,user:email,workflow...
2025-02-15 10:48:11.759 [info] Got 0 sessions for read:user,repo,user:email,workflow...
2025-02-15 10:48:11.761 [info] Getting sessions for user:email...
2025-02-15 10:48:11.761 [info] Got 1 sessions for user:email...
2025-02-15 10:48:11.772 [info] Getting sessions for all scopes...
2025-02-15 10:48:11.772 [info] Got 1 sessions for ...
2025-02-15 10:48:11.774 [info] Getting sessions for read:user,repo,user:email,workflow...
2025-02-15 10:48:11.775 [info] Got 0 sessions for read:user,repo,user:email,workflow...
2025-02-15 10:48:11.776 [info] Getting sessions for user:email...
2025-02-15 10:48:11.776 [info] Got 1 sessions for user:email...
2025-02-15 11:03:11.781 [info] Getting sessions for all scopes...
2025-02-15 11:03:11.781 [info] Got 1 sessions for ...
2025-02-15 11:03:11.783 [info] Getting sessions for read:user,repo,user:email,workflow...
2025-02-15 11:03:11.784 [info] Got 0 sessions for read:user,repo,user:email,workflow...
2025-02-15 11:03:11.786 [info] Getting sessions for user:email...
2025-02-15 11:03:11.786 [info] Got 1 sessions for user:email...
2025-02-15 11:13:11.750 [info] Getting sessions for all scopes...
2025-02-15 11:13:11.750 [info] Got 1 sessions for ...
2025-02-15 11:13:11.753 [info] Getting sessions for read:user,repo,user:email,workflow...
2025-02-15 11:13:11.753 [info] Got 0 sessions for read:user,repo,user:email,workflow...
2025-02-15 11:13:11.755 [info] Getting sessions for user:email...
2025-02-15 11:13:11.755 [info] Got 1 sessions for user:email...
2025-02-15 11:13:12.407 [info] Getting sessions for all scopes...
2025-02-15 11:13:12.407 [info] Got 1 sessions for ...
2025-02-15 11:13:12.408 [info] Getting sessions for all scopes...
2025-02-15 11:13:12.408 [info] Got 1 sessions for ...
2025-02-15 11:13:12.410 [info] Getting sessions for read:user,repo,user:email,workflow...
2025-02-15 11:13:12.410 [info] Got 0 sessions for read:user,repo,user:email,workflow...
2025-02-15 11:13:12.412 [info] Getting sessions for user:email...
2025-02-15 11:13:12.412 [info] Got 1 sessions for user:email...
2025-02-15 11:13:12.415 [info] Getting sessions for all scopes...
2025-02-15 11:13:12.415 [info] Got 1 sessions for ...
2025-02-15 11:13:12.417 [info] Getting sessions for read:user,repo,user:email,workflow...
2025-02-15 11:13:12.417 [info] Got 0 sessions for read:user,repo,user:email,workflow...
2025-02-15 11:13:12.419 [info] Getting sessions for user:email...
2025-02-15 11:13:12.419 [info] Got 1 sessions for user:email...
2025-02-15 11:13:12.429 [info] Getting sessions for all scopes...
2025-02-15 11:13:12.429 [info] Got 1 sessions for ...
2025-02-15 11:13:12.431 [info] Getting sessions for read:user,repo,user:email,workflow...
2025-02-15 11:13:12.431 [info] Got 0 sessions for read:user,repo,user:email,workflow...
2025-02-15 11:13:12.433 [info] Getting sessions for user:email...
2025-02-15 11:13:12.433 [info] Got 1 sessions for user:email...
2025-02-15 11:28:12.438 [info] Getting sessions for all scopes...
2025-02-15 11:28:12.438 [info] Got 1 sessions for ...
2025-02-15 11:28:12.441 [info] Getting sessions for read:user,repo,user:email,workflow...
2025-02-15 11:28:12.441 [info] Got 0 sessions for read:user,repo,user:email,workflow...
2025-02-15 11:28:12.443 [info] Getting sessions for user:email...
2025-02-15 11:28:12.443 [info] Got 1 sessions for user:email...
2025-02-15 11:38:12.407 [info] Getting sessions for all scopes...
2025-02-15 11:38:12.407 [info] Got 1 sessions for ...
2025-02-15 11:38:12.410 [info] Getting sessions for read:user,repo,user:email,workflow...
2025-02-15 11:38:12.410 [info] Got 0 sessions for read:user,repo,user:email,workflow...
2025-02-15 11:38:12.412 [info] Getting sessions for user:email...
2025-02-15 11:38:12.412 [info] Got 1 sessions for user:email...
2025-02-15 11:38:13.155 [info] Getting sessions for all scopes...
2025-02-15 11:38:13.155 [info] Got 1 sessions for ...
2025-02-15 11:38:13.156 [info] Getting sessions for all scopes...
2025-02-15 11:38:13.156 [info] Got 1 sessions for ...
2025-02-15 11:38:13.158 [info] Getting sessions for read:user,repo,user:email,workflow...
2025-02-15 11:38:13.158 [info] Got 0 sessions for read:user,repo,user:email,workflow...
2025-02-15 11:38:13.160 [info] Getting sessions for user:email...
2025-02-15 11:38:13.160 [info] Got 1 sessions for user:email...
2025-02-15 11:38:13.162 [info] Getting sessions for all scopes...
2025-02-15 11:38:13.162 [info] Got 1 sessions for ...
2025-02-15 11:38:13.163 [info] Getting sessions for read:user,repo,user:email,workflow...
2025-02-15 11:38:13.163 [info] Got 0 sessions for read:user,repo,user:email,workflow...
2025-02-15 11:38:13.165 [info] Getting sessions for user:email...
2025-02-15 11:38:13.165 [info] Got 1 sessions for user:email...
2025-02-15 11:38:13.170 [info] Getting sessions for all scopes...
2025-02-15 11:38:13.170 [info] Got 1 sessions for ...
2025-02-15 11:38:13.171 [info] Getting sessions for read:user,repo,user:email,workflow...
2025-02-15 11:38:13.171 [info] Got 0 sessions for read:user,repo,user:email,workflow...
2025-02-15 11:38:13.173 [info] Getting sessions for user:email...
2025-02-15 11:38:13.173 [info] Got 1 sessions for user:email...
2025-02-15 11:53:13.176 [info] Getting sessions for all scopes...
2025-02-15 11:53:13.176 [info] Got 1 sessions for ...
2025-02-15 11:53:13.179 [info] Getting sessions for read:user,repo,user:email,workflow...
2025-02-15 11:53:13.179 [info] Got 0 sessions for read:user,repo,user:email,workflow...
2025-02-15 11:53:13.181 [info] Getting sessions for user:email...
2025-02-15 11:53:13.181 [info] Got 1 sessions for user:email...
2025-02-15 12:03:13.156 [info] Getting sessions for all scopes...
2025-02-15 12:03:13.156 [info] Got 1 sessions for ...
2025-02-15 12:03:13.158 [info] Getting sessions for read:user,repo,user:email,workflow...
2025-02-15 12:03:13.158 [info] Got 0 sessions for read:user,repo,user:email,workflow...
2025-02-15 12:03:13.161 [info] Getting sessions for user:email...
2025-02-15 12:03:13.161 [info] Got 1 sessions for user:email...
2025-02-15 12:03:13.820 [info] Getting sessions for all scopes...
2025-02-15 12:03:13.820 [info] Got 1 sessions for ...
2025-02-15 12:03:13.820 [info] Getting sessions for all scopes...
2025-02-15 12:03:13.820 [info] Got 1 sessions for ...
2025-02-15 12:03:13.822 [info] Getting sessions for read:user,repo,user:email,workflow...
2025-02-15 12:03:13.823 [info] Got 0 sessions for read:user,repo,user:email,workflow...
2025-02-15 12:03:13.825 [info] Getting sessions for user:email...
2025-02-15 12:03:13.825 [info] Got 1 sessions for user:email...
2025-02-15 12:03:13.827 [info] Getting sessions for all scopes...
2025-02-15 12:03:13.827 [info] Got 1 sessions for ...
2025-02-15 12:03:13.829 [info] Getting sessions for read:user,repo,user:email,workflow...
2025-02-15 12:03:13.829 [info] Got 0 sessions for read:user,repo,user:email,workflow...
2025-02-15 12:03:13.831 [info] Getting sessions for user:email...
2025-02-15 12:03:13.831 [info] Got 1 sessions for user:email...
2025-02-15 12:03:13.842 [info] Getting sessions for all scopes...
2025-02-15 12:03:13.842 [info] Got 1 sessions for ...
2025-02-15 12:03:13.844 [info] Getting sessions for read:user,repo,user:email,workflow...
2025-02-15 12:03:13.844 [info] Got 0 sessions for read:user,repo,user:email,workflow...
2025-02-15 12:03:13.846 [info] Getting sessions for user:email...
2025-02-15 12:03:13.846 [info] Got 1 sessions for user:email...
2025-02-15 12:18:13.851 [info] Getting sessions for all scopes...
2025-02-15 12:18:13.851 [info] Got 1 sessions for ...
2025-02-15 12:18:13.853 [info] Getting sessions for read:user,repo,user:email,workflow...
2025-02-15 12:18:13.854 [info] Got 0 sessions for read:user,repo,user:email,workflow...
2025-02-15 12:18:13.856 [info] Getting sessions for user:email...
2025-02-15 12:18:13.856 [info] Got 1 sessions for user:email...
2025-02-15 12:28:13.821 [info] Getting sessions for all scopes...
2025-02-15 12:28:13.821 [info] Got 1 sessions for ...
2025-02-15 12:28:13.824 [info] Getting sessions for read:user,repo,user:email,workflow...
2025-02-15 12:28:13.824 [info] Got 0 sessions for read:user,repo,user:email,workflow...
2025-02-15 12:28:13.826 [info] Getting sessions for user:email...
2025-02-15 12:28:13.826 [info] Got 1 sessions for user:email...
2025-02-15 12:28:14.524 [info] Getting sessions for all scopes...
2025-02-15 12:28:14.524 [info] Got 1 sessions for ...
2025-02-15 12:28:14.525 [info] Getting sessions for all scopes...
2025-02-15 12:28:14.525 [info] Got 1 sessions for ...
2025-02-15 12:28:14.526 [info] Getting sessions for read:user,repo,user:email,workflow...
2025-02-15 12:28:14.526 [info] Got 0 sessions for read:user,repo,user:email,workflow...
2025-02-15 12:28:14.527 [info] Getting sessions for user:email...
2025-02-15 12:28:14.527 [info] Got 1 sessions for user:email...
2025-02-15 12:28:14.529 [info] Getting sessions for all scopes...
2025-02-15 12:28:14.529 [info] Got 1 sessions for ...
2025-02-15 12:28:14.530 [info] Getting sessions for read:user,repo,user:email,workflow...
2025-02-15 12:28:14.530 [info] Got 0 sessions for read:user,repo,user:email,workflow...
2025-02-15 12:28:14.531 [info] Getting sessions for user:email...
2025-02-15 12:28:14.531 [info] Got 1 sessions for user:email...
2025-02-15 12:28:14.537 [info] Getting sessions for all scopes...
2025-02-15 12:28:14.537 [info] Got 1 sessions for ...
2025-02-15 12:28:14.538 [info] Getting sessions for read:user,repo,user:email,workflow...
2025-02-15 12:28:14.538 [info] Got 0 sessions for read:user,repo,user:email,workflow...
2025-02-15 12:28:14.539 [info] Getting sessions for user:email...
2025-02-15 12:28:14.539 [info] Got 1 sessions for user:email...
2025-02-15 12:43:14.543 [info] Getting sessions for all scopes...
2025-02-15 12:43:14.543 [info] Got 1 sessions for ...
2025-02-15 12:43:14.546 [info] Getting sessions for read:user,repo,user:email,workflow...
2025-02-15 12:43:14.546 [info] Got 0 sessions for read:user,repo,user:email,workflow...
2025-02-15 12:43:14.548 [info] Getting sessions for user:email...
2025-02-15 12:43:14.548 [info] Got 1 sessions for user:email...
2025-02-15 12:53:14.526 [info] Getting sessions for all scopes...
2025-02-15 12:53:14.526 [info] Got 1 sessions for ...
2025-02-15 12:53:14.529 [info] Getting sessions for read:user,repo,user:email,workflow...
2025-02-15 12:53:14.529 [info] Got 0 sessions for read:user,repo,user:email,workflow...
2025-02-15 12:53:14.531 [info] Getting sessions for user:email...
2025-02-15 12:53:14.531 [info] Got 1 sessions for user:email...
2025-02-15 12:53:15.303 [info] Getting sessions for all scopes...
2025-02-15 12:53:15.303 [info] Got 1 sessions for ...
2025-02-15 12:53:15.304 [info] Getting sessions for all scopes...
2025-02-15 12:53:15.304 [info] Got 1 sessions for ...
2025-02-15 12:53:15.305 [info] Getting sessions for read:user,repo,user:email,workflow...
2025-02-15 12:53:15.305 [info] Got 0 sessions for read:user,repo,user:email,workflow...
2025-02-15 12:53:15.306 [info] Getting sessions for user:email...
2025-02-15 12:53:15.306 [info] Got 1 sessions for user:email...
2025-02-15 12:53:15.308 [info] Getting sessions for all scopes...
2025-02-15 12:53:15.308 [info] Got 1 sessions for ...
2025-02-15 12:53:15.310 [info] Getting sessions for read:user,repo,user:email,workflow...
2025-02-15 12:53:15.310 [info] Got 0 sessions for read:user,repo,user:email,workflow...
2025-02-15 12:53:15.311 [info] Getting sessions for user:email...
2025-02-15 12:53:15.311 [info] Got 1 sessions for user:email...
2025-02-15 12:53:15.316 [info] Getting sessions for all scopes...
2025-02-15 12:53:15.316 [info] Got 1 sessions for ...
2025-02-15 12:53:15.317 [info] Getting sessions for read:user,repo,user:email,workflow...
2025-02-15 12:53:15.317 [info] Got 0 sessions for read:user,repo,user:email,workflow...
2025-02-15 12:53:15.318 [info] Getting sessions for user:email...
2025-02-15 12:53:15.318 [info] Got 1 sessions for user:email...
2025-02-15 13:08:15.322 [info] Getting sessions for all scopes...
2025-02-15 13:08:15.322 [info] Got 1 sessions for ...
2025-02-15 13:08:15.324 [info] Getting sessions for read:user,repo,user:email,workflow...
2025-02-15 13:08:15.324 [info] Got 0 sessions for read:user,repo,user:email,workflow...
2025-02-15 13:08:15.326 [info] Getting sessions for user:email...
2025-02-15 13:08:15.326 [info] Got 1 sessions for user:email...
2025-02-15 13:18:15.305 [info] Getting sessions for all scopes...
2025-02-15 13:18:15.305 [info] Got 1 sessions for ...
2025-02-15 13:18:15.308 [info] Getting sessions for read:user,repo,user:email,workflow...
2025-02-15 13:18:15.308 [info] Got 0 sessions for read:user,repo,user:email,workflow...
2025-02-15 13:18:15.310 [info] Getting sessions for user:email...
2025-02-15 13:18:15.310 [info] Got 1 sessions for user:email...
2025-02-15 13:18:15.954 [info] Getting sessions for all scopes...
2025-02-15 13:18:15.954 [info] Got 1 sessions for ...
2025-02-15 13:18:15.954 [info] Getting sessions for all scopes...
2025-02-15 13:18:15.954 [info] Got 1 sessions for ...
2025-02-15 13:18:15.956 [info] Getting sessions for read:user,repo,user:email,workflow...
2025-02-15 13:18:15.956 [info] Got 0 sessions for read:user,repo,user:email,workflow...
2025-02-15 13:18:15.958 [info] Getting sessions for user:email...
2025-02-15 13:18:15.958 [info] Got 1 sessions for user:email...
2025-02-15 13:18:15.960 [info] Getting sessions for all scopes...
2025-02-15 13:18:15.961 [info] Got 1 sessions for ...
2025-02-15 13:18:15.963 [info] Getting sessions for read:user,repo,user:email,workflow...
2025-02-15 13:18:15.963 [info] Got 0 sessions for read:user,repo,user:email,workflow...
2025-02-15 13:18:15.965 [info] Getting sessions for user:email...
2025-02-15 13:18:15.965 [info] Got 1 sessions for user:email...
2025-02-15 13:18:15.975 [info] Getting sessions for all scopes...
2025-02-15 13:18:15.975 [info] Got 1 sessions for ...
2025-02-15 13:18:15.977 [info] Getting sessions for read:user,repo,user:email,workflow...
2025-02-15 13:18:15.977 [info] Got 0 sessions for read:user,repo,user:email,workflow...
2025-02-15 13:18:15.980 [info] Getting sessions for user:email...
2025-02-15 13:18:15.980 [info] Got 1 sessions for user:email...
2025-02-15 13:33:15.985 [info] Getting sessions for all scopes...
2025-02-15 13:33:15.986 [info] Got 1 sessions for ...
2025-02-15 13:33:15.988 [info] Getting sessions for read:user,repo,user:email,workflow...
2025-02-15 13:33:15.988 [info] Got 0 sessions for read:user,repo,user:email,workflow...
2025-02-15 13:33:15.990 [info] Getting sessions for user:email...
2025-02-15 13:33:15.990 [info] Got 1 sessions for user:email...
2025-02-15 13:43:15.954 [info] Getting sessions for all scopes...
2025-02-15 13:43:15.954 [info] Got 1 sessions for ...
2025-02-15 13:43:15.957 [info] Getting sessions for read:user,repo,user:email,workflow...
2025-02-15 13:43:15.957 [info] Got 0 sessions for read:user,repo,user:email,workflow...
2025-02-15 13:43:15.959 [info] Getting sessions for user:email...
2025-02-15 13:43:15.959 [info] Got 1 sessions for user:email...
2025-02-15 13:43:16.670 [info] Getting sessions for all scopes...
2025-02-15 13:43:16.670 [info] Got 1 sessions for ...
2025-02-15 13:43:16.670 [info] Getting sessions for all scopes...
2025-02-15 13:43:16.670 [info] Got 1 sessions for ...
2025-02-15 13:43:16.671 [info] Getting sessions for read:user,repo,user:email,workflow...
2025-02-15 13:43:16.671 [info] Got 0 sessions for read:user,repo,user:email,workflow...
2025-02-15 13:43:16.672 [info] Getting sessions for user:email...
2025-02-15 13:43:16.672 [info] Got 1 sessions for user:email...
2025-02-15 13:43:16.674 [info] Getting sessions for all scopes...
2025-02-15 13:43:16.674 [info] Got 1 sessions for ...
2025-02-15 13:43:16.676 [info] Getting sessions for read:user,repo,user:email,workflow...
2025-02-15 13:43:16.676 [info] Got 0 sessions for read:user,repo,user:email,workflow...
2025-02-15 13:43:16.678 [info] Getting sessions for user:email...
2025-02-15 13:43:16.678 [info] Got 1 sessions for user:email...
2025-02-15 13:43:16.688 [info] Getting sessions for all scopes...
2025-02-15 13:43:16.688 [info] Got 1 sessions for ...
2025-02-15 13:43:16.690 [info] Getting sessions for read:user,repo,user:email,workflow...
2025-02-15 13:43:16.690 [info] Got 0 sessions for read:user,repo,user:email,workflow...
2025-02-15 13:43:16.692 [info] Getting sessions for user:email...
2025-02-15 13:43:16.692 [info] Got 1 sessions for user:email...
2025-02-15 13:58:16.698 [info] Getting sessions for all scopes...
2025-02-15 13:58:16.698 [info] Got 1 sessions for ...
2025-02-15 13:58:16.700 [info] Getting sessions for read:user,repo,user:email,workflow...
2025-02-15 13:58:16.701 [info] Got 0 sessions for read:user,repo,user:email,workflow...
2025-02-15 13:58:16.703 [info] Getting sessions for user:email...
2025-02-15 13:58:16.703 [info] Got 1 sessions for user:email...
2025-02-15 14:08:16.672 [info] Getting sessions for all scopes...
2025-02-15 14:08:16.672 [info] Got 1 sessions for ...
2025-02-15 14:08:16.674 [info] Getting sessions for read:user,repo,user:email,workflow...
2025-02-15 14:08:16.675 [info] Got 0 sessions for read:user,repo,user:email,workflow...
2025-02-15 14:08:16.677 [info] Getting sessions for user:email...
2025-02-15 14:08:16.677 [info] Got 1 sessions for user:email...
2025-02-15 14:08:17.318 [info] Getting sessions for all scopes...
2025-02-15 14:08:17.318 [info] Got 1 sessions for ...
2025-02-15 14:08:17.318 [info] Getting sessions for all scopes...
2025-02-15 14:08:17.318 [info] Got 1 sessions for ...
2025-02-15 14:08:17.320 [info] Getting sessions for read:user,repo,user:email,workflow...
2025-02-15 14:08:17.320 [info] Got 0 sessions for read:user,repo,user:email,workflow...
2025-02-15 14:08:17.322 [info] Getting sessions for user:email...
2025-02-15 14:08:17.322 [info] Got 1 sessions for user:email...
2025-02-15 14:08:17.324 [info] Getting sessions for all scopes...
2025-02-15 14:08:17.324 [info] Got 1 sessions for ...
2025-02-15 14:08:17.326 [info] Getting sessions for read:user,repo,user:email,workflow...
2025-02-15 14:08:17.326 [info] Got 0 sessions for read:user,repo,user:email,workflow...
2025-02-15 14:08:17.328 [info] Getting sessions for user:email...
2025-02-15 14:08:17.328 [info] Got 1 sessions for user:email...
2025-02-15 14:08:17.339 [info] Getting sessions for all scopes...
2025-02-15 14:08:17.339 [info] Got 1 sessions for ...
2025-02-15 14:08:17.340 [info] Getting sessions for read:user,repo,user:email,workflow...
2025-02-15 14:08:17.341 [info] Got 0 sessions for read:user,repo,user:email,workflow...
2025-02-15 14:08:17.342 [info] Getting sessions for user:email...
2025-02-15 14:08:17.342 [info] Got 1 sessions for user:email...
2025-02-15 14:23:17.350 [info] Getting sessions for all scopes...
2025-02-15 14:23:17.350 [info] Got 1 sessions for ...
2025-02-15 14:23:17.352 [info] Getting sessions for read:user,repo,user:email,workflow...
2025-02-15 14:23:17.353 [info] Got 0 sessions for read:user,repo,user:email,workflow...
2025-02-15 14:23:17.355 [info] Getting sessions for user:email...
2025-02-15 14:23:17.355 [info] Got 1 sessions for user:email...
2025-02-15 14:33:17.317 [info] Getting sessions for all scopes...
2025-02-15 14:33:17.317 [info] Got 1 sessions for ...
2025-02-15 14:33:17.319 [info] Getting sessions for read:user,repo,user:email,workflow...
2025-02-15 14:33:17.319 [info] Got 0 sessions for read:user,repo,user:email,workflow...
2025-02-15 14:33:17.320 [info] Getting sessions for user:email...
2025-02-15 14:33:17.320 [info] Got 1 sessions for user:email...
2025-02-15 14:33:18.078 [info] Getting sessions for all scopes...
2025-02-15 14:33:18.078 [info] Got 1 sessions for ...
2025-02-15 14:33:18.078 [info] Getting sessions for all scopes...
2025-02-15 14:33:18.078 [info] Got 1 sessions for ...
2025-02-15 14:33:18.079 [info] Getting sessions for read:user,repo,user:email,workflow...
2025-02-15 14:33:18.079 [info] Got 0 sessions for read:user,repo,user:email,workflow...
2025-02-15 14:33:18.080 [info] Getting sessions for user:email...
2025-02-15 14:33:18.080 [info] Got 1 sessions for user:email...
2025-02-15 14:33:18.081 [info] Getting sessions for all scopes...
2025-02-15 14:33:18.081 [info] Got 1 sessions for ...
2025-02-15 14:33:18.082 [info] Getting sessions for read:user,repo,user:email,workflow...
2025-02-15 14:33:18.082 [info] Got 0 sessions for read:user,repo,user:email,workflow...
2025-02-15 14:33:18.082 [info] Getting sessions for user:email...
2025-02-15 14:33:18.083 [info] Got 1 sessions for user:email...
2025-02-15 14:33:18.090 [info] Getting sessions for all scopes...
2025-02-15 14:33:18.090 [info] Got 1 sessions for ...
2025-02-15 14:33:18.092 [info] Getting sessions for read:user,repo,user:email,workflow...
2025-02-15 14:33:18.092 [info] Got 0 sessions for read:user,repo,user:email,workflow...
2025-02-15 14:33:18.093 [info] Getting sessions for user:email...
2025-02-15 14:33:18.093 [info] Got 1 sessions for user:email...
2025-02-15 14:48:18.097 [info] Getting sessions for all scopes...
2025-02-15 14:48:18.097 [info] Got 1 sessions for ...
2025-02-15 14:48:18.099 [info] Getting sessions for read:user,repo,user:email,workflow...
2025-02-15 14:48:18.099 [info] Got 0 sessions for read:user,repo,user:email,workflow...
2025-02-15 14:48:18.102 [info] Getting sessions for user:email...
2025-02-15 14:48:18.102 [info] Got 1 sessions for user:email...
2025-02-15 14:48:18.104 [info] Getting sessions for all scopes...
2025-02-15 14:48:18.104 [info] Got 1 sessions for ...
2025-02-15 14:48:18.105 [info] Getting sessions for read:user,repo,user:email,workflow...
2025-02-15 14:48:18.105 [info] Got 0 sessions for read:user,repo,user:email,workflow...
2025-02-15 14:48:18.105 [info] Getting sessions for user:email...
2025-02-15 14:48:18.106 [info] Got 1 sessions for user:email...
2025-02-15 14:58:18.077 [info] Getting sessions for all scopes...
2025-02-15 14:58:18.078 [info] Got 1 sessions for ...
2025-02-15 14:58:18.079 [info] Getting sessions for read:user,repo,user:email,workflow...
2025-02-15 14:58:18.079 [info] Got 0 sessions for read:user,repo,user:email,workflow...
2025-02-15 14:58:18.079 [info] Getting sessions for user:email...
2025-02-15 14:58:18.079 [info] Got 1 sessions for user:email...
2025-02-15 14:58:18.855 [info] Getting sessions for all scopes...
2025-02-15 14:58:18.855 [info] Got 1 sessions for ...
2025-02-15 14:58:18.855 [info] Getting sessions for all scopes...
2025-02-15 14:58:18.855 [info] Got 1 sessions for ...
2025-02-15 14:58:18.856 [info] Getting sessions for read:user,repo,user:email,workflow...
2025-02-15 14:58:18.856 [info] Got 0 sessions for read:user,repo,user:email,workflow...
2025-02-15 14:58:18.857 [info] Getting sessions for user:email...
2025-02-15 14:58:18.857 [info] Got 1 sessions for user:email...
2025-02-15 14:58:18.858 [info] Getting sessions for all scopes...
2025-02-15 14:58:18.858 [info] Got 1 sessions for ...
2025-02-15 14:58:18.859 [info] Getting sessions for read:user,repo,user:email,workflow...
2025-02-15 14:58:18.859 [info] Got 0 sessions for read:user,repo,user:email,workflow...
2025-02-15 14:58:18.860 [info] Getting sessions for user:email...
2025-02-15 14:58:18.860 [info] Got 1 sessions for user:email...
2025-02-15 14:58:18.866 [info] Getting sessions for all scopes...
2025-02-15 14:58:18.866 [info] Got 1 sessions for ...
2025-02-15 14:58:18.867 [info] Getting sessions for read:user,repo,user:email,workflow...
2025-02-15 14:58:18.867 [info] Got 0 sessions for read:user,repo,user:email,workflow...
2025-02-15 14:58:18.868 [info] Getting sessions for user:email...
2025-02-15 14:58:18.868 [info] Got 1 sessions for user:email...
2025-02-15 14:58:18.873 [info] Getting sessions for all scopes...
2025-02-15 14:58:18.873 [info] Got 1 sessions for ...
2025-02-15 14:58:18.874 [info] Getting sessions for read:user,repo,user:email,workflow...
2025-02-15 14:58:18.874 [info] Got 0 sessions for read:user,repo,user:email,workflow...
2025-02-15 14:58:18.875 [info] Getting sessions for user:email...
2025-02-15 14:58:18.875 [info] Got 1 sessions for user:email...
2025-02-15 15:13:19.414 [info] Getting sessions for all scopes...
2025-02-15 15:13:19.414 [info] Got 1 sessions for ...
2025-02-15 15:13:19.415 [info] Getting sessions for read:user,repo,user:email,workflow...
2025-02-15 15:13:19.415 [info] Got 0 sessions for read:user,repo,user:email,workflow...
2025-02-15 15:13:19.417 [info] Getting sessions for user:email...
2025-02-15 15:13:19.417 [info] Got 1 sessions for user:email...
2025-02-15 15:13:19.418 [info] Getting sessions for all scopes...
2025-02-15 15:13:19.418 [info] Got 1 sessions for ...
2025-02-15 15:13:19.419 [info] Getting sessions for read:user,repo,user:email,workflow...
2025-02-15 15:13:19.419 [info] Got 0 sessions for read:user,repo,user:email,workflow...
2025-02-15 15:13:19.420 [info] Getting sessions for user:email...
2025-02-15 15:13:19.420 [info] Got 1 sessions for user:email...
2025-02-15 15:23:18.855 [info] Getting sessions for all scopes...
2025-02-15 15:23:18.855 [info] Got 1 sessions for ...
2025-02-15 15:23:18.857 [info] Getting sessions for read:user,repo,user:email,workflow...
2025-02-15 15:23:18.857 [info] Got 0 sessions for read:user,repo,user:email,workflow...
2025-02-15 15:23:18.859 [info] Getting sessions for user:email...
2025-02-15 15:23:18.859 [info] Got 1 sessions for user:email...
2025-02-15 15:23:19.633 [info] Getting sessions for all scopes...
2025-02-15 15:23:19.633 [info] Got 1 sessions for ...
2025-02-15 15:23:19.633 [info] Getting sessions for all scopes...
2025-02-15 15:23:19.633 [info] Got 1 sessions for ...
2025-02-15 15:23:19.634 [info] Getting sessions for read:user,repo,user:email,workflow...
2025-02-15 15:23:19.634 [info] Got 0 sessions for read:user,repo,user:email,workflow...
2025-02-15 15:23:19.634 [info] Getting sessions for user:email...
2025-02-15 15:23:19.634 [info] Got 1 sessions for user:email...
2025-02-15 15:23:19.635 [info] Getting sessions for all scopes...
2025-02-15 15:23:19.635 [info] Got 1 sessions for ...
2025-02-15 15:23:19.636 [info] Getting sessions for read:user,repo,user:email,workflow...
2025-02-15 15:23:19.636 [info] Got 0 sessions for read:user,repo,user:email,workflow...
2025-02-15 15:23:19.637 [info] Getting sessions for user:email...
2025-02-15 15:23:19.637 [info] Got 1 sessions for user:email...
2025-02-15 15:23:19.642 [info] Getting sessions for all scopes...
2025-02-15 15:23:19.642 [info] Got 1 sessions for ...
2025-02-15 15:23:19.644 [info] Getting sessions for read:user,repo,user:email,workflow...
2025-02-15 15:23:19.644 [info] Got 0 sessions for read:user,repo,user:email,workflow...
2025-02-15 15:23:19.646 [info] Getting sessions for user:email...
2025-02-15 15:23:19.646 [info] Got 1 sessions for user:email...
2025-02-15 15:38:19.649 [info] Getting sessions for all scopes...
2025-02-15 15:38:19.649 [info] Got 1 sessions for ...
2025-02-15 15:38:19.650 [info] Getting sessions for read:user,repo,user:email,workflow...
2025-02-15 15:38:19.650 [info] Got 0 sessions for read:user,repo,user:email,workflow...
2025-02-15 15:38:19.652 [info] Getting sessions for user:email...
2025-02-15 15:38:19.652 [info] Got 1 sessions for user:email...
2025-02-15 15:48:19.634 [info] Getting sessions for all scopes...
2025-02-15 15:48:19.634 [info] Got 1 sessions for ...
2025-02-15 15:48:19.636 [info] Getting sessions for read:user,repo,user:email,workflow...
2025-02-15 15:48:19.636 [info] Got 0 sessions for read:user,repo,user:email,workflow...
2025-02-15 15:48:19.636 [info] Getting sessions for user:email...
2025-02-15 15:48:19.637 [info] Got 1 sessions for user:email...
2025-02-15 15:48:20.273 [info] Getting sessions for all scopes...
2025-02-15 15:48:20.273 [info] Got 1 sessions for ...
2025-02-15 15:48:20.273 [info] Getting sessions for all scopes...
2025-02-15 15:48:20.273 [info] Got 1 sessions for ...
2025-02-15 15:48:20.274 [info] Getting sessions for read:user,repo,user:email,workflow...
2025-02-15 15:48:20.274 [info] Got 0 sessions for read:user,repo,user:email,workflow...
2025-02-15 15:48:20.275 [info] Getting sessions for user:email...
2025-02-15 15:48:20.275 [info] Got 1 sessions for user:email...
2025-02-15 15:48:20.276 [info] Getting sessions for all scopes...
2025-02-15 15:48:20.276 [info] Got 1 sessions for ...
2025-02-15 15:48:20.277 [info] Getting sessions for read:user,repo,user:email,workflow...
2025-02-15 15:48:20.277 [info] Got 0 sessions for read:user,repo,user:email,workflow...
2025-02-15 15:48:20.278 [info] Getting sessions for user:email...
2025-02-15 15:48:20.278 [info] Got 1 sessions for user:email...
2025-02-15 15:48:20.283 [info] Getting sessions for all scopes...
2025-02-15 15:48:20.283 [info] Got 1 sessions for ...
2025-02-15 15:48:20.285 [info] Getting sessions for read:user,repo,user:email,workflow...
2025-02-15 15:48:20.285 [info] Got 0 sessions for read:user,repo,user:email,workflow...
2025-02-15 15:48:20.285 [info] Getting sessions for user:email...
2025-02-15 15:48:20.285 [info] Got 1 sessions for user:email...
2025-02-15 15:48:20.289 [info] Getting sessions for all scopes...
2025-02-15 15:48:20.289 [info] Got 1 sessions for ...
2025-02-15 15:48:20.289 [info] Getting sessions for read:user,repo,user:email,workflow...
2025-02-15 15:48:20.289 [info] Got 0 sessions for read:user,repo,user:email,workflow...
2025-02-15 15:48:20.290 [info] Getting sessions for user:email...
2025-02-15 15:48:20.290 [info] Got 1 sessions for user:email...
2025-02-15 16:03:21.081 [info] Getting sessions for all scopes...
2025-02-15 16:03:21.081 [info] Got 1 sessions for ...
2025-02-15 16:03:21.084 [info] Getting sessions for read:user,repo,user:email,workflow...
2025-02-15 16:03:21.084 [info] Got 0 sessions for read:user,repo,user:email,workflow...
2025-02-15 16:03:21.086 [info] Getting sessions for user:email...
2025-02-15 16:03:21.086 [info] Got 1 sessions for user:email...
2025-02-15 16:13:20.274 [info] Getting sessions for all scopes...
2025-02-15 16:13:20.275 [info] Got 1 sessions for ...
2025-02-15 16:13:20.277 [info] Getting sessions for read:user,repo,user:email,workflow...
2025-02-15 16:13:20.277 [info] Got 0 sessions for read:user,repo,user:email,workflow...
2025-02-15 16:13:20.279 [info] Getting sessions for user:email...
2025-02-15 16:13:20.279 [info] Got 1 sessions for user:email...
2025-02-15 16:13:20.977 [info] Getting sessions for all scopes...
2025-02-15 16:13:20.977 [info] Got 1 sessions for ...
2025-02-15 16:13:20.977 [info] Getting sessions for all scopes...
2025-02-15 16:13:20.977 [info] Got 1 sessions for ...
2025-02-15 16:13:20.978 [info] Getting sessions for read:user,repo,user:email,workflow...
2025-02-15 16:13:20.978 [info] Got 0 sessions for read:user,repo,user:email,workflow...
2025-02-15 16:13:20.979 [info] Getting sessions for user:email...
2025-02-15 16:13:20.979 [info] Got 1 sessions for user:email...
2025-02-15 16:13:20.981 [info] Getting sessions for all scopes...
2025-02-15 16:13:20.981 [info] Got 1 sessions for ...
2025-02-15 16:13:20.981 [info] Getting sessions for read:user,repo,user:email,workflow...
2025-02-15 16:13:20.981 [info] Got 0 sessions for read:user,repo,user:email,workflow...
2025-02-15 16:13:20.982 [info] Getting sessions for user:email...
2025-02-15 16:13:20.982 [info] Got 1 sessions for user:email...
2025-02-15 16:13:20.987 [info] Getting sessions for all scopes...
2025-02-15 16:13:20.987 [info] Got 1 sessions for ...
2025-02-15 16:13:20.988 [info] Getting sessions for read:user,repo,user:email,workflow...
2025-02-15 16:13:20.988 [info] Got 0 sessions for read:user,repo,user:email,workflow...
2025-02-15 16:13:20.989 [info] Getting sessions for user:email...
2025-02-15 16:13:20.989 [info] Got 1 sessions for user:email...
2025-02-15 16:13:20.993 [info] Getting sessions for all scopes...
2025-02-15 16:13:20.993 [info] Got 1 sessions for ...
2025-02-15 16:13:20.994 [info] Getting sessions for read:user,repo,user:email,workflow...
2025-02-15 16:13:20.994 [info] Got 0 sessions for read:user,repo,user:email,workflow...
2025-02-15 16:13:20.995 [info] Getting sessions for user:email...
2025-02-15 16:13:20.995 [info] Got 1 sessions for user:email...
2025-02-15 16:28:21.687 [info] Getting sessions for all scopes...
2025-02-15 16:28:21.687 [info] Got 1 sessions for ...
2025-02-15 16:28:21.688 [info] Getting sessions for read:user,repo,user:email,workflow...
2025-02-15 16:28:21.688 [info] Got 0 sessions for read:user,repo,user:email,workflow...
2025-02-15 16:28:21.689 [info] Getting sessions for user:email...
2025-02-15 16:28:21.689 [info] Got 1 sessions for user:email...
2025-02-15 16:38:20.978 [info] Getting sessions for all scopes...
2025-02-15 16:38:20.978 [info] Got 1 sessions for ...
2025-02-15 16:38:20.979 [info] Getting sessions for read:user,repo,user:email,workflow...
2025-02-15 16:38:20.979 [info] Got 0 sessions for read:user,repo,user:email,workflow...
2025-02-15 16:38:20.980 [info] Getting sessions for user:email...
2025-02-15 16:38:20.980 [info] Got 1 sessions for user:email...
2025-02-15 16:38:21.671 [info] Getting sessions for all scopes...
2025-02-15 16:38:21.671 [info] Got 1 sessions for ...
2025-02-15 16:38:21.672 [info] Getting sessions for all scopes...
2025-02-15 16:38:21.672 [info] Got 1 sessions for ...
2025-02-15 16:38:21.673 [info] Getting sessions for read:user,repo,user:email,workflow...
2025-02-15 16:38:21.673 [info] Got 0 sessions for read:user,repo,user:email,workflow...
2025-02-15 16:38:21.674 [info] Getting sessions for user:email...
2025-02-15 16:38:21.674 [info] Got 1 sessions for user:email...
2025-02-15 16:38:21.675 [info] Getting sessions for all scopes...
2025-02-15 16:38:21.675 [info] Got 1 sessions for ...
2025-02-15 16:38:21.676 [info] Getting sessions for read:user,repo,user:email,workflow...
2025-02-15 16:38:21.676 [info] Got 0 sessions for read:user,repo,user:email,workflow...
2025-02-15 16:38:21.677 [info] Getting sessions for user:email...
2025-02-15 16:38:21.677 [info] Got 1 sessions for user:email...
2025-02-15 16:38:21.683 [info] Getting sessions for all scopes...
2025-02-15 16:38:21.683 [info] Got 1 sessions for ...
2025-02-15 16:38:21.684 [info] Getting sessions for read:user,repo,user:email,workflow...
2025-02-15 16:38:21.684 [info] Got 0 sessions for read:user,repo,user:email,workflow...
2025-02-15 16:38:21.684 [info] Getting sessions for user:email...
2025-02-15 16:38:21.684 [info] Got 1 sessions for user:email...
2025-02-15 16:53:21.687 [info] Getting sessions for all scopes...
2025-02-15 16:53:21.687 [info] Got 1 sessions for ...
2025-02-15 16:53:21.689 [info] Getting sessions for read:user,repo,user:email,workflow...
2025-02-15 16:53:21.689 [info] Got 0 sessions for read:user,repo,user:email,workflow...
2025-02-15 16:53:21.690 [info] Getting sessions for user:email...
2025-02-15 16:53:21.690 [info] Got 1 sessions for user:email...
2025-02-15 17:03:21.671 [info] Getting sessions for all scopes...
2025-02-15 17:03:21.671 [info] Got 1 sessions for ...
2025-02-15 17:03:21.672 [info] Getting sessions for read:user,repo,user:email,workflow...
2025-02-15 17:03:21.672 [info] Got 0 sessions for read:user,repo,user:email,workflow...
2025-02-15 17:03:21.673 [info] Getting sessions for user:email...
2025-02-15 17:03:21.673 [info] Got 1 sessions for user:email...
2025-02-15 17:03:22.433 [info] Getting sessions for all scopes...
2025-02-15 17:03:22.433 [info] Got 1 sessions for ...
2025-02-15 17:03:22.434 [info] Getting sessions for all scopes...
2025-02-15 17:03:22.434 [info] Got 1 sessions for ...
2025-02-15 17:03:22.435 [info] Getting sessions for read:user,repo,user:email,workflow...
2025-02-15 17:03:22.435 [info] Got 0 sessions for read:user,repo,user:email,workflow...
2025-02-15 17:03:22.436 [info] Getting sessions for user:email...
2025-02-15 17:03:22.436 [info] Got 1 sessions for user:email...
2025-02-15 17:03:22.437 [info] Getting sessions for all scopes...
2025-02-15 17:03:22.437 [info] Got 1 sessions for ...
2025-02-15 17:03:22.438 [info] Getting sessions for read:user,repo,user:email,workflow...
2025-02-15 17:03:22.438 [info] Got 0 sessions for read:user,repo,user:email,workflow...
2025-02-15 17:03:22.439 [info] Getting sessions for user:email...
2025-02-15 17:03:22.439 [info] Got 1 sessions for user:email...
2025-02-15 17:03:22.444 [info] Getting sessions for all scopes...
2025-02-15 17:03:22.444 [info] Got 1 sessions for ...
2025-02-15 17:03:22.445 [info] Getting sessions for read:user,repo,user:email,workflow...
2025-02-15 17:03:22.445 [info] Got 0 sessions for read:user,repo,user:email,workflow...
2025-02-15 17:03:22.447 [info] Getting sessions for user:email...
2025-02-15 17:03:22.447 [info] Got 1 sessions for user:email...
2025-02-15 17:18:22.450 [info] Getting sessions for all scopes...
2025-02-15 17:18:22.450 [info] Got 1 sessions for ...
2025-02-15 17:18:22.451 [info] Getting sessions for read:user,repo,user:email,workflow...
2025-02-15 17:18:22.451 [info] Got 0 sessions for read:user,repo,user:email,workflow...
2025-02-15 17:18:22.453 [info] Getting sessions for user:email...
2025-02-15 17:18:22.453 [info] Got 1 sessions for user:email...
2025-02-15 17:28:22.433 [info] Getting sessions for all scopes...
2025-02-15 17:28:22.433 [info] Got 1 sessions for ...
2025-02-15 17:28:22.434 [info] Getting sessions for read:user,repo,user:email,workflow...
2025-02-15 17:28:22.434 [info] Got 0 sessions for read:user,repo,user:email,workflow...
2025-02-15 17:28:22.435 [info] Getting sessions for user:email...
2025-02-15 17:28:22.435 [info] Got 1 sessions for user:email...
2025-02-15 17:28:23.247 [info] Getting sessions for all scopes...
2025-02-15 17:28:23.248 [info] Got 1 sessions for ...
2025-02-15 17:28:23.248 [info] Getting sessions for all scopes...
2025-02-15 17:28:23.248 [info] Got 1 sessions for ...
2025-02-15 17:28:23.248 [info] Getting sessions for read:user,repo,user:email,workflow...
2025-02-15 17:28:23.248 [info] Got 0 sessions for read:user,repo,user:email,workflow...
2025-02-15 17:28:23.249 [info] Getting sessions for user:email...
2025-02-15 17:28:23.249 [info] Got 1 sessions for user:email...
2025-02-15 17:28:23.250 [info] Getting sessions for all scopes...
2025-02-15 17:28:23.250 [info] Got 1 sessions for ...
2025-02-15 17:28:23.252 [info] Getting sessions for read:user,repo,user:email,workflow...
2025-02-15 17:28:23.252 [info] Got 0 sessions for read:user,repo,user:email,workflow...
2025-02-15 17:28:23.253 [info] Getting sessions for user:email...
2025-02-15 17:28:23.253 [info] Got 1 sessions for user:email...
2025-02-15 17:28:23.258 [info] Getting sessions for all scopes...
2025-02-15 17:28:23.258 [info] Got 1 sessions for ...
2025-02-15 17:28:23.259 [info] Getting sessions for read:user,repo,user:email,workflow...
2025-02-15 17:28:23.259 [info] Got 0 sessions for read:user,repo,user:email,workflow...
2025-02-15 17:28:23.260 [info] Getting sessions for user:email...
2025-02-15 17:28:23.260 [info] Got 1 sessions for user:email...
2025-02-15 17:43:23.264 [info] Getting sessions for all scopes...
2025-02-15 17:43:23.264 [info] Got 1 sessions for ...
2025-02-15 17:43:23.267 [info] Getting sessions for read:user,repo,user:email,workflow...
2025-02-15 17:43:23.267 [info] Got 0 sessions for read:user,repo,user:email,workflow...
2025-02-15 17:43:23.269 [info] Getting sessions for user:email...
2025-02-15 17:43:23.269 [info] Got 1 sessions for user:email...
2025-02-15 17:53:23.248 [info] Getting sessions for all scopes...
2025-02-15 17:53:23.248 [info] Got 1 sessions for ...
2025-02-15 17:53:23.251 [info] Getting sessions for read:user,repo,user:email,workflow...
2025-02-15 17:53:23.251 [info] Got 0 sessions for read:user,repo,user:email,workflow...
2025-02-15 17:53:23.252 [info] Getting sessions for user:email...
2025-02-15 17:53:23.252 [info] Got 1 sessions for user:email...
2025-02-15 17:53:23.872 [info] Getting sessions for all scopes...
2025-02-15 17:53:23.872 [info] Got 1 sessions for ...
2025-02-15 17:53:23.872 [info] Getting sessions for all scopes...
2025-02-15 17:53:23.872 [info] Got 1 sessions for ...
2025-02-15 17:53:23.873 [info] Getting sessions for read:user,repo,user:email,workflow...
2025-02-15 17:53:23.873 [info] Got 0 sessions for read:user,repo,user:email,workflow...
2025-02-15 17:53:23.874 [info] Getting sessions for user:email...
2025-02-15 17:53:23.874 [info] Got 1 sessions for user:email...
2025-02-15 17:53:23.875 [info] Getting sessions for all scopes...
2025-02-15 17:53:23.875 [info] Got 1 sessions for ...
2025-02-15 17:53:23.876 [info] Getting sessions for read:user,repo,user:email,workflow...
2025-02-15 17:53:23.876 [info] Got 0 sessions for read:user,repo,user:email,workflow...
2025-02-15 17:53:23.877 [info] Getting sessions for user:email...
2025-02-15 17:53:23.877 [info] Got 1 sessions for user:email...
2025-02-15 17:53:23.881 [info] Getting sessions for all scopes...
2025-02-15 17:53:23.881 [info] Got 1 sessions for ...
2025-02-15 17:53:23.882 [info] Getting sessions for read:user,repo,user:email,workflow...
2025-02-15 17:53:23.882 [info] Got 0 sessions for read:user,repo,user:email,workflow...
2025-02-15 17:53:23.883 [info] Getting sessions for user:email...
2025-02-15 17:53:23.883 [info] Got 1 sessions for user:email...
2025-02-15 18:08:23.887 [info] Getting sessions for all scopes...
2025-02-15 18:08:23.887 [info] Got 1 sessions for ...
2025-02-15 18:08:23.888 [info] Getting sessions for read:user,repo,user:email,workflow...
2025-02-15 18:08:23.888 [info] Got 0 sessions for read:user,repo,user:email,workflow...
2025-02-15 18:08:23.889 [info] Getting sessions for user:email...
2025-02-15 18:08:23.889 [info] Got 1 sessions for user:email...
