2025-02-16 11:41:13.953 [info] Reading sessions from keychain...
2025-02-16 11:41:13.953 [info] Getting sessions for all scopes...
2025-02-16 11:41:13.953 [info] Getting sessions for all scopes...
2025-02-16 11:41:13.953 [info] Getting sessions for all scopes...
2025-02-16 11:41:13.953 [info] Got stored sessions!
2025-02-16 11:41:13.953 [info] Got 1 verified sessions.
2025-02-16 11:41:13.953 [info] Got 1 sessions for ...
2025-02-16 11:41:13.953 [info] Got 1 sessions for ...
2025-02-16 11:41:13.953 [info] Got 1 sessions for ...
2025-02-16 11:41:13.953 [info] Getting sessions for all scopes...
2025-02-16 11:41:13.953 [info] Got 1 sessions for ...
2025-02-16 11:41:13.953 [info] Getting sessions for all scopes...
2025-02-16 11:41:13.953 [info] Got 1 sessions for ...
2025-02-16 11:41:13.953 [info] Getting sessions for all scopes...
2025-02-16 11:41:13.953 [info] Got 1 sessions for ...
2025-02-16 11:41:13.953 [info] Getting sessions for all scopes...
2025-02-16 11:41:13.953 [info] Got 1 sessions for ...
2025-02-16 11:41:13.953 [info] Getting sessions for all scopes...
2025-02-16 11:41:13.953 [info] Got 1 sessions for ...
2025-02-16 11:41:14.445 [info] Getting sessions for user:email...
2025-02-16 11:41:14.445 [info] Got 1 sessions for user:email...
2025-02-16 11:41:20.370 [info] Getting sessions for all scopes...
2025-02-16 11:41:20.370 [info] Got 1 sessions for ...
2025-02-16 11:41:21.807 [info] Getting sessions for read:user,repo,user:email,workflow...
2025-02-16 11:41:21.807 [info] Got 0 sessions for read:user,repo,user:email,workflow...
2025-02-16 11:41:21.807 [info] Getting sessions for all scopes...
2025-02-16 11:41:21.807 [info] Got 1 sessions for ...
2025-02-16 11:41:21.808 [info] Getting sessions for all scopes...
2025-02-16 11:41:21.808 [info] Got 1 sessions for ...
2025-02-16 11:41:22.153 [info] Getting sessions for read:user...
2025-02-16 11:41:22.153 [info] Got 0 sessions for read:user...
2025-02-16 11:41:22.153 [info] Getting sessions for read:user,repo,user:email,workflow...
2025-02-16 11:41:22.153 [info] Got 0 sessions for read:user,repo,user:email,workflow...
2025-02-16 11:41:22.258 [info] Getting sessions for user:email...
2025-02-16 11:41:22.258 [info] Got 1 sessions for user:email...
2025-02-16 11:41:22.259 [info] Getting sessions for user:email...
2025-02-16 11:41:22.259 [info] Got 1 sessions for user:email...
2025-02-16 11:41:22.275 [info] Getting sessions for all scopes...
2025-02-16 11:41:22.275 [info] Got 1 sessions for ...
2025-02-16 11:41:22.276 [info] Getting sessions for read:user,repo,user:email,workflow...
2025-02-16 11:41:22.276 [info] Got 0 sessions for read:user,repo,user:email,workflow...
2025-02-16 11:41:22.278 [info] Getting sessions for user:email...
2025-02-16 11:41:22.278 [info] Got 1 sessions for user:email...
2025-02-16 11:41:23.591 [info] Getting sessions for all scopes...
2025-02-16 11:41:23.592 [info] Got 1 sessions for ...
2025-02-16 11:41:23.622 [info] Getting sessions for read:user,repo,user:email,workflow...
2025-02-16 11:41:23.622 [info] Got 0 sessions for read:user,repo,user:email,workflow...
2025-02-16 11:41:23.625 [info] Getting sessions for user:email...
2025-02-16 11:41:23.625 [info] Got 1 sessions for user:email...
2025-02-16 11:41:23.915 [info] Getting sessions for all scopes...
2025-02-16 11:41:23.916 [info] Got 1 sessions for ...
2025-02-16 11:41:23.937 [info] Getting sessions for read:user,repo,user:email,workflow...
2025-02-16 11:41:23.937 [info] Got 0 sessions for read:user,repo,user:email,workflow...
2025-02-16 11:41:23.942 [info] Getting sessions for user:email...
2025-02-16 11:41:23.942 [info] Got 1 sessions for user:email...
2025-02-16 11:41:24.413 [info] Getting sessions for all scopes...
2025-02-16 11:41:24.413 [info] Got 1 sessions for ...
2025-02-16 11:41:24.414 [info] Getting sessions for all scopes...
2025-02-16 11:41:24.414 [info] Got 1 sessions for ...
2025-02-16 11:41:24.434 [info] Getting sessions for read:user,repo,user:email,workflow...
2025-02-16 11:41:24.434 [info] Got 0 sessions for read:user,repo,user:email,workflow...
2025-02-16 11:41:24.435 [info] Getting sessions for user:email...
2025-02-16 11:41:24.435 [info] Got 1 sessions for user:email...
2025-02-16 11:41:24.437 [info] Getting sessions for all scopes...
2025-02-16 11:41:24.437 [info] Got 1 sessions for ...
2025-02-16 11:41:24.438 [info] Getting sessions for read:user,repo,user:email,workflow...
2025-02-16 11:41:24.438 [info] Got 0 sessions for read:user,repo,user:email,workflow...
2025-02-16 11:41:24.439 [info] Getting sessions for user:email...
2025-02-16 11:41:24.439 [info] Got 1 sessions for user:email...
2025-02-16 11:41:24.538 [info] Getting sessions for all scopes...
2025-02-16 11:41:24.538 [info] Got 1 sessions for ...
2025-02-16 11:41:24.595 [info] Getting sessions for read:user,repo,user:email,workflow...
2025-02-16 11:41:24.595 [info] Got 0 sessions for read:user,repo,user:email,workflow...
2025-02-16 11:41:24.610 [info] Getting sessions for user:email...
2025-02-16 11:41:24.610 [info] Got 1 sessions for user:email...
2025-02-16 11:41:25.468 [info] Getting sessions for all scopes...
2025-02-16 11:41:25.469 [info] Got 1 sessions for ...
2025-02-16 11:41:25.486 [info] Getting sessions for read:user,repo,user:email,workflow...
2025-02-16 11:41:25.487 [info] Got 0 sessions for read:user,repo,user:email,workflow...
2025-02-16 11:41:25.488 [info] Getting sessions for user:email...
2025-02-16 11:41:25.488 [info] Got 1 sessions for user:email...
2025-02-16 11:56:25.490 [info] Getting sessions for all scopes...
2025-02-16 11:56:25.491 [info] Got 1 sessions for ...
2025-02-16 11:56:25.493 [info] Getting sessions for read:user,repo,user:email,workflow...
2025-02-16 11:56:25.493 [info] Got 0 sessions for read:user,repo,user:email,workflow...
2025-02-16 11:56:25.495 [info] Getting sessions for user:email...
2025-02-16 11:56:25.495 [info] Got 1 sessions for user:email...
