2025-02-16 12:34:23.315 [info] [AutoSync] Using settings sync service https://vscode-sync.trafficmanager.net/
2025-02-16 12:34:23.315 [info] [AutoSync] Enabled.
2025-02-16 12:34:23.315 [info] [AutoSync] Suspended until auth token is available.
2025-02-16 12:34:24.929 [info] [AutoSync] Triggered by Interval
2025-02-16 12:34:24.930 [info] Sync started.
2025-02-16 12:34:26.505 [info] Settings: No changes found during synchronizing settings.
2025-02-16 12:34:26.527 [info] Keybindings: No changes found during synchronizing keybindings.
2025-02-16 12:34:26.530 [info] Snippets: No changes found during synchronizing snippets.
2025-02-16 12:34:26.534 [info] Tasks: No changes found during synchronizing tasks.
2025-02-16 12:34:26.543 [info] GlobalState: No changes found during synchronizing ui state.
2025-02-16 12:34:26.627 [info] Extensions: No changes found during synchronizing extensions.
2025-02-16 12:34:26.634 [info] Profiles: No changes found during synchronizing profiles.
2025-02-16 12:34:26.636 [info] Syncing profile. java
2025-02-16 12:34:26.811 [info] Settings (java): No changes found during synchronizing settings.
2025-02-16 12:34:26.818 [info] Keybindings (java): No changes found during synchronizing keybindings.
2025-02-16 12:34:26.821 [info] Snippets (java): No changes found during synchronizing snippets.
2025-02-16 12:34:26.823 [info] Tasks (java): No changes found during synchronizing tasks.
2025-02-16 12:34:26.855 [info] GlobalState (java): No changes found during synchronizing ui state.
2025-02-16 12:34:26.941 [info] Extensions (java): No changes found during synchronizing extensions.
2025-02-16 12:34:26.945 [info] Sync done. Took 2018ms
2025-02-16 12:34:49.251 [info] [AutoSync] Triggered by Activity
2025-02-16 12:34:49.252 [info] Sync started.
2025-02-16 12:34:49.428 [info] Settings: No changes found during synchronizing settings.
2025-02-16 12:34:49.431 [info] Keybindings: No changes found during synchronizing keybindings.
2025-02-16 12:34:49.433 [info] Snippets: No changes found during synchronizing snippets.
2025-02-16 12:34:49.436 [info] Tasks: No changes found during synchronizing tasks.
2025-02-16 12:34:49.443 [info] GlobalState: No changes found during synchronizing ui state.
2025-02-16 12:34:49.534 [info] Extensions: No changes found during synchronizing extensions.
2025-02-16 12:34:49.536 [info] Profiles: No changes found during synchronizing profiles.
2025-02-16 12:34:49.537 [info] Syncing profile. java
2025-02-16 12:34:49.560 [info] Settings (java): No changes found during synchronizing settings.
2025-02-16 12:34:49.564 [info] Keybindings (java): No changes found during synchronizing keybindings.
2025-02-16 12:34:49.566 [info] Snippets (java): No changes found during synchronizing snippets.
2025-02-16 12:34:49.568 [info] Tasks (java): No changes found during synchronizing tasks.
2025-02-16 12:34:49.573 [info] GlobalState (java): No changes found during synchronizing ui state.
2025-02-16 12:34:49.671 [info] Extensions (java): No changes found during synchronizing extensions.
2025-02-16 12:34:49.672 [info] Sync done. Took 421ms
2025-02-16 12:34:59.908 [info] [AutoSync] Triggered by Activity
2025-02-16 12:34:59.908 [info] Sync started.
2025-02-16 12:35:00.092 [info] Settings: No changes found during synchronizing settings.
2025-02-16 12:35:00.095 [info] Keybindings: No changes found during synchronizing keybindings.
2025-02-16 12:35:00.098 [info] Snippets: No changes found during synchronizing snippets.
2025-02-16 12:35:00.100 [info] Tasks: No changes found during synchronizing tasks.
2025-02-16 12:35:00.106 [info] GlobalState: No changes found during synchronizing ui state.
2025-02-16 12:35:00.175 [info] Extensions: No changes found during synchronizing extensions.
2025-02-16 12:35:00.176 [info] Profiles: No changes found during synchronizing profiles.
2025-02-16 12:35:00.177 [info] Syncing profile. java
2025-02-16 12:35:00.193 [info] Settings (java): No changes found during synchronizing settings.
2025-02-16 12:35:00.196 [info] Keybindings (java): No changes found during synchronizing keybindings.
2025-02-16 12:35:00.197 [info] Snippets (java): No changes found during synchronizing snippets.
2025-02-16 12:35:00.199 [info] Tasks (java): No changes found during synchronizing tasks.
2025-02-16 12:35:00.203 [info] GlobalState (java): No changes found during synchronizing ui state.
2025-02-16 12:35:00.292 [info] Extensions (java): No changes found during synchronizing extensions.
2025-02-16 12:35:00.294 [info] Sync done. Took 387ms
2025-02-16 12:35:30.247 [info] [AutoSync] Triggered by Activity
2025-02-16 12:35:30.247 [info] Sync started.
2025-02-16 12:35:30.438 [info] Settings: No changes found during synchronizing settings.
2025-02-16 12:35:30.442 [info] Keybindings: No changes found during synchronizing keybindings.
2025-02-16 12:35:30.445 [info] Snippets: No changes found during synchronizing snippets.
2025-02-16 12:35:30.448 [info] Tasks: No changes found during synchronizing tasks.
2025-02-16 12:35:30.454 [info] GlobalState: No changes found during synchronizing ui state.
2025-02-16 12:35:30.552 [info] Extensions: No changes found during synchronizing extensions.
2025-02-16 12:35:30.554 [info] Profiles: No changes found during synchronizing profiles.
2025-02-16 12:35:30.555 [info] Syncing profile. java
2025-02-16 12:35:30.577 [info] Settings (java): No changes found during synchronizing settings.
2025-02-16 12:35:30.580 [info] Keybindings (java): No changes found during synchronizing keybindings.
2025-02-16 12:35:30.583 [info] Snippets (java): No changes found during synchronizing snippets.
2025-02-16 12:35:30.586 [info] Tasks (java): No changes found during synchronizing tasks.
2025-02-16 12:35:30.590 [info] GlobalState (java): No changes found during synchronizing ui state.
2025-02-16 12:35:30.697 [info] Extensions (java): No changes found during synchronizing extensions.
2025-02-16 12:35:30.698 [info] Sync done. Took 452ms
2025-02-16 12:35:57.957 [info] [AutoSync] Triggered by Activity
2025-02-16 12:35:57.958 [info] Sync started.
2025-02-16 12:35:58.140 [info] Settings: No changes found during synchronizing settings.
2025-02-16 12:35:58.144 [info] Keybindings: No changes found during synchronizing keybindings.
2025-02-16 12:35:58.151 [info] Snippets: No changes found during synchronizing snippets.
2025-02-16 12:35:58.153 [info] Tasks: No changes found during synchronizing tasks.
2025-02-16 12:35:58.161 [info] GlobalState: No changes found during synchronizing ui state.
2025-02-16 12:35:58.245 [info] Extensions: No changes found during synchronizing extensions.
2025-02-16 12:35:58.246 [info] Profiles: No changes found during synchronizing profiles.
2025-02-16 12:35:58.247 [info] Syncing profile. java
2025-02-16 12:35:58.262 [info] Settings (java): No changes found during synchronizing settings.
2025-02-16 12:35:58.266 [info] Keybindings (java): No changes found during synchronizing keybindings.
2025-02-16 12:35:58.269 [info] Snippets (java): No changes found during synchronizing snippets.
2025-02-16 12:35:58.271 [info] Tasks (java): No changes found during synchronizing tasks.
2025-02-16 12:35:58.274 [info] GlobalState (java): No changes found during synchronizing ui state.
2025-02-16 12:35:58.377 [info] Extensions (java): No changes found during synchronizing extensions.
2025-02-16 12:35:58.378 [info] Sync done. Took 421ms
2025-02-16 12:36:32.268 [info] [AutoSync] Triggered by Activity
2025-02-16 12:36:32.268 [info] Sync started.
2025-02-16 12:36:32.457 [info] Settings: No changes found during synchronizing settings.
2025-02-16 12:36:32.460 [info] Keybindings: No changes found during synchronizing keybindings.
2025-02-16 12:36:32.463 [info] Snippets: No changes found during synchronizing snippets.
2025-02-16 12:36:32.467 [info] Tasks: No changes found during synchronizing tasks.
2025-02-16 12:36:32.474 [info] GlobalState: No changes found during synchronizing ui state.
2025-02-16 12:36:32.561 [info] Extensions: No changes found during synchronizing extensions.
2025-02-16 12:36:32.563 [info] Profiles: No changes found during synchronizing profiles.
2025-02-16 12:36:32.564 [info] Syncing profile. java
2025-02-16 12:36:32.585 [info] Settings (java): No changes found during synchronizing settings.
2025-02-16 12:36:32.589 [info] Keybindings (java): No changes found during synchronizing keybindings.
2025-02-16 12:36:32.591 [info] Snippets (java): No changes found during synchronizing snippets.
2025-02-16 12:36:32.594 [info] Tasks (java): No changes found during synchronizing tasks.
2025-02-16 12:36:32.598 [info] GlobalState (java): No changes found during synchronizing ui state.
2025-02-16 12:36:32.694 [info] Extensions (java): No changes found during synchronizing extensions.
2025-02-16 12:36:32.695 [info] Sync done. Took 428ms
2025-02-16 12:36:44.006 [info] [AutoSync] Triggered by Activity
2025-02-16 12:36:44.006 [info] Sync started.
2025-02-16 12:36:44.195 [info] Settings: No changes found during synchronizing settings.
2025-02-16 12:36:44.197 [info] Keybindings: No changes found during synchronizing keybindings.
2025-02-16 12:36:44.200 [info] Snippets: No changes found during synchronizing snippets.
2025-02-16 12:36:44.202 [info] Tasks: No changes found during synchronizing tasks.
2025-02-16 12:36:44.208 [info] GlobalState: No changes found during synchronizing ui state.
2025-02-16 12:36:44.284 [info] Extensions: No changes found during synchronizing extensions.
2025-02-16 12:36:44.285 [info] Profiles: No changes found during synchronizing profiles.
2025-02-16 12:36:44.286 [info] Syncing profile. java
2025-02-16 12:36:44.302 [info] Settings (java): No changes found during synchronizing settings.
2025-02-16 12:36:44.306 [info] Keybindings (java): No changes found during synchronizing keybindings.
2025-02-16 12:36:44.308 [info] Snippets (java): No changes found during synchronizing snippets.
2025-02-16 12:36:44.311 [info] Tasks (java): No changes found during synchronizing tasks.
2025-02-16 12:36:44.314 [info] GlobalState (java): No changes found during synchronizing ui state.
2025-02-16 12:36:44.424 [info] Extensions (java): No changes found during synchronizing extensions.
2025-02-16 12:36:44.425 [info] Sync done. Took 420ms
2025-02-16 12:37:01.294 [info] [AutoSync] Triggered by Activity
2025-02-16 12:37:01.295 [info] Sync started.
2025-02-16 12:37:01.480 [info] Settings: No changes found during synchronizing settings.
2025-02-16 12:37:01.487 [info] Keybindings: No changes found during synchronizing keybindings.
2025-02-16 12:37:01.490 [info] Snippets: No changes found during synchronizing snippets.
2025-02-16 12:37:01.493 [info] Tasks: No changes found during synchronizing tasks.
2025-02-16 12:37:01.500 [info] GlobalState: No changes found during synchronizing ui state.
2025-02-16 12:37:01.578 [info] Extensions: No changes found during synchronizing extensions.
2025-02-16 12:37:01.580 [info] Profiles: No changes found during synchronizing profiles.
2025-02-16 12:37:01.581 [info] Syncing profile. java
2025-02-16 12:37:01.597 [info] Settings (java): No changes found during synchronizing settings.
2025-02-16 12:37:01.600 [info] Keybindings (java): No changes found during synchronizing keybindings.
2025-02-16 12:37:01.602 [info] Snippets (java): No changes found during synchronizing snippets.
2025-02-16 12:37:01.604 [info] Tasks (java): No changes found during synchronizing tasks.
2025-02-16 12:37:01.608 [info] GlobalState (java): No changes found during synchronizing ui state.
2025-02-16 12:37:01.702 [info] Extensions (java): No changes found during synchronizing extensions.
2025-02-16 12:37:01.703 [info] Sync done. Took 409ms
2025-02-16 12:37:14.096 [info] [AutoSync] Triggered by Activity
2025-02-16 12:37:14.096 [info] Sync started.
2025-02-16 12:37:14.274 [info] Settings: No changes found during synchronizing settings.
2025-02-16 12:37:14.279 [info] Keybindings: No changes found during synchronizing keybindings.
2025-02-16 12:37:14.283 [info] Snippets: No changes found during synchronizing snippets.
2025-02-16 12:37:14.286 [info] Tasks: No changes found during synchronizing tasks.
2025-02-16 12:37:14.293 [info] GlobalState: No changes found during synchronizing ui state.
2025-02-16 12:37:14.384 [info] Extensions: No changes found during synchronizing extensions.
2025-02-16 12:37:14.386 [info] Profiles: No changes found during synchronizing profiles.
2025-02-16 12:37:14.388 [info] Syncing profile. java
2025-02-16 12:37:14.407 [info] Settings (java): No changes found during synchronizing settings.
2025-02-16 12:37:14.412 [info] Keybindings (java): No changes found during synchronizing keybindings.
2025-02-16 12:37:14.415 [info] Snippets (java): No changes found during synchronizing snippets.
2025-02-16 12:37:14.418 [info] Tasks (java): No changes found during synchronizing tasks.
2025-02-16 12:37:14.421 [info] GlobalState (java): No changes found during synchronizing ui state.
2025-02-16 12:37:14.519 [info] Extensions (java): No changes found during synchronizing extensions.
2025-02-16 12:37:14.523 [info] Sync done. Took 425ms
2025-02-16 12:37:30.119 [info] [AutoSync] Triggered by Activity
2025-02-16 12:37:30.119 [info] Sync started.
2025-02-16 12:37:30.291 [info] Settings: No changes found during synchronizing settings.
2025-02-16 12:37:30.294 [info] Keybindings: No changes found during synchronizing keybindings.
2025-02-16 12:37:30.296 [info] Snippets: No changes found during synchronizing snippets.
2025-02-16 12:37:30.298 [info] Tasks: No changes found during synchronizing tasks.
2025-02-16 12:37:30.303 [info] GlobalState: No changes found during synchronizing ui state.
2025-02-16 12:37:30.359 [info] Extensions: No changes found during synchronizing extensions.
2025-02-16 12:37:30.360 [info] Profiles: No changes found during synchronizing profiles.
2025-02-16 12:37:30.361 [info] Syncing profile. java
2025-02-16 12:37:30.372 [info] Settings (java): No changes found during synchronizing settings.
2025-02-16 12:37:30.374 [info] Keybindings (java): No changes found during synchronizing keybindings.
2025-02-16 12:37:30.376 [info] Snippets (java): No changes found during synchronizing snippets.
2025-02-16 12:37:30.379 [info] Tasks (java): No changes found during synchronizing tasks.
2025-02-16 12:37:30.382 [info] GlobalState (java): No changes found during synchronizing ui state.
2025-02-16 12:37:30.480 [info] Extensions (java): No changes found during synchronizing extensions.
2025-02-16 12:37:30.481 [info] Sync done. Took 364ms
2025-02-16 12:37:58.930 [info] [AutoSync] Triggered by Activity
2025-02-16 12:37:58.930 [info] Sync started.
2025-02-16 12:37:59.137 [info] Settings: No changes found during synchronizing settings.
2025-02-16 12:37:59.141 [info] Keybindings: No changes found during synchronizing keybindings.
2025-02-16 12:37:59.143 [info] Snippets: No changes found during synchronizing snippets.
2025-02-16 12:37:59.146 [info] Tasks: No changes found during synchronizing tasks.
2025-02-16 12:37:59.153 [info] GlobalState: No changes found during synchronizing ui state.
2025-02-16 12:37:59.261 [info] Extensions: No changes found during synchronizing extensions.
2025-02-16 12:37:59.264 [info] Profiles: No changes found during synchronizing profiles.
2025-02-16 12:37:59.265 [info] Syncing profile. java
2025-02-16 12:37:59.282 [info] Settings (java): No changes found during synchronizing settings.
2025-02-16 12:37:59.286 [info] Keybindings (java): No changes found during synchronizing keybindings.
2025-02-16 12:37:59.290 [info] Snippets (java): No changes found during synchronizing snippets.
2025-02-16 12:37:59.292 [info] Tasks (java): No changes found during synchronizing tasks.
2025-02-16 12:37:59.296 [info] GlobalState (java): No changes found during synchronizing ui state.
2025-02-16 12:37:59.396 [info] Extensions (java): No changes found during synchronizing extensions.
2025-02-16 12:37:59.398 [info] Sync done. Took 469ms
2025-02-16 12:38:12.727 [info] [AutoSync] Triggered by Activity
2025-02-16 12:38:12.727 [info] Sync started.
2025-02-16 12:38:12.912 [info] Settings: No changes found during synchronizing settings.
2025-02-16 12:38:12.917 [info] Keybindings: No changes found during synchronizing keybindings.
2025-02-16 12:38:12.923 [info] Snippets: No changes found during synchronizing snippets.
2025-02-16 12:38:12.925 [info] Tasks: No changes found during synchronizing tasks.
2025-02-16 12:38:12.933 [info] GlobalState: No changes found during synchronizing ui state.
2025-02-16 12:38:13.048 [info] Extensions: No changes found during synchronizing extensions.
2025-02-16 12:38:13.050 [info] Profiles: No changes found during synchronizing profiles.
2025-02-16 12:38:13.052 [info] Syncing profile. java
2025-02-16 12:38:13.072 [info] Settings (java): No changes found during synchronizing settings.
2025-02-16 12:38:13.080 [info] Keybindings (java): No changes found during synchronizing keybindings.
2025-02-16 12:38:13.083 [info] Snippets (java): No changes found during synchronizing snippets.
2025-02-16 12:38:13.085 [info] Tasks (java): No changes found during synchronizing tasks.
2025-02-16 12:38:13.088 [info] GlobalState (java): No changes found during synchronizing ui state.
2025-02-16 12:38:13.184 [info] Extensions (java): No changes found during synchronizing extensions.
2025-02-16 12:38:13.185 [info] Sync done. Took 459ms
2025-02-16 12:38:29.661 [info] [AutoSync] Triggered by Activity
2025-02-16 12:38:29.661 [info] Sync started.
2025-02-16 12:38:29.835 [info] Settings: No changes found during synchronizing settings.
2025-02-16 12:38:29.837 [info] Keybindings: No changes found during synchronizing keybindings.
2025-02-16 12:38:29.840 [info] Snippets: No changes found during synchronizing snippets.
2025-02-16 12:38:29.842 [info] Tasks: No changes found during synchronizing tasks.
2025-02-16 12:38:29.849 [info] GlobalState: No changes found during synchronizing ui state.
2025-02-16 12:38:29.913 [info] Extensions: No changes found during synchronizing extensions.
2025-02-16 12:38:29.915 [info] Profiles: No changes found during synchronizing profiles.
2025-02-16 12:38:29.916 [info] Syncing profile. java
2025-02-16 12:38:29.931 [info] Settings (java): No changes found during synchronizing settings.
2025-02-16 12:38:29.935 [info] Keybindings (java): No changes found during synchronizing keybindings.
2025-02-16 12:38:29.938 [info] Snippets (java): No changes found during synchronizing snippets.
2025-02-16 12:38:29.941 [info] Tasks (java): No changes found during synchronizing tasks.
2025-02-16 12:38:29.945 [info] GlobalState (java): No changes found during synchronizing ui state.
2025-02-16 12:38:30.050 [info] Extensions (java): No changes found during synchronizing extensions.
2025-02-16 12:38:30.052 [info] Sync done. Took 391ms
2025-02-16 12:39:41.733 [info] [AutoSync] Triggered by Activity
2025-02-16 12:39:41.733 [info] Sync started.
2025-02-16 12:39:41.927 [info] Settings: No changes found during synchronizing settings.
2025-02-16 12:39:41.931 [info] Keybindings: No changes found during synchronizing keybindings.
2025-02-16 12:39:41.935 [info] Snippets: No changes found during synchronizing snippets.
2025-02-16 12:39:41.939 [info] Tasks: No changes found during synchronizing tasks.
2025-02-16 12:39:41.945 [info] GlobalState: No changes found during synchronizing ui state.
2025-02-16 12:39:42.047 [info] Extensions: No changes found during synchronizing extensions.
2025-02-16 12:39:42.048 [info] Profiles: No changes found during synchronizing profiles.
2025-02-16 12:39:42.049 [info] Syncing profile. java
2025-02-16 12:39:42.072 [info] Settings (java): No changes found during synchronizing settings.
2025-02-16 12:39:42.077 [info] Keybindings (java): No changes found during synchronizing keybindings.
2025-02-16 12:39:42.081 [info] Snippets (java): No changes found during synchronizing snippets.
2025-02-16 12:39:42.084 [info] Tasks (java): No changes found during synchronizing tasks.
2025-02-16 12:39:42.088 [info] GlobalState (java): No changes found during synchronizing ui state.
2025-02-16 12:39:42.195 [info] Extensions (java): No changes found during synchronizing extensions.
2025-02-16 12:39:42.197 [info] Sync done. Took 464ms
2025-02-16 12:39:57.808 [info] [AutoSync] Triggered by Activity
2025-02-16 12:39:57.808 [info] Sync started.
2025-02-16 12:39:57.983 [info] Settings: No changes found during synchronizing settings.
2025-02-16 12:39:57.986 [info] Keybindings: No changes found during synchronizing keybindings.
2025-02-16 12:39:57.988 [info] Snippets: No changes found during synchronizing snippets.
2025-02-16 12:39:57.991 [info] Tasks: No changes found during synchronizing tasks.
2025-02-16 12:39:57.997 [info] GlobalState: No changes found during synchronizing ui state.
2025-02-16 12:39:58.060 [info] Extensions: No changes found during synchronizing extensions.
2025-02-16 12:39:58.062 [info] Profiles: No changes found during synchronizing profiles.
2025-02-16 12:39:58.063 [info] Syncing profile. java
2025-02-16 12:39:58.079 [info] Settings (java): No changes found during synchronizing settings.
2025-02-16 12:39:58.081 [info] Keybindings (java): No changes found during synchronizing keybindings.
2025-02-16 12:39:58.083 [info] Snippets (java): No changes found during synchronizing snippets.
2025-02-16 12:39:58.085 [info] Tasks (java): No changes found during synchronizing tasks.
2025-02-16 12:39:58.089 [info] GlobalState (java): No changes found during synchronizing ui state.
2025-02-16 12:39:58.180 [info] Extensions (java): No changes found during synchronizing extensions.
2025-02-16 12:39:58.182 [info] Sync done. Took 375ms
2025-02-16 12:40:28.039 [info] [AutoSync] Triggered by Activity
2025-02-16 12:40:28.039 [info] Sync started.
2025-02-16 12:40:28.241 [info] Settings: No changes found during synchronizing settings.
2025-02-16 12:40:28.245 [info] Keybindings: No changes found during synchronizing keybindings.
2025-02-16 12:40:28.247 [info] Snippets: No changes found during synchronizing snippets.
2025-02-16 12:40:28.250 [info] Tasks: No changes found during synchronizing tasks.
2025-02-16 12:40:28.256 [info] GlobalState: No changes found during synchronizing ui state.
2025-02-16 12:40:28.351 [info] Extensions: No changes found during synchronizing extensions.
2025-02-16 12:40:28.353 [info] Profiles: No changes found during synchronizing profiles.
2025-02-16 12:40:28.354 [info] Syncing profile. java
2025-02-16 12:40:28.371 [info] Settings (java): No changes found during synchronizing settings.
2025-02-16 12:40:28.375 [info] Keybindings (java): No changes found during synchronizing keybindings.
2025-02-16 12:40:28.377 [info] Snippets (java): No changes found during synchronizing snippets.
2025-02-16 12:40:28.380 [info] Tasks (java): No changes found during synchronizing tasks.
2025-02-16 12:40:28.384 [info] GlobalState (java): No changes found during synchronizing ui state.
2025-02-16 12:40:28.476 [info] Extensions (java): No changes found during synchronizing extensions.
2025-02-16 12:40:28.478 [info] Sync done. Took 440ms
2025-02-16 12:40:40.904 [info] [AutoSync] Triggered by Activity
2025-02-16 12:40:40.904 [info] Sync started.
2025-02-16 12:40:41.088 [info] Settings: No changes found during synchronizing settings.
2025-02-16 12:40:41.090 [info] Keybindings: No changes found during synchronizing keybindings.
2025-02-16 12:40:41.094 [info] Snippets: No changes found during synchronizing snippets.
2025-02-16 12:40:41.097 [info] Tasks: No changes found during synchronizing tasks.
2025-02-16 12:40:41.105 [info] GlobalState: No changes found during synchronizing ui state.
2025-02-16 12:40:41.197 [info] Extensions: No changes found during synchronizing extensions.
2025-02-16 12:40:41.198 [info] Profiles: No changes found during synchronizing profiles.
2025-02-16 12:40:41.200 [info] Syncing profile. java
2025-02-16 12:40:41.219 [info] Settings (java): No changes found during synchronizing settings.
2025-02-16 12:40:41.223 [info] Keybindings (java): No changes found during synchronizing keybindings.
2025-02-16 12:40:41.225 [info] Snippets (java): No changes found during synchronizing snippets.
2025-02-16 12:40:41.229 [info] Tasks (java): No changes found during synchronizing tasks.
2025-02-16 12:40:41.233 [info] GlobalState (java): No changes found during synchronizing ui state.
2025-02-16 12:40:41.311 [info] Extensions (java): No changes found during synchronizing extensions.
2025-02-16 12:40:41.313 [info] Sync done. Took 409ms
2025-02-16 12:42:56.457 [info] [AutoSync] Triggered by Activity
2025-02-16 12:42:56.708 [info] Sync started.
2025-02-16 12:42:57.218 [info] Settings: No changes found during synchronizing settings.
2025-02-16 12:42:57.221 [info] Keybindings: No changes found during synchronizing keybindings.
2025-02-16 12:42:57.708 [info] Snippets: No changes found during synchronizing snippets.
2025-02-16 12:42:57.710 [info] Tasks: No changes found during synchronizing tasks.
2025-02-16 12:42:57.965 [info] GlobalState: No changes found during synchronizing ui state.
2025-02-16 12:43:05.971 [info] Extensions: No changes found during synchronizing extensions.
2025-02-16 12:43:06.723 [info] Profiles: No changes found during synchronizing profiles.
2025-02-16 12:43:06.725 [info] Syncing profile. java
2025-02-16 12:43:06.747 [info] Settings (java): No changes found during synchronizing settings.
2025-02-16 12:43:06.754 [info] Keybindings (java): No changes found during synchronizing keybindings.
2025-02-16 12:43:06.758 [info] Snippets (java): No changes found during synchronizing snippets.
2025-02-16 12:43:06.766 [info] Tasks (java): No changes found during synchronizing tasks.
2025-02-16 12:43:07.216 [info] GlobalState (java): No changes found during synchronizing ui state.
2025-02-16 12:43:10.966 [info] Extensions (java): No changes found during synchronizing extensions.
2025-02-16 12:43:10.967 [info] Sync done. Took 15255ms
2025-02-16 12:43:10.968 [info] [AutoSync] Triggered by Activity
2025-02-16 12:43:10.968 [info] Sync started.
2025-02-16 12:43:11.164 [info] Settings: No changes found during synchronizing settings.
2025-02-16 12:43:11.466 [info] Keybindings: No changes found during synchronizing keybindings.
2025-02-16 12:43:11.468 [info] Snippets: No changes found during synchronizing snippets.
2025-02-16 12:43:11.472 [info] Tasks: No changes found during synchronizing tasks.
2025-02-16 12:43:11.478 [info] GlobalState: No changes found during synchronizing ui state.
2025-02-16 12:43:11.551 [info] Extensions: No changes found during synchronizing extensions.
2025-02-16 12:43:11.554 [info] Profiles: No changes found during synchronizing profiles.
2025-02-16 12:43:11.555 [info] Syncing profile. java
2025-02-16 12:43:11.573 [info] Settings (java): No changes found during synchronizing settings.
2025-02-16 12:43:11.576 [info] Keybindings (java): No changes found during synchronizing keybindings.
2025-02-16 12:43:11.579 [info] Snippets (java): No changes found during synchronizing snippets.
2025-02-16 12:43:11.581 [info] Tasks (java): No changes found during synchronizing tasks.
2025-02-16 12:43:11.585 [info] GlobalState (java): No changes found during synchronizing ui state.
2025-02-16 12:43:11.667 [info] Extensions (java): No changes found during synchronizing extensions.
2025-02-16 12:43:11.668 [info] Sync done. Took 700ms
2025-02-16 12:43:24.795 [info] [AutoSync] Triggered by Activity
2025-02-16 12:43:24.796 [info] Sync started.
2025-02-16 12:43:24.972 [info] Settings: No changes found during synchronizing settings.
2025-02-16 12:43:24.975 [info] Keybindings: No changes found during synchronizing keybindings.
2025-02-16 12:43:24.986 [info] Snippets: No changes found during synchronizing snippets.
2025-02-16 12:43:24.991 [info] Tasks: No changes found during synchronizing tasks.
2025-02-16 12:43:24.997 [info] GlobalState: No changes found during synchronizing ui state.
2025-02-16 12:43:25.486 [info] Extensions: No changes found during synchronizing extensions.
2025-02-16 12:43:25.487 [info] Profiles: No changes found during synchronizing profiles.
2025-02-16 12:43:25.488 [info] Syncing profile. java
2025-02-16 12:43:25.517 [info] Settings (java): No changes found during synchronizing settings.
2025-02-16 12:43:25.521 [info] Keybindings (java): No changes found during synchronizing keybindings.
2025-02-16 12:43:25.523 [info] Snippets (java): No changes found during synchronizing snippets.
2025-02-16 12:43:25.526 [info] Tasks (java): No changes found during synchronizing tasks.
2025-02-16 12:43:25.529 [info] GlobalState (java): No changes found during synchronizing ui state.
2025-02-16 12:43:25.626 [info] Extensions (java): No changes found during synchronizing extensions.
2025-02-16 12:43:25.633 [info] Sync done. Took 838ms
2025-02-16 12:43:43.004 [info] [AutoSync] Triggered by Activity
2025-02-16 12:43:43.005 [info] Sync started.
2025-02-16 12:43:43.026 [info] Settings: No changes found during synchronizing settings.
2025-02-16 12:43:43.030 [info] Keybindings: No changes found during synchronizing keybindings.
2025-02-16 12:43:43.034 [info] Snippets: No changes found during synchronizing snippets.
2025-02-16 12:43:43.037 [info] Tasks: No changes found during synchronizing tasks.
2025-02-16 12:43:43.284 [info] GlobalState: No changes found during synchronizing ui state.
2025-02-16 12:43:43.364 [info] Extensions: No changes found during synchronizing extensions.
2025-02-16 12:43:43.369 [info] Profiles: No changes found during synchronizing profiles.
2025-02-16 12:43:43.370 [info] Syncing profile. java
2025-02-16 12:43:43.385 [info] Settings (java): No changes found during synchronizing settings.
2025-02-16 12:43:43.387 [info] Keybindings (java): No changes found during synchronizing keybindings.
2025-02-16 12:43:43.389 [info] Snippets (java): No changes found during synchronizing snippets.
2025-02-16 12:43:43.392 [info] Tasks (java): No changes found during synchronizing tasks.
2025-02-16 12:43:43.395 [info] GlobalState (java): No changes found during synchronizing ui state.
2025-02-16 12:43:43.479 [info] Extensions (java): No changes found during synchronizing extensions.
2025-02-16 12:43:43.480 [info] Sync done. Took 695ms
2025-02-16 12:44:33.104 [info] [AutoSync] Triggered by Activity
2025-02-16 12:44:33.104 [info] Sync started.
2025-02-16 12:44:33.289 [info] Settings: No changes found during synchronizing settings.
2025-02-16 12:44:33.297 [info] Keybindings: No changes found during synchronizing keybindings.
2025-02-16 12:44:33.303 [info] Snippets: No changes found during synchronizing snippets.
2025-02-16 12:44:33.308 [info] Tasks: No changes found during synchronizing tasks.
2025-02-16 12:44:33.318 [info] GlobalState: No changes found during synchronizing ui state.
2025-02-16 12:44:33.431 [info] Extensions: No changes found during synchronizing extensions.
2025-02-16 12:44:33.434 [info] Profiles: No changes found during synchronizing profiles.
2025-02-16 12:44:33.435 [info] Syncing profile. java
2025-02-16 12:44:33.459 [info] Settings (java): No changes found during synchronizing settings.
2025-02-16 12:44:33.468 [info] Keybindings (java): No changes found during synchronizing keybindings.
2025-02-16 12:44:33.473 [info] Snippets (java): No changes found during synchronizing snippets.
2025-02-16 12:44:33.477 [info] Tasks (java): No changes found during synchronizing tasks.
2025-02-16 12:44:33.482 [info] GlobalState (java): No changes found during synchronizing ui state.
2025-02-16 12:44:33.595 [info] Extensions (java): No changes found during synchronizing extensions.
2025-02-16 12:44:33.598 [info] Sync done. Took 494ms
2025-02-16 12:45:01.203 [info] [AutoSync] Triggered by Activity
2025-02-16 12:45:01.203 [info] Sync started.
2025-02-16 12:45:01.399 [info] Settings: No changes found during synchronizing settings.
2025-02-16 12:45:01.410 [info] Keybindings: No changes found during synchronizing keybindings.
2025-02-16 12:45:01.416 [info] Snippets: No changes found during synchronizing snippets.
2025-02-16 12:45:01.420 [info] Tasks: No changes found during synchronizing tasks.
2025-02-16 12:45:01.428 [info] GlobalState: No changes found during synchronizing ui state.
2025-02-16 12:45:01.540 [info] Extensions: No changes found during synchronizing extensions.
2025-02-16 12:45:01.543 [info] Profiles: No changes found during synchronizing profiles.
2025-02-16 12:45:01.544 [info] Syncing profile. java
2025-02-16 12:45:01.561 [info] Settings (java): No changes found during synchronizing settings.
2025-02-16 12:45:01.564 [info] Keybindings (java): No changes found during synchronizing keybindings.
2025-02-16 12:45:01.565 [info] Snippets (java): No changes found during synchronizing snippets.
2025-02-16 12:45:01.569 [info] Tasks (java): No changes found during synchronizing tasks.
2025-02-16 12:45:01.573 [info] GlobalState (java): No changes found during synchronizing ui state.
2025-02-16 12:45:01.690 [info] Extensions (java): No changes found during synchronizing extensions.
2025-02-16 12:45:01.691 [info] Sync done. Took 490ms
2025-02-16 12:45:12.809 [info] [AutoSync] Triggered by Activity
2025-02-16 12:45:12.810 [info] Sync started.
2025-02-16 12:45:12.990 [info] Settings: No changes found during synchronizing settings.
2025-02-16 12:45:12.994 [info] Keybindings: No changes found during synchronizing keybindings.
2025-02-16 12:45:12.998 [info] Snippets: No changes found during synchronizing snippets.
2025-02-16 12:45:13.001 [info] Tasks: No changes found during synchronizing tasks.
2025-02-16 12:45:13.007 [info] GlobalState: No changes found during synchronizing ui state.
2025-02-16 12:45:13.086 [info] Extensions: No changes found during synchronizing extensions.
2025-02-16 12:45:13.088 [info] Profiles: No changes found during synchronizing profiles.
2025-02-16 12:45:13.089 [info] Syncing profile. java
2025-02-16 12:45:13.104 [info] Settings (java): No changes found during synchronizing settings.
2025-02-16 12:45:13.109 [info] Keybindings (java): No changes found during synchronizing keybindings.
2025-02-16 12:45:13.111 [info] Snippets (java): No changes found during synchronizing snippets.
2025-02-16 12:45:13.113 [info] Tasks (java): No changes found during synchronizing tasks.
2025-02-16 12:45:13.116 [info] GlobalState (java): No changes found during synchronizing ui state.
2025-02-16 12:45:13.225 [info] Extensions (java): No changes found during synchronizing extensions.
2025-02-16 12:45:13.226 [info] Sync done. Took 418ms
2025-02-16 12:45:23.172 [info] [AutoSync] Triggered by Activity
2025-02-16 12:45:23.172 [info] Sync started.
2025-02-16 12:45:23.352 [info] Settings: No changes found during synchronizing settings.
2025-02-16 12:45:23.355 [info] Keybindings: No changes found during synchronizing keybindings.
2025-02-16 12:45:23.358 [info] Snippets: No changes found during synchronizing snippets.
2025-02-16 12:45:23.360 [info] Tasks: No changes found during synchronizing tasks.
2025-02-16 12:45:23.366 [info] GlobalState: No changes found during synchronizing ui state.
2025-02-16 12:45:23.446 [info] Extensions: No changes found during synchronizing extensions.
2025-02-16 12:45:23.447 [info] Profiles: No changes found during synchronizing profiles.
2025-02-16 12:45:23.448 [info] Syncing profile. java
2025-02-16 12:45:23.464 [info] Settings (java): No changes found during synchronizing settings.
2025-02-16 12:45:23.467 [info] Keybindings (java): No changes found during synchronizing keybindings.
2025-02-16 12:45:23.470 [info] Snippets (java): No changes found during synchronizing snippets.
2025-02-16 12:45:23.473 [info] Tasks (java): No changes found during synchronizing tasks.
2025-02-16 12:45:23.477 [info] GlobalState (java): No changes found during synchronizing ui state.
2025-02-16 12:45:23.552 [info] Extensions (java): No changes found during synchronizing extensions.
2025-02-16 12:45:23.553 [info] Sync done. Took 381ms
2025-02-16 12:45:39.804 [info] [AutoSync] Triggered by Activity
2025-02-16 12:45:39.804 [info] Sync started.
2025-02-16 12:45:39.978 [info] Settings: No changes found during synchronizing settings.
2025-02-16 12:45:39.980 [info] Keybindings: No changes found during synchronizing keybindings.
2025-02-16 12:45:39.983 [info] Snippets: No changes found during synchronizing snippets.
2025-02-16 12:45:39.985 [info] Tasks: No changes found during synchronizing tasks.
2025-02-16 12:45:39.990 [info] GlobalState: No changes found during synchronizing ui state.
2025-02-16 12:45:40.059 [info] Extensions: No changes found during synchronizing extensions.
2025-02-16 12:45:40.060 [info] Profiles: No changes found during synchronizing profiles.
2025-02-16 12:45:40.061 [info] Syncing profile. java
2025-02-16 12:45:40.077 [info] Settings (java): No changes found during synchronizing settings.
2025-02-16 12:45:40.079 [info] Keybindings (java): No changes found during synchronizing keybindings.
2025-02-16 12:45:40.081 [info] Snippets (java): No changes found during synchronizing snippets.
2025-02-16 12:45:40.082 [info] Tasks (java): No changes found during synchronizing tasks.
2025-02-16 12:45:40.086 [info] GlobalState (java): No changes found during synchronizing ui state.
2025-02-16 12:45:40.173 [info] Extensions (java): No changes found during synchronizing extensions.
2025-02-16 12:45:40.174 [info] Sync done. Took 370ms
2025-02-16 12:46:48.217 [info] [AutoSync] Triggered by Activity
2025-02-16 12:46:48.236 [info] Sync started.
