2025-02-18 15:04:20.732 [info] Name: isort
2025-02-18 15:04:20.732 [info] Module: isort
2025-02-18 15:04:20.732 [info] Python extension loading
2025-02-18 15:04:20.732 [info] Waiting for interpreter from python extension.
2025-02-18 15:04:20.837 [info] No interpreter found from setting isort.interpreter
2025-02-18 15:04:20.837 [info] Getting interpreter from ms-python.python extension for workspace /home/gustavo/.config/waybar
2025-02-18 15:04:20.837 [info] Python extension loaded
2025-02-18 15:04:20.849 [info] Interpreter from ms-python.python extension for /home/gustavo/.config/waybar: /bin/python
2025-02-18 15:04:20.875 [info] No interpreter found from setting isort.interpreter
2025-02-18 15:04:20.875 [info] Getting interpreter from ms-python.python extension for workspace /home/gustavo/.config/waybar
2025-02-18 15:04:20.904 [info] Interpreter from ms-python.python extension for /home/gustavo/.config/waybar: /bin/python
2025-02-18 15:04:20.956 [info] Server run command: /bin/python /home/gustavo/.vscode/extensions/ms-python.isort-2023.10.1/bundled/tool/lsp_server.py
2025-02-18 15:04:20.959 [info] Server: Start requested.
2025-02-18 15:04:22.235 [info] CWD Server: /home/gustavo/.config/waybar
2025-02-18 15:04:22.236 [info] sys.path used to run Server:
   /home/gustavo/.vscode/extensions/ms-python.isort-2023.10.1/bundled/libs
   /home/gustavo/.vscode/extensions/ms-python.isort-2023.10.1/bundled/tool
   /usr/lib/python313.zip
   /usr/lib/python3.13
   /usr/lib/python3.13/lib-dynload
   /usr/lib/python3.13/site-packages
2025-02-18 15:04:22.236 [info] Settings used to run Server:
[
    {
        "check": false,
        "cwd": "/home/gustavo/.config/waybar",
        "workspace": "file:///home/gustavo/.config/waybar",
        "args": [
            "--profile",
            "black"
        ],
        "path": [],
        "severity": {
            "W": "Warning",
            "E": "Hint"
        },
        "interpreter": [
            "/bin/python"
        ],
        "importStrategy": "useBundled",
        "showNotifications": "off"
    }
]

2025-02-18 15:04:22.236 [info] Global settings:
{
    "check": false,
    "cwd": "/home/gustavo/.config/waybar",
    "workspace": "/home/gustavo/.config/waybar",
    "args": [
        "--profile",
        "black"
    ],
    "path": [],
    "severity": {
        "W": "Warning",
        "E": "Hint"
    },
    "interpreter": [],
    "importStrategy": "useBundled",
    "showNotifications": "off"
}

2025-02-18 15:04:22.240 [info] /bin/python -m isort --version-number
2025-02-18 15:04:22.240 [info] CWD Linter: /home/gustavo/.config/waybar
2025-02-18 15:04:22.245 [info] Version info for isort running for /home/gustavo/.config/waybar:
5.11.5

2025-02-18 15:04:22.245 [info] SUPPORTED isort>=5.10.1
FOUND isort==5.11.5

2025-02-18 15:04:22.269 [info] [Trace - 15:04:22] Sending request 'textDocument/codeAction - (1)'.
2025-02-18 15:04:22.277 [info] [Trace - 15:04:22] Received notification 'textDocument/publishDiagnostics'.
2025-02-18 15:04:22.286 [info] [Trace - 15:04:22] Received response 'textDocument/codeAction - (1)' in 17ms.
2025-02-18 15:04:23.788 [info] [Trace - 15:04:23] Sending notification 'textDocument/didChange'.
2025-02-18 15:04:24.041 [info] [Trace - 15:04:24] Sending request 'textDocument/codeAction - (2)'.
2025-02-18 15:04:24.043 [info] [Trace - 15:04:24] Received response 'textDocument/codeAction - (2)' in 2ms.
2025-02-18 15:04:24.103 [info] [Trace - 15:04:24] Sending notification 'textDocument/didChange'.
2025-02-18 15:04:25.117 [info] [Trace - 15:04:25] Sending notification 'textDocument/didSave'.
2025-02-18 15:04:25.120 [info] [Trace - 15:04:25] Received notification 'textDocument/publishDiagnostics'.
2025-02-18 15:04:32.825 [info] [Trace - 15:04:32] Sending request 'textDocument/codeAction - (3)'.
2025-02-18 15:04:32.827 [info] [Trace - 15:04:32] Received response 'textDocument/codeAction - (3)' in 2ms.
2025-02-18 15:04:41.172 [info] [Trace - 15:04:41] Sending request 'textDocument/codeAction - (4)'.
2025-02-18 15:04:41.173 [info] [Trace - 15:04:41] Received response 'textDocument/codeAction - (4)' in 1ms.
2025-02-18 15:05:01.406 [info] [Trace - 15:05:01] Sending request 'textDocument/codeAction - (5)'.
2025-02-18 15:05:01.432 [info] [Trace - 15:05:01] Received response 'textDocument/codeAction - (5)' in 26ms.
2025-02-18 15:05:10.325 [info] [Trace - 15:05:10] Sending request 'textDocument/codeAction - (6)'.
2025-02-18 15:05:10.350 [info] [Trace - 15:05:10] Received response 'textDocument/codeAction - (6)' in 24ms.
2025-02-18 15:05:16.642 [info] [Trace - 15:05:16] Sending notification 'textDocument/didClose'.
2025-02-18 15:05:16.645 [info] [Trace - 15:05:16] Received notification 'textDocument/publishDiagnostics'.
2025-02-18 15:05:16.719 [info] [Trace - 15:05:16] Sending notification 'textDocument/didOpen'.
2025-02-18 15:05:16.722 [info] [Trace - 15:05:16] Received notification 'textDocument/publishDiagnostics'.
2025-02-18 15:05:16.725 [info] [Trace - 15:05:16] Sending request 'textDocument/codeAction - (7)'.
2025-02-18 15:05:16.760 [info] [Trace - 15:05:16] Received response 'textDocument/codeAction - (7)' in 35ms.
2025-02-18 15:05:23.810 [info] [Trace - 15:05:23] Sending request 'textDocument/codeAction - (8)'.
2025-02-18 15:05:23.836 [info] [Trace - 15:05:23] Received response 'textDocument/codeAction - (8)' in 26ms.
2025-02-18 15:14:46.822 [info] [Trace - 15:14:46] Sending request 'textDocument/codeAction - (9)'.
2025-02-18 15:14:46.844 [info] [Trace - 15:14:46] Received response 'textDocument/codeAction - (9)' in 22ms.
2025-02-18 15:15:21.680 [info] [Trace - 15:15:21] Sending request 'textDocument/codeAction - (10)'.
2025-02-18 15:15:21.707 [info] [Trace - 15:15:21] Received response 'textDocument/codeAction - (10)' in 27ms.
2025-02-18 15:15:34.319 [info] [Trace - 15:15:34] Sending notification 'textDocument/didOpen'.
2025-02-18 15:15:34.321 [info] [Trace - 15:15:34] Received notification 'textDocument/publishDiagnostics'.
2025-02-18 15:15:34.325 [info] [Trace - 15:15:34] Sending request 'textDocument/codeAction - (11)'.
2025-02-18 15:15:34.347 [info] [Trace - 15:15:34] Received response 'textDocument/codeAction - (11)' in 22ms.
2025-02-18 15:15:34.885 [info] [Trace - 15:15:34] Sending request 'textDocument/codeAction - (12)'.
2025-02-18 15:15:34.887 [info] [Trace - 15:15:34] Received response 'textDocument/codeAction - (12)' in 2ms.
2025-02-18 15:15:37.669 [info] [Trace - 15:15:37] Sending notification 'textDocument/didClose'.
2025-02-18 15:15:37.671 [info] [Trace - 15:15:37] Received notification 'textDocument/publishDiagnostics'.
2025-02-18 15:15:37.680 [info] [Trace - 15:15:37] Sending request 'textDocument/codeAction - (13)'.
2025-02-18 15:15:37.704 [info] [Trace - 15:15:37] Received response 'textDocument/codeAction - (13)' in 24ms.
2025-02-18 15:15:37.937 [info] [Trace - 15:15:37] Sending request 'textDocument/codeAction - (14)'.
2025-02-18 15:15:37.948 [info] [Trace - 15:15:37] Received response 'textDocument/codeAction - (14)' in 11ms.
2025-02-18 15:15:38.898 [info] [Trace - 15:15:38] Sending request 'textDocument/codeAction - (15)'.
2025-02-18 15:15:38.902 [info] [Trace - 15:15:38] Received response 'textDocument/codeAction - (15)' in 4ms.
2025-02-18 15:15:40.147 [info] [Trace - 15:15:40] Sending request 'textDocument/codeAction - (16)'.
2025-02-18 15:15:40.151 [info] [Trace - 15:15:40] Received response 'textDocument/codeAction - (16)' in 4ms.
2025-02-18 15:15:41.193 [info] [Trace - 15:15:41] Sending notification 'textDocument/didOpen'.
2025-02-18 15:15:41.196 [info] [Trace - 15:15:41] Sending notification 'textDocument/didClose'.
2025-02-18 15:15:41.198 [info] [Trace - 15:15:41] Received notification 'textDocument/publishDiagnostics'.
2025-02-18 15:15:41.199 [info] [Trace - 15:15:41] Received notification 'textDocument/publishDiagnostics'.
2025-02-18 15:15:41.727 [info] [Trace - 15:15:41] Sending notification 'textDocument/didOpen'.
2025-02-18 15:15:41.729 [info] [Trace - 15:15:41] Received notification 'textDocument/publishDiagnostics'.
2025-02-18 15:15:41.732 [info] [Trace - 15:15:41] Sending request 'textDocument/codeAction - (17)'.
2025-02-18 15:15:41.754 [info] [Trace - 15:15:41] Received response 'textDocument/codeAction - (17)' in 22ms.
2025-02-18 15:15:44.836 [info] [Trace - 15:15:44] Sending notification 'textDocument/didClose'.
2025-02-18 15:15:44.837 [info] [Trace - 15:15:44] Received notification 'textDocument/publishDiagnostics'.
2025-02-18 15:15:44.843 [info] [Trace - 15:15:44] Sending request 'textDocument/codeAction - (18)'.
2025-02-18 15:15:44.868 [info] [Trace - 15:15:44] Received response 'textDocument/codeAction - (18)' in 25ms.
2025-02-18 15:15:45.102 [info] [Trace - 15:15:45] Sending request 'textDocument/codeAction - (19)'.
2025-02-18 15:15:45.112 [info] [Trace - 15:15:45] Received response 'textDocument/codeAction - (19)' in 10ms.
2025-02-18 15:15:46.272 [info] [Trace - 15:15:46] Sending request 'textDocument/codeAction - (20)'.
2025-02-18 15:15:46.276 [info] [Trace - 15:15:46] Received response 'textDocument/codeAction - (20)' in 5ms.
2025-02-18 15:15:48.167 [info] [Trace - 15:15:48] Sending request 'textDocument/codeAction - (21)'.
2025-02-18 15:15:48.171 [info] [Trace - 15:15:48] Received response 'textDocument/codeAction - (21)' in 5ms.
2025-02-18 15:17:59.450 [info] [Trace - 15:17:59] Sending request 'textDocument/codeAction - (22)'.
2025-02-18 15:17:59.479 [info] [Trace - 15:17:59] Received response 'textDocument/codeAction - (22)' in 29ms.
2025-02-18 15:17:59.708 [info] [Trace - 15:17:59] Sending request 'textDocument/codeAction - (23)'.
2025-02-18 15:17:59.710 [info] [Trace - 15:17:59] Received response 'textDocument/codeAction - (23)' in 2ms.
2025-02-18 15:25:33.836 [info] [Trace - 15:25:33] Sending request 'textDocument/codeAction - (24)'.
2025-02-18 15:25:33.861 [info] [Trace - 15:25:33] Received response 'textDocument/codeAction - (24)' in 25ms.
2025-02-18 15:25:34.093 [info] [Trace - 15:25:34] Sending request 'textDocument/codeAction - (25)'.
2025-02-18 15:25:34.095 [info] [Trace - 15:25:34] Received response 'textDocument/codeAction - (25)' in 2ms.
2025-02-18 15:25:42.169 [info] [Trace - 15:25:42] Sending request 'textDocument/codeAction - (26)'.
2025-02-18 15:25:42.172 [info] [Trace - 15:25:42] Received response 'textDocument/codeAction - (26)' in 3ms.
2025-02-18 15:25:42.975 [info] [Trace - 15:25:42] Sending request 'textDocument/codeAction - (27)'.
2025-02-18 15:25:42.978 [info] [Trace - 15:25:42] Received response 'textDocument/codeAction - (27)' in 2ms.
