2025-02-16 12:34:24.278 [info] Reading sessions from keychain...
2025-02-16 12:34:24.278 [info] Getting sessions for all scopes...
2025-02-16 12:34:24.278 [info] Getting sessions for all scopes...
2025-02-16 12:34:24.278 [info] Getting sessions for all scopes...
2025-02-16 12:34:24.278 [info] Getting sessions for all scopes...
2025-02-16 12:34:24.278 [info] Getting sessions for all scopes...
2025-02-16 12:34:24.278 [info] Getting sessions for all scopes...
2025-02-16 12:34:24.278 [info] Getting sessions for all scopes...
2025-02-16 12:34:24.330 [info] Got stored sessions!
2025-02-16 12:34:24.330 [info] Got 1 verified sessions.
2025-02-16 12:34:24.330 [info] Got 1 sessions for ...
2025-02-16 12:34:24.330 [info] Got 1 sessions for ...
2025-02-16 12:34:24.330 [info] Got 1 sessions for ...
2025-02-16 12:34:24.330 [info] Got 1 sessions for ...
2025-02-16 12:34:24.330 [info] Got 1 sessions for ...
2025-02-16 12:34:24.330 [info] Got 1 sessions for ...
2025-02-16 12:34:24.330 [info] Got 1 sessions for ...
2025-02-16 12:34:24.703 [info] Getting sessions for all scopes...
2025-02-16 12:34:24.703 [info] Got 1 sessions for ...
2025-02-16 12:34:24.869 [info] Getting sessions for user:email...
2025-02-16 12:34:24.870 [info] Got 1 sessions for user:email...
2025-02-16 12:34:27.471 [info] Getting sessions for all scopes...
2025-02-16 12:34:27.471 [info] Got 1 sessions for ...
2025-02-16 12:34:29.087 [info] Getting sessions for read:user,repo,user:email,workflow...
2025-02-16 12:34:29.087 [info] Got 0 sessions for read:user,repo,user:email,workflow...
2025-02-16 12:34:29.116 [info] Getting sessions for all scopes...
2025-02-16 12:34:29.116 [info] Got 1 sessions for ...
2025-02-16 12:34:29.116 [info] Getting sessions for all scopes...
2025-02-16 12:34:29.116 [info] Got 1 sessions for ...
2025-02-16 12:34:29.155 [info] Getting sessions for read:user...
2025-02-16 12:34:29.155 [info] Got 0 sessions for read:user...
2025-02-16 12:34:29.156 [info] Getting sessions for read:user,repo,user:email,workflow...
2025-02-16 12:34:29.156 [info] Got 0 sessions for read:user,repo,user:email,workflow...
2025-02-16 12:34:29.159 [info] Getting sessions for user:email...
2025-02-16 12:34:29.159 [info] Got 1 sessions for user:email...
2025-02-16 12:34:29.159 [info] Getting sessions for user:email...
2025-02-16 12:34:29.159 [info] Got 1 sessions for user:email...
2025-02-16 12:34:29.168 [info] Getting sessions for all scopes...
2025-02-16 12:34:29.168 [info] Got 1 sessions for ...
2025-02-16 12:34:29.171 [info] Getting sessions for read:user,repo,user:email,workflow...
2025-02-16 12:34:29.171 [info] Got 0 sessions for read:user,repo,user:email,workflow...
2025-02-16 12:34:31.222 [info] Getting sessions for user:email...
2025-02-16 12:34:31.222 [info] Got 1 sessions for user:email...
2025-02-16 12:34:31.278 [info] Getting sessions for all scopes...
2025-02-16 12:34:31.278 [info] Got 1 sessions for ...
2025-02-16 12:34:31.280 [info] Getting sessions for read:user,repo,user:email,workflow...
2025-02-16 12:34:31.280 [info] Got 0 sessions for read:user,repo,user:email,workflow...
2025-02-16 12:34:31.281 [info] Getting sessions for user:email...
2025-02-16 12:34:31.281 [info] Got 1 sessions for user:email...
2025-02-16 12:34:31.730 [info] Getting sessions for all scopes...
2025-02-16 12:34:31.730 [info] Got 1 sessions for ...
2025-02-16 12:34:31.732 [info] Getting sessions for read:user,repo,user:email,workflow...
2025-02-16 12:34:31.732 [info] Got 0 sessions for read:user,repo,user:email,workflow...
2025-02-16 12:34:31.734 [info] Getting sessions for user:email...
2025-02-16 12:34:31.734 [info] Got 1 sessions for user:email...
2025-02-16 12:34:31.940 [info] Getting sessions for all scopes...
2025-02-16 12:34:31.940 [info] Got 1 sessions for ...
2025-02-16 12:34:31.940 [info] Getting sessions for all scopes...
2025-02-16 12:34:31.940 [info] Got 1 sessions for ...
2025-02-16 12:34:31.941 [info] Getting sessions for read:user,repo,user:email,workflow...
2025-02-16 12:34:31.941 [info] Got 0 sessions for read:user,repo,user:email,workflow...
2025-02-16 12:34:31.942 [info] Getting sessions for user:email...
2025-02-16 12:34:31.942 [info] Got 1 sessions for user:email...
2025-02-16 12:34:31.945 [info] Getting sessions for all scopes...
2025-02-16 12:34:31.945 [info] Got 1 sessions for ...
2025-02-16 12:34:31.946 [info] Getting sessions for read:user,repo,user:email,workflow...
2025-02-16 12:34:31.946 [info] Got 0 sessions for read:user,repo,user:email,workflow...
2025-02-16 12:34:31.947 [info] Getting sessions for user:email...
2025-02-16 12:34:31.947 [info] Got 1 sessions for user:email...
2025-02-16 12:34:32.062 [info] Getting sessions for all scopes...
2025-02-16 12:34:32.062 [info] Got 1 sessions for ...
2025-02-16 12:34:32.073 [info] Getting sessions for read:user,repo,user:email,workflow...
2025-02-16 12:34:32.073 [info] Got 0 sessions for read:user,repo,user:email,workflow...
2025-02-16 12:34:32.074 [info] Getting sessions for user:email...
2025-02-16 12:34:32.074 [info] Got 1 sessions for user:email...
2025-02-16 12:34:32.970 [info] Getting sessions for all scopes...
2025-02-16 12:34:32.970 [info] Got 1 sessions for ...
2025-02-16 12:34:32.972 [info] Getting sessions for read:user,repo,user:email,workflow...
2025-02-16 12:34:32.972 [info] Got 0 sessions for read:user,repo,user:email,workflow...
2025-02-16 12:34:32.973 [info] Getting sessions for user:email...
2025-02-16 12:34:32.973 [info] Got 1 sessions for user:email...
